INFO Watching for file changes with StatReloader
INFO [GET] method: 2021-01-10 13:49:18 ,ip: 127.0.0.1,	path: /,	user_id: 2,	sesion_id: 4zyranpr7pptjrakb7zjjk7o07c0sv22	
INFO "GET / HTTP/1.1" 200 179922
INFO "GET /static/dist/css/ionicons.css HTTP/1.1" 200 51293
INFO "GET /static/plugins/select2/css/select2.min.css HTTP/1.1" 200 14966
INFO "GET /static/dist/css/adminlte.min.css HTTP/1.1" 200 689621
INFO "GET /static/plugins/fontawesome-free/css/all.min.css HTTP/1.1" 200 58578
INFO "GET /static/plugins/jquery/jquery.min.js HTTP/1.1" 200 88145
INFO "GET /static/plugins/select2-bootstrap4-theme/select2-bootstrap4.min.css HTTP/1.1" 200 5158
INFO "GET /static/plugins/daterangepicker/daterangepicker.css HTTP/1.1" 200 8063
INFO "GET /static/dist/img/AdminLTELogo.png HTTP/1.1" 200 10380
INFO "GET /static/plugins/fontawesome-free/webfonts/fa-solid-900.woff2 HTTP/1.1" 200 79444
INFO "GET /static/plugins/select2/js/select2.full.min.js HTTP/1.1" 200 79172
INFO "GET /static/plugins/chart.js/Chart.min.js HTTP/1.1" 200 172812
INFO "GET /static/plugins/moment/moment.min.js HTTP/1.1" 200 53324
INFO "GET /static/plugins/inputmask/min/jquery.inputmask.bundle.min.js HTTP/1.1" 200 118400
INFO "GET /static/plugins/daterangepicker/daterangepicker.js HTTP/1.1" 200 67268
INFO "GET /static/dist/js/adminlte.min.js HTTP/1.1" 200 25193
INFO [GET] method: 2021-01-10 13:49:20 ,ip: 127.0.0.1,	path: /media/profile_pic/DSC_0487.JPG,	user_id: 2,	sesion_id: 4zyranpr7pptjrakb7zjjk7o07c0sv22	
INFO "GET /media/profile_pic/DSC_0487.JPG HTTP/1.1" 200 4672255
INFO "GET /static/plugins/bootstrap/js/bootstrap.bundle.min.js HTTP/1.1" 200 80698
INFO [GET] method: 2021-01-10 13:49:20 ,ip: 127.0.0.1,	path: /financial/get_report_data/,	user_id: 2,	sesion_id: 4zyranpr7pptjrakb7zjjk7o07c0sv22	
INFO "GET /financial/get_report_data/?period=30&m_name=Account&field=name HTTP/1.1" 200 472
INFO [GET] method: 2021-01-10 13:49:20 ,ip: 127.0.0.1,	path: /favicon.ico,	user_id: 2,	sesion_id: 4zyranpr7pptjrakb7zjjk7o07c0sv22	
WARNING Not Found: /favicon.ico
WARNING "GET /favicon.ico HTTP/1.1" 404 5391
INFO [GET] method: 2021-01-10 13:49:25 ,ip: 127.0.0.1,	path: /code_to_database/,	user_id: 2,	sesion_id: 4zyranpr7pptjrakb7zjjk7o07c0sv22	
WARNING Not Found: /code_to_database/
WARNING "GET /code_to_database/ HTTP/1.1" 404 5409
INFO [GET] method: 2021-01-10 13:49:34 ,ip: 127.0.0.1,	path: /list/PathLM/,	user_id: 2,	sesion_id: 4zyranpr7pptjrakb7zjjk7o07c0sv22	
INFO "GET /list/PathLM/ HTTP/1.1" 200 60671
INFO [GET] method: 2021-01-10 13:49:38 ,ip: 127.0.0.1,	path: /detail/PathLM/9/,	user_id: 2,	sesion_id: 4zyranpr7pptjrakb7zjjk7o07c0sv22	
INFO "GET /detail/PathLM/9/ HTTP/1.1" 200 36525
INFO [GET] method: 2021-01-10 13:49:39 ,ip: 127.0.0.1,	path: /update/PathLM/9/,	user_id: 2,	sesion_id: 4zyranpr7pptjrakb7zjjk7o07c0sv22	
INFO "GET /update/PathLM/9/ HTTP/1.1" 200 34927
INFO "GET /static/plugins/tempusdominus-bootstrap-4/js/tempusdominus-bootstrap-4.min.js HTTP/1.1" 200 56879
INFO "GET /static/plugins/tempusdominus-bootstrap-4/css/tempusdominus-bootstrap-4.min.css HTTP/1.1" 200 9063
INFO [GET] method: 2021-01-10 13:49:44 ,ip: 127.0.0.1,	path: /list/PathLM/,	user_id: 2,	sesion_id: 4zyranpr7pptjrakb7zjjk7o07c0sv22	
INFO "GET /list/PathLM/ HTTP/1.1" 200 60671
INFO [POST] method: 2021-01-10 13:50:06 ,ip: 127.0.0.1,	path: /update/PathLM/9/,	user_id: 2,	sesion_id: 4zyranpr7pptjrakb7zjjk7o07c0sv22	
ERROR Internal Server Error: /update/PathLM/9/
Traceback (most recent call last):
  File "D:\Talha\Masaüstü\Masaüstü\Kodlama\venv\lib\site-packages\django\core\handlers\exception.py", line 47, in inner
    response = get_response(request)
  File "D:\Talha\Masaüstü\Masaüstü\Kodlama\venv\lib\site-packages\django\core\handlers\base.py", line 179, in _get_response
    response = wrapped_callback(request, *callback_args, **callback_kwargs)
  File "D:\Talha\Masaüstü\Masaüstü\Kodlama\venv\lib\site-packages\django\views\generic\base.py", line 70, in view
    return self.dispatch(request, *args, **kwargs)
  File "D:\Talha\Masaüstü\Masaüstü\Kodlama\venv\lib\site-packages\django\views\generic\base.py", line 98, in dispatch
    return handler(request, *args, **kwargs)
  File "D:\Talha\Masaüstü\Masaüstü\Kodlama\venv\lib\site-packages\django\views\generic\edit.py", line 194, in post
    return super().post(request, *args, **kwargs)
  File "D:\Talha\Masaüstü\Masaüstü\Kodlama\venv\lib\site-packages\django\views\generic\edit.py", line 142, in post
    return self.form_valid(form)
  File "D:\Talha\Masaüstü\Masaüstü\Kodlama\myERP\myERP\views.py", line 152, in form_valid
    return super().form_valid(form)
  File "D:\Talha\Masaüstü\Masaüstü\Kodlama\venv\lib\site-packages\django\views\generic\edit.py", line 126, in form_valid
    return super().form_valid(form)
  File "D:\Talha\Masaüstü\Masaüstü\Kodlama\venv\lib\site-packages\django\views\generic\edit.py", line 57, in form_valid
    return HttpResponseRedirect(self.get_success_url())
  File "D:\Talha\Masaüstü\Masaüstü\Kodlama\venv\lib\site-packages\django\http\response.py", line 465, in __init__
    self['Location'] = iri_to_uri(redirect_to)
  File "D:\Talha\Masaüstü\Masaüstü\Kodlama\venv\lib\site-packages\django\utils\encoding.py", line 147, in iri_to_uri
    return quote(iri, safe="/#%[]=:;$&()+,!?*@'~")
  File "C:\Python\lib\urllib\parse.py", line 839, in quote
    return quote_from_bytes(string, safe)
  File "C:\Python\lib\urllib\parse.py", line 864, in quote_from_bytes
    raise TypeError("quote_from_bytes() expected bytes")
TypeError: quote_from_bytes() expected bytes
ERROR "POST /update/PathLM/9/ HTTP/1.1" 500 112764
INFO [GET] method: 2021-01-10 13:50:40 ,ip: 127.0.0.1,	path: /,	user_id: 2,	sesion_id: 4zyranpr7pptjrakb7zjjk7o07c0sv22	
INFO "GET / HTTP/1.1" 200 179927
INFO [GET] method: 2021-01-10 13:50:41 ,ip: 127.0.0.1,	path: /financial/get_report_data/,	user_id: 2,	sesion_id: 4zyranpr7pptjrakb7zjjk7o07c0sv22	
INFO "GET /financial/get_report_data/?period=30&m_name=Account&field=name HTTP/1.1" 200 472
INFO [GET] method: 2021-01-10 13:50:45 ,ip: 127.0.0.1,	path: /main/code_to_database/,	user_id: 2,	sesion_id: 4zyranpr7pptjrakb7zjjk7o07c0sv22	
ERROR Internal Server Error: /main/code_to_database/
Traceback (most recent call last):
  File "D:\Talha\Masaüstü\Masaüstü\Kodlama\venv\lib\site-packages\django\core\handlers\exception.py", line 47, in inner
    response = get_response(request)
  File "D:\Talha\Masaüstü\Masaüstü\Kodlama\venv\lib\site-packages\django\core\handlers\base.py", line 179, in _get_response
    response = wrapped_callback(request, *callback_args, **callback_kwargs)
  File "D:\Talha\Masaüstü\Masaüstü\Kodlama\myERP\main\views.py", line 11, in code_to_database
    cte.get_file_path_data(os.getcwd())
  File "D:\Talha\Masaüstü\Masaüstü\Kodlama\myERP\functions\excel_config\code_to_excel.py", line 23, in get_file_path_data
    non_panel_list=[panel.name for panel in PanelLM.objects.extract(type="panel")]
AttributeError: 'Manager' object has no attribute 'extract'
ERROR "GET /main/code_to_database/ HTTP/1.1" 500 70226
INFO Watching for file changes with StatReloader
INFO [GET] method: 2021-01-10 13:51:53 ,ip: 127.0.0.1,	path: /main/code_to_database/,	user_id: 2,	sesion_id: 4zyranpr7pptjrakb7zjjk7o07c0sv22	
ERROR Internal Server Error: /main/code_to_database/
Traceback (most recent call last):
  File "D:\Talha\Masaüstü\Masaüstü\Kodlama\venv\lib\site-packages\django\core\handlers\exception.py", line 47, in inner
    response = get_response(request)
  File "D:\Talha\Masaüstü\Masaüstü\Kodlama\venv\lib\site-packages\django\core\handlers\base.py", line 179, in _get_response
    response = wrapped_callback(request, *callback_args, **callback_kwargs)
  File "D:\Talha\Masaüstü\Masaüstü\Kodlama\myERP\main\views.py", line 11, in code_to_database
    cte.get_file_path_data(os.getcwd())
  File "D:\Talha\Masaüstü\Masaüstü\Kodlama\myERP\functions\excel_config\code_to_excel.py", line 24, in get_file_path_data
    non_panel_list=[panel.name for panel in PanelLM.objects.extract(type="panel")]
AttributeError: 'Manager' object has no attribute 'extract'
ERROR "GET /main/code_to_database/ HTTP/1.1" 500 70353
INFO Watching for file changes with StatReloader
INFO [GET] method: 2021-01-10 13:52:15 ,ip: 127.0.0.1,	path: /main/code_to_database/,	user_id: 2,	sesion_id: 4zyranpr7pptjrakb7zjjk7o07c0sv22	
ERROR Internal Server Error: /main/code_to_database/
Traceback (most recent call last):
  File "D:\Talha\Masaüstü\Masaüstü\Kodlama\venv\lib\site-packages\django\core\handlers\exception.py", line 47, in inner
    response = get_response(request)
  File "D:\Talha\Masaüstü\Masaüstü\Kodlama\venv\lib\site-packages\django\core\handlers\base.py", line 179, in _get_response
    response = wrapped_callback(request, *callback_args, **callback_kwargs)
  File "D:\Talha\Masaüstü\Masaüstü\Kodlama\myERP\main\views.py", line 11, in code_to_database
    cte.get_file_path_data(os.getcwd())
  File "D:\Talha\Masaüstü\Masaüstü\Kodlama\myERP\functions\excel_config\code_to_excel.py", line 24, in get_file_path_data
    non_panel_list=[panel.name for panel in PanelLM.objects.all().extract(type="panel")]
AttributeError: 'QuerySet' object has no attribute 'extract'
ERROR "GET /main/code_to_database/ HTTP/1.1" 500 70369
INFO Watching for file changes with StatReloader
INFO Watching for file changes with StatReloader
INFO [GET] method: 2021-01-10 13:53:04 ,ip: 127.0.0.1,	path: /main/code_to_database/,	user_id: 2,	sesion_id: 4zyranpr7pptjrakb7zjjk7o07c0sv22	
ERROR Internal Server Error: /main/code_to_database/
Traceback (most recent call last):
  File "D:\Talha\Masaüstü\Masaüstü\Kodlama\venv\lib\site-packages\django\core\handlers\exception.py", line 47, in inner
    response = get_response(request)
  File "D:\Talha\Masaüstü\Masaüstü\Kodlama\venv\lib\site-packages\django\core\handlers\base.py", line 179, in _get_response
    response = wrapped_callback(request, *callback_args, **callback_kwargs)
  File "D:\Talha\Masaüstü\Masaüstü\Kodlama\myERP\main\views.py", line 12, in code_to_database
    return redirect("main")
  File "D:\Talha\Masaüstü\Masaüstü\Kodlama\venv\lib\site-packages\django\shortcuts.py", line 41, in redirect
    return redirect_class(resolve_url(to, *args, **kwargs))
  File "D:\Talha\Masaüstü\Masaüstü\Kodlama\venv\lib\site-packages\django\shortcuts.py", line 131, in resolve_url
    return reverse(to, args=args, kwargs=kwargs)
  File "D:\Talha\Masaüstü\Masaüstü\Kodlama\venv\lib\site-packages\django\urls\base.py", line 87, in reverse
    return iri_to_uri(resolver._reverse_with_prefix(view, prefix, *args, **kwargs))
  File "D:\Talha\Masaüstü\Masaüstü\Kodlama\venv\lib\site-packages\django\urls\resolvers.py", line 685, in _reverse_with_prefix
    raise NoReverseMatch(msg)
django.urls.exceptions.NoReverseMatch: Reverse for 'main' not found. 'main' is not a valid view function or pattern name.
ERROR "GET /main/code_to_database/ HTTP/1.1" 500 84623
INFO Watching for file changes with StatReloader
INFO Watching for file changes with StatReloader
INFO [GET] method: 2021-01-10 13:53:46 ,ip: 127.0.0.1,	path: /main/code_to_database/,	user_id: 2,	sesion_id: 4zyranpr7pptjrakb7zjjk7o07c0sv22	
INFO "GET /main/code_to_database/ HTTP/1.1" 302 0
INFO [GET] method: 2021-01-10 13:53:46 ,ip: 127.0.0.1,	path: /,	user_id: 2,	sesion_id: 4zyranpr7pptjrakb7zjjk7o07c0sv22	
INFO "GET / HTTP/1.1" 200 179927
INFO [GET] method: 2021-01-10 13:53:47 ,ip: 127.0.0.1,	path: /financial/get_report_data/,	user_id: 2,	sesion_id: 4zyranpr7pptjrakb7zjjk7o07c0sv22	
INFO "GET /financial/get_report_data/?period=30&m_name=Account&field=name HTTP/1.1" 200 472
INFO D:\Talha\Masaüstü\Masaüstü\Kodlama\myERP\functions\excel_config\code_to_excel.py changed, reloading.
INFO Watching for file changes with StatReloader
INFO D:\Talha\Masaüstü\Masaüstü\Kodlama\myERP\functions\excel_config\code_to_excel.py changed, reloading.
INFO Watching for file changes with StatReloader
INFO D:\Talha\Masaüstü\Masaüstü\Kodlama\myERP\functions\excel_config\code_to_excel.py changed, reloading.
INFO Watching for file changes with StatReloader
INFO D:\Talha\Masaüstü\Masaüstü\Kodlama\myERP\functions\excel_config\code_to_excel.py changed, reloading.
INFO Watching for file changes with StatReloader
INFO Watching for file changes with StatReloader
INFO Watching for file changes with StatReloader
ERROR Internal Server Error: /main/code_to_database/
Traceback (most recent call last):
  File "D:\Talha\Masaüstü\Masaüstü\Kodlama\venv\lib\site-packages\django\db\backends\utils.py", line 84, in _execute
    return self.cursor.execute(sql, params)
  File "D:\Talha\Masaüstü\Masaüstü\Kodlama\venv\lib\site-packages\django\db\backends\sqlite3\base.py", line 413, in execute
    return Database.Cursor.execute(self, query, params)
sqlite3.OperationalError: database is locked

The above exception was the direct cause of the following exception:

Traceback (most recent call last):
  File "D:\Talha\Masaüstü\Masaüstü\Kodlama\venv\lib\site-packages\django\core\handlers\exception.py", line 47, in inner
    response = get_response(request)
  File "D:\Talha\Masaüstü\Masaüstü\Kodlama\venv\lib\site-packages\django\utils\deprecation.py", line 113, in __call__
    response = self.process_request(request)
  File "D:\Talha\Masaüstü\Masaüstü\Kodlama\myERP\functions\logger.py", line 32, in process_request
    model.objects.create(date=date,time=time,ip=ip,action=method,web_address=path,user_name_id=user_id,session=session,csrftoken=csrftoken)
  File "D:\Talha\Masaüstü\Masaüstü\Kodlama\venv\lib\site-packages\django\db\models\manager.py", line 85, in manager_method
    return getattr(self.get_queryset(), name)(*args, **kwargs)
  File "D:\Talha\Masaüstü\Masaüstü\Kodlama\venv\lib\site-packages\django\db\models\query.py", line 447, in create
    obj.save(force_insert=True, using=self.db)
  File "D:\Talha\Masaüstü\Masaüstü\Kodlama\venv\lib\site-packages\django\db\models\base.py", line 753, in save
    self.save_base(using=using, force_insert=force_insert,
  File "D:\Talha\Masaüstü\Masaüstü\Kodlama\venv\lib\site-packages\django\db\models\base.py", line 790, in save_base
    updated = self._save_table(
  File "D:\Talha\Masaüstü\Masaüstü\Kodlama\venv\lib\site-packages\django\db\models\base.py", line 895, in _save_table
    results = self._do_insert(cls._base_manager, using, fields, returning_fields, raw)
  File "D:\Talha\Masaüstü\Masaüstü\Kodlama\venv\lib\site-packages\django\db\models\base.py", line 933, in _do_insert
    return manager._insert(
  File "D:\Talha\Masaüstü\Masaüstü\Kodlama\venv\lib\site-packages\django\db\models\manager.py", line 85, in manager_method
    return getattr(self.get_queryset(), name)(*args, **kwargs)
  File "D:\Talha\Masaüstü\Masaüstü\Kodlama\venv\lib\site-packages\django\db\models\query.py", line 1254, in _insert
    return query.get_compiler(using=using).execute_sql(returning_fields)
  File "D:\Talha\Masaüstü\Masaüstü\Kodlama\venv\lib\site-packages\django\db\models\sql\compiler.py", line 1397, in execute_sql
    cursor.execute(sql, params)
  File "D:\Talha\Masaüstü\Masaüstü\Kodlama\venv\lib\site-packages\django\db\backends\utils.py", line 98, in execute
    return super().execute(sql, params)
  File "D:\Talha\Masaüstü\Masaüstü\Kodlama\venv\lib\site-packages\django\db\backends\utils.py", line 66, in execute
    return self._execute_with_wrappers(sql, params, many=False, executor=self._execute)
  File "D:\Talha\Masaüstü\Masaüstü\Kodlama\venv\lib\site-packages\django\db\backends\utils.py", line 75, in _execute_with_wrappers
    return executor(sql, params, many, context)
  File "D:\Talha\Masaüstü\Masaüstü\Kodlama\venv\lib\site-packages\django\db\backends\utils.py", line 84, in _execute
    return self.cursor.execute(sql, params)
  File "D:\Talha\Masaüstü\Masaüstü\Kodlama\venv\lib\site-packages\django\db\utils.py", line 90, in __exit__
    raise dj_exc_value.with_traceback(traceback) from exc_value
  File "D:\Talha\Masaüstü\Masaüstü\Kodlama\venv\lib\site-packages\django\db\backends\utils.py", line 84, in _execute
    return self.cursor.execute(sql, params)
  File "D:\Talha\Masaüstü\Masaüstü\Kodlama\venv\lib\site-packages\django\db\backends\sqlite3\base.py", line 413, in execute
    return Database.Cursor.execute(self, query, params)
django.db.utils.OperationalError: database is locked
ERROR "GET /main/code_to_database/ HTTP/1.1" 500 167876
INFO Watching for file changes with StatReloader
INFO [GET] method: 2021-01-10 14:41:26 ,ip: 127.0.0.1,	path: /main/code_to_database/,	user_id: 2,	sesion_id: 4zyranpr7pptjrakb7zjjk7o07c0sv22	
ERROR Internal Server Error: /main/code_to_database/
Traceback (most recent call last):
  File "D:\Talha\Masaüstü\Masaüstü\Kodlama\venv\lib\site-packages\django\core\handlers\exception.py", line 47, in inner
    response = get_response(request)
  File "D:\Talha\Masaüstü\Masaüstü\Kodlama\venv\lib\site-packages\django\core\handlers\base.py", line 179, in _get_response
    response = wrapped_callback(request, *callback_args, **callback_kwargs)
  File "D:\Talha\Masaüstü\Masaüstü\Kodlama\myERP\main\views.py", line 10, in code_to_database
    cte.get_file_path_data(os.getcwd())
  File "D:\Talha\Masaüstü\Masaüstü\Kodlama\myERP\functions\excel_config\code_to_excel.py", line 30, in get_file_path_data
    if self.folder_check(folder_path):
  File "D:\Talha\Masaüstü\Masaüstü\Kodlama\myERP\functions\excel_config\code_to_excel.py", line 50, in folder_check
    PanelLM.objects.create(name=folder_name,type="panel",panel=folder_name)
  File "D:\Talha\Masaüstü\Masaüstü\Kodlama\venv\lib\site-packages\django\db\models\manager.py", line 85, in manager_method
    return getattr(self.get_queryset(), name)(*args, **kwargs)
  File "D:\Talha\Masaüstü\Masaüstü\Kodlama\venv\lib\site-packages\django\db\models\query.py", line 445, in create
    obj = self.model(**kwargs)
  File "D:\Talha\Masaüstü\Masaüstü\Kodlama\venv\lib\site-packages\django\db\models\base.py", line 501, in __init__
    raise TypeError("%s() got an unexpected keyword argument '%s'" % (cls.__name__, kwarg))
TypeError: PanelLM() got an unexpected keyword argument 'panel'
ERROR "GET /main/code_to_database/ HTTP/1.1" 500 91098
INFO Watching for file changes with StatReloader
INFO [GET] method: 2021-01-10 14:42:22 ,ip: 127.0.0.1,	path: /main/code_to_database/,	user_id: 2,	sesion_id: 4zyranpr7pptjrakb7zjjk7o07c0sv22	
INFO "GET /main/code_to_database/ HTTP/1.1" 302 0
INFO [GET] method: 2021-01-10 14:42:23 ,ip: 127.0.0.1,	path: /,	user_id: 2,	sesion_id: 4zyranpr7pptjrakb7zjjk7o07c0sv22	
INFO "GET / HTTP/1.1" 200 181677
INFO [GET] method: 2021-01-10 14:42:24 ,ip: 127.0.0.1,	path: /financial/get_report_data/,	user_id: 2,	sesion_id: 4zyranpr7pptjrakb7zjjk7o07c0sv22	
INFO "GET /financial/get_report_data/?period=30&m_name=Account&field=name HTTP/1.1" 200 472
INFO Watching for file changes with StatReloader
INFO Watching for file changes with StatReloader
INFO [GET] method: 2021-01-10 14:43:09 ,ip: 127.0.0.1,	path: /,	user_id: 2,	sesion_id: 4zyranpr7pptjrakb7zjjk7o07c0sv22	
INFO "GET / HTTP/1.1" 200 179927
INFO [GET] method: 2021-01-10 14:43:10 ,ip: 127.0.0.1,	path: /financial/get_report_data/,	user_id: 2,	sesion_id: 4zyranpr7pptjrakb7zjjk7o07c0sv22	
INFO "GET /financial/get_report_data/?period=30&m_name=Account&field=name HTTP/1.1" 200 472
INFO [GET] method: 2021-01-10 14:43:12 ,ip: 127.0.0.1,	path: /main/code_to_database/,	user_id: 2,	sesion_id: 4zyranpr7pptjrakb7zjjk7o07c0sv22	
INFO "GET /main/code_to_database/ HTTP/1.1" 302 0
INFO [GET] method: 2021-01-10 14:43:12 ,ip: 127.0.0.1,	path: /,	user_id: 2,	sesion_id: 4zyranpr7pptjrakb7zjjk7o07c0sv22	
INFO "GET / HTTP/1.1" 200 179927
INFO [GET] method: 2021-01-10 14:43:13 ,ip: 127.0.0.1,	path: /financial/get_report_data/,	user_id: 2,	sesion_id: 4zyranpr7pptjrakb7zjjk7o07c0sv22	
INFO "GET /financial/get_report_data/?period=30&m_name=Account&field=name HTTP/1.1" 200 472
INFO Watching for file changes with StatReloader
INFO [GET] method: 2021-01-10 14:50:19 ,ip: 127.0.0.1,	path: /main/code_to_database/,	user_id: 2,	sesion_id: 4zyranpr7pptjrakb7zjjk7o07c0sv22	
INFO "GET /main/code_to_database/ HTTP/1.1" 302 0
INFO [GET] method: 2021-01-10 14:50:19 ,ip: 127.0.0.1,	path: /,	user_id: 2,	sesion_id: 4zyranpr7pptjrakb7zjjk7o07c0sv22	
INFO "GET / HTTP/1.1" 200 179927
INFO [GET] method: 2021-01-10 14:50:20 ,ip: 127.0.0.1,	path: /financial/get_report_data/,	user_id: 2,	sesion_id: 4zyranpr7pptjrakb7zjjk7o07c0sv22	
INFO "GET /financial/get_report_data/?period=30&m_name=Account&field=name HTTP/1.1" 200 472
INFO Watching for file changes with StatReloader
INFO [GET] method: 2021-01-10 15:07:56 ,ip: 127.0.0.1,	path: /main/code_to_database/,	user_id: 2,	sesion_id: 4zyranpr7pptjrakb7zjjk7o07c0sv22	
INFO "GET /main/code_to_database/ HTTP/1.1" 302 0
INFO [GET] method: 2021-01-10 15:07:56 ,ip: 127.0.0.1,	path: /,	user_id: 2,	sesion_id: 4zyranpr7pptjrakb7zjjk7o07c0sv22	
INFO "GET / HTTP/1.1" 200 179927
INFO [GET] method: 2021-01-10 15:07:57 ,ip: 127.0.0.1,	path: /financial/get_report_data/,	user_id: 2,	sesion_id: 4zyranpr7pptjrakb7zjjk7o07c0sv22	
INFO "GET /financial/get_report_data/?period=30&m_name=Account&field=name HTTP/1.1" 200 472
INFO Watching for file changes with StatReloader
INFO [GET] method: 2021-01-10 15:10:03 ,ip: 127.0.0.1,	path: /main/code_to_database/,	user_id: 2,	sesion_id: 4zyranpr7pptjrakb7zjjk7o07c0sv22	
INFO "GET /main/code_to_database/ HTTP/1.1" 302 0
INFO [GET] method: 2021-01-10 15:10:03 ,ip: 127.0.0.1,	path: /,	user_id: 2,	sesion_id: 4zyranpr7pptjrakb7zjjk7o07c0sv22	
INFO "GET / HTTP/1.1" 200 179927
INFO [GET] method: 2021-01-10 15:10:04 ,ip: 127.0.0.1,	path: /financial/get_report_data/,	user_id: 2,	sesion_id: 4zyranpr7pptjrakb7zjjk7o07c0sv22	
INFO "GET /financial/get_report_data/?period=30&m_name=Account&field=name HTTP/1.1" 200 472
INFO Watching for file changes with StatReloader
INFO [GET] method: 2021-01-10 15:10:30 ,ip: 127.0.0.1,	path: /main/code_to_database/,	user_id: 2,	sesion_id: 4zyranpr7pptjrakb7zjjk7o07c0sv22	
INFO "GET /main/code_to_database/ HTTP/1.1" 302 0
INFO [GET] method: 2021-01-10 15:10:30 ,ip: 127.0.0.1,	path: /,	user_id: 2,	sesion_id: 4zyranpr7pptjrakb7zjjk7o07c0sv22	
INFO "GET / HTTP/1.1" 200 179927
INFO [GET] method: 2021-01-10 15:10:31 ,ip: 127.0.0.1,	path: /financial/get_report_data/,	user_id: 2,	sesion_id: 4zyranpr7pptjrakb7zjjk7o07c0sv22	
INFO "GET /financial/get_report_data/?period=30&m_name=Account&field=name HTTP/1.1" 200 472
INFO Watching for file changes with StatReloader
INFO [GET] method: 2021-01-10 15:10:48 ,ip: 127.0.0.1,	path: /main/code_to_database/,	user_id: 2,	sesion_id: 4zyranpr7pptjrakb7zjjk7o07c0sv22	
INFO "GET /main/code_to_database/ HTTP/1.1" 302 0
INFO [GET] method: 2021-01-10 15:10:48 ,ip: 127.0.0.1,	path: /,	user_id: 2,	sesion_id: 4zyranpr7pptjrakb7zjjk7o07c0sv22	
INFO "GET / HTTP/1.1" 200 179927
INFO [GET] method: 2021-01-10 15:10:49 ,ip: 127.0.0.1,	path: /financial/get_report_data/,	user_id: 2,	sesion_id: 4zyranpr7pptjrakb7zjjk7o07c0sv22	
INFO "GET /financial/get_report_data/?period=30&m_name=Account&field=name HTTP/1.1" 200 472
INFO D:\Talha\Masaüstü\Masaüstü\Kodlama\myERP\functions\excel_config\code_to_excel.py changed, reloading.
INFO Watching for file changes with StatReloader
INFO D:\Talha\Masaüstü\Masaüstü\Kodlama\myERP\functions\excel_config\code_to_excel.py changed, reloading.
INFO Watching for file changes with StatReloader
INFO "GET /main/code_to_database HTTP/1.1" 301 0
INFO [GET] method: 2021-01-10 15:18:53 ,ip: 127.0.0.1,	path: /main/code_to_database/,	user_id: 2,	sesion_id: 4zyranpr7pptjrakb7zjjk7o07c0sv22	
INFO "GET /main/code_to_database/ HTTP/1.1" 302 0
INFO [GET] method: 2021-01-10 15:18:53 ,ip: 127.0.0.1,	path: /,	user_id: 2,	sesion_id: 4zyranpr7pptjrakb7zjjk7o07c0sv22	
INFO "GET / HTTP/1.1" 200 179927
INFO [GET] method: 2021-01-10 15:18:54 ,ip: 127.0.0.1,	path: /financial/get_report_data/,	user_id: 2,	sesion_id: 4zyranpr7pptjrakb7zjjk7o07c0sv22	
INFO "GET /financial/get_report_data/?period=30&m_name=Account&field=name HTTP/1.1" 200 472
INFO D:\Talha\Masaüstü\Masaüstü\Kodlama\myERP\functions\excel_config\code_to_excel.py changed, reloading.
INFO Watching for file changes with StatReloader
INFO D:\Talha\Masaüstü\Masaüstü\Kodlama\myERP\functions\excel_config\code_to_excel.py changed, reloading.
INFO Watching for file changes with StatReloader
INFO Watching for file changes with StatReloader
INFO [GET] method: 2021-01-10 15:37:14 ,ip: 127.0.0.1,	path: /main/code_to_database/,	user_id: 2,	sesion_id: 4zyranpr7pptjrakb7zjjk7o07c0sv22	
INFO "GET /main/code_to_database/ HTTP/1.1" 302 0
INFO [GET] method: 2021-01-10 15:37:14 ,ip: 127.0.0.1,	path: /,	user_id: 2,	sesion_id: 4zyranpr7pptjrakb7zjjk7o07c0sv22	
INFO "GET / HTTP/1.1" 200 179927
INFO [GET] method: 2021-01-10 15:37:16 ,ip: 127.0.0.1,	path: /financial/get_report_data/,	user_id: 2,	sesion_id: 4zyranpr7pptjrakb7zjjk7o07c0sv22	
INFO "GET /financial/get_report_data/?period=30&m_name=Account&field=name HTTP/1.1" 200 472
INFO D:\Talha\Masaüstü\Masaüstü\Kodlama\myERP\functions\excel_config\code_to_excel.py changed, reloading.
INFO Watching for file changes with StatReloader
INFO D:\Talha\Masaüstü\Masaüstü\Kodlama\myERP\functions\excel_config\code_to_excel.py changed, reloading.
INFO Watching for file changes with StatReloader
INFO D:\Talha\Masaüstü\Masaüstü\Kodlama\myERP\functions\excel_config\code_to_excel.py changed, reloading.
INFO Watching for file changes with StatReloader
INFO D:\Talha\Masaüstü\Masaüstü\Kodlama\myERP\functions\excel_config\code_to_excel.py changed, reloading.
INFO Watching for file changes with StatReloader
INFO D:\Talha\Masaüstü\Masaüstü\Kodlama\myERP\functions\excel_config\code_to_excel.py changed, reloading.
INFO Watching for file changes with StatReloader
INFO D:\Talha\Masaüstü\Masaüstü\Kodlama\myERP\functions\excel_config\code_to_excel.py changed, reloading.
INFO Watching for file changes with StatReloader
INFO D:\Talha\Masaüstü\Masaüstü\Kodlama\myERP\functions\excel_config\code_to_excel.py changed, reloading.
INFO Watching for file changes with StatReloader
INFO D:\Talha\Masaüstü\Masaüstü\Kodlama\myERP\functions\excel_config\code_to_excel.py changed, reloading.
INFO Watching for file changes with StatReloader
INFO D:\Talha\Masaüstü\Masaüstü\Kodlama\myERP\functions\excel_config\code_to_excel.py changed, reloading.
INFO Watching for file changes with StatReloader
INFO D:\Talha\Masaüstü\Masaüstü\Kodlama\myERP\functions\excel_config\code_to_excel.py changed, reloading.
INFO Watching for file changes with StatReloader
INFO D:\Talha\Masaüstü\Masaüstü\Kodlama\myERP\functions\excel_config\code_to_excel.py changed, reloading.
INFO Watching for file changes with StatReloader
INFO D:\Talha\Masaüstü\Masaüstü\Kodlama\myERP\functions\excel_config\code_to_excel.py changed, reloading.
INFO Watching for file changes with StatReloader
INFO D:\Talha\Masaüstü\Masaüstü\Kodlama\myERP\functions\excel_config\code_to_excel.py changed, reloading.
INFO Watching for file changes with StatReloader
INFO D:\Talha\Masaüstü\Masaüstü\Kodlama\myERP\functions\excel_config\code_to_excel.py changed, reloading.
INFO Watching for file changes with StatReloader
INFO D:\Talha\Masaüstü\Masaüstü\Kodlama\myERP\functions\excel_config\code_to_excel.py changed, reloading.
INFO Watching for file changes with StatReloader
INFO [GET] method: 2021-01-10 18:16:24 ,ip: 127.0.0.1,	path: /main/code_to_database/,	user_id: 2,	sesion_id: 4zyranpr7pptjrakb7zjjk7o07c0sv22	
INFO "GET /main/code_to_database/ HTTP/1.1" 302 0
INFO [GET] method: 2021-01-10 18:16:25 ,ip: 127.0.0.1,	path: /,	user_id: 2,	sesion_id: 4zyranpr7pptjrakb7zjjk7o07c0sv22	
INFO "GET / HTTP/1.1" 200 179927
INFO [GET] method: 2021-01-10 18:16:26 ,ip: 127.0.0.1,	path: /financial/get_report_data/,	user_id: 2,	sesion_id: 4zyranpr7pptjrakb7zjjk7o07c0sv22	
INFO "GET /financial/get_report_data/?period=30&m_name=Account&field=name HTTP/1.1" 200 472
INFO [GET] method: 2021-01-10 18:16:33 ,ip: 127.0.0.1,	path: /main/code_to_database/,	user_id: 2,	sesion_id: 4zyranpr7pptjrakb7zjjk7o07c0sv22	
INFO "GET /main/code_to_database/ HTTP/1.1" 302 0
INFO [GET] method: 2021-01-10 18:16:34 ,ip: 127.0.0.1,	path: /,	user_id: 2,	sesion_id: 4zyranpr7pptjrakb7zjjk7o07c0sv22	
INFO "GET / HTTP/1.1" 200 179927
INFO [GET] method: 2021-01-10 18:16:35 ,ip: 127.0.0.1,	path: /financial/get_report_data/,	user_id: 2,	sesion_id: 4zyranpr7pptjrakb7zjjk7o07c0sv22	
INFO "GET /financial/get_report_data/?period=30&m_name=Account&field=name HTTP/1.1" 200 472
INFO Watching for file changes with StatReloader
INFO [GET] method: 2021-01-10 18:19:16 ,ip: 127.0.0.1,	path: /main/code_to_database/,	user_id: 2,	sesion_id: 4zyranpr7pptjrakb7zjjk7o07c0sv22	
INFO "GET /main/code_to_database/ HTTP/1.1" 302 0
INFO [GET] method: 2021-01-10 18:19:17 ,ip: 127.0.0.1,	path: /,	user_id: 2,	sesion_id: 4zyranpr7pptjrakb7zjjk7o07c0sv22	
INFO "GET / HTTP/1.1" 200 179927
INFO [GET] method: 2021-01-10 18:19:18 ,ip: 127.0.0.1,	path: /financial/get_report_data/,	user_id: 2,	sesion_id: 4zyranpr7pptjrakb7zjjk7o07c0sv22	
INFO "GET /financial/get_report_data/?period=30&m_name=Account&field=name HTTP/1.1" 200 472
INFO Watching for file changes with StatReloader
INFO [GET] method: 2021-01-10 18:19:51 ,ip: 127.0.0.1,	path: /main/code_to_database/,	user_id: 2,	sesion_id: 4zyranpr7pptjrakb7zjjk7o07c0sv22	
INFO "GET /main/code_to_database/ HTTP/1.1" 302 0
INFO [GET] method: 2021-01-10 18:19:52 ,ip: 127.0.0.1,	path: /,	user_id: 2,	sesion_id: 4zyranpr7pptjrakb7zjjk7o07c0sv22	
INFO "GET / HTTP/1.1" 200 179927
INFO [GET] method: 2021-01-10 18:19:54 ,ip: 127.0.0.1,	path: /financial/get_report_data/,	user_id: 2,	sesion_id: 4zyranpr7pptjrakb7zjjk7o07c0sv22	
INFO "GET /financial/get_report_data/?period=30&m_name=Account&field=name HTTP/1.1" 200 472
INFO Watching for file changes with StatReloader
INFO [GET] method: 2021-01-10 18:20:13 ,ip: 127.0.0.1,	path: /main/code_to_database/,	user_id: 2,	sesion_id: 4zyranpr7pptjrakb7zjjk7o07c0sv22	
ERROR Internal Server Error: /main/code_to_database/
Traceback (most recent call last):
  File "D:\Talha\Masaüstü\Masaüstü\Kodlama\venv\lib\site-packages\django\core\handlers\exception.py", line 47, in inner
    response = get_response(request)
  File "D:\Talha\Masaüstü\Masaüstü\Kodlama\venv\lib\site-packages\django\core\handlers\base.py", line 179, in _get_response
    response = wrapped_callback(request, *callback_args, **callback_kwargs)
  File "D:\Talha\Masaüstü\Masaüstü\Kodlama\myERP\main\views.py", line 11, in code_to_database
    cte.get_database_info()
  File "D:\Talha\Masaüstü\Masaüstü\Kodlama\myERP\functions\excel_config\code_to_excel.py", line 63, in get_database_info
    field_obj=self.field_edit(field,FieldLM(),len(field_obj_list)+1,model_obj)
  File "D:\Talha\Masaüstü\Masaüstü\Kodlama\myERP\functions\excel_config\code_to_excel.py", line 86, in field_edit
    new_flm.blank = field.blank
AttributeError: 'ManyToManyRel' object has no attribute 'blank'
ERROR "GET /main/code_to_database/ HTTP/1.1" 500 76265
INFO Watching for file changes with StatReloader
INFO [GET] method: 2021-01-10 18:21:04 ,ip: 127.0.0.1,	path: /main/code_to_database/,	user_id: 2,	sesion_id: 4zyranpr7pptjrakb7zjjk7o07c0sv22	
ERROR Internal Server Error: /main/code_to_database/
Traceback (most recent call last):
  File "D:\Talha\Masaüstü\Masaüstü\Kodlama\venv\lib\site-packages\django\core\handlers\exception.py", line 47, in inner
    response = get_response(request)
  File "D:\Talha\Masaüstü\Masaüstü\Kodlama\venv\lib\site-packages\django\core\handlers\base.py", line 179, in _get_response
    response = wrapped_callback(request, *callback_args, **callback_kwargs)
  File "D:\Talha\Masaüstü\Masaüstü\Kodlama\myERP\main\views.py", line 11, in code_to_database
    cte.get_database_info()
  File "D:\Talha\Masaüstü\Masaüstü\Kodlama\myERP\functions\excel_config\code_to_excel.py", line 63, in get_database_info
    field_obj=self.field_edit(field,FieldLM(),len(field_obj_list)+1,model_obj)
  File "D:\Talha\Masaüstü\Masaüstü\Kodlama\myERP\functions\excel_config\code_to_excel.py", line 87, in field_edit
    new_flm.blank = field.blank
AttributeError: 'ManyToManyRel' object has no attribute 'blank'
ERROR "GET /main/code_to_database/ HTTP/1.1" 500 76265
INFO Watching for file changes with StatReloader
INFO [GET] method: 2021-01-10 18:22:01 ,ip: 127.0.0.1,	path: /main/code_to_database/,	user_id: 2,	sesion_id: 4zyranpr7pptjrakb7zjjk7o07c0sv22	
ERROR Internal Server Error: /main/code_to_database/
Traceback (most recent call last):
  File "D:\Talha\Masaüstü\Masaüstü\Kodlama\venv\lib\site-packages\django\core\handlers\exception.py", line 47, in inner
    response = get_response(request)
  File "D:\Talha\Masaüstü\Masaüstü\Kodlama\venv\lib\site-packages\django\core\handlers\base.py", line 179, in _get_response
    response = wrapped_callback(request, *callback_args, **callback_kwargs)
  File "D:\Talha\Masaüstü\Masaüstü\Kodlama\myERP\main\views.py", line 11, in code_to_database
    cte.get_database_info()
  File "D:\Talha\Masaüstü\Masaüstü\Kodlama\myERP\functions\excel_config\code_to_excel.py", line 63, in get_database_info
    field_obj=self.field_edit(field,FieldLM(),len(field_obj_list)+1,model_obj)
  File "D:\Talha\Masaüstü\Masaüstü\Kodlama\myERP\functions\excel_config\code_to_excel.py", line 87, in field_edit
    new_flm.blank = field.blank
AttributeError: 'ManyToManyRel' object has no attribute 'blank'
ERROR "GET /main/code_to_database/ HTTP/1.1" 500 76277
INFO Watching for file changes with StatReloader
INFO [GET] method: 2021-01-10 18:22:16 ,ip: 127.0.0.1,	path: /main/code_to_database/,	user_id: 2,	sesion_id: 4zyranpr7pptjrakb7zjjk7o07c0sv22	
ERROR Internal Server Error: /main/code_to_database/
Traceback (most recent call last):
  File "D:\Talha\Masaüstü\Masaüstü\Kodlama\venv\lib\site-packages\django\core\handlers\exception.py", line 47, in inner
    response = get_response(request)
  File "D:\Talha\Masaüstü\Masaüstü\Kodlama\venv\lib\site-packages\django\core\handlers\base.py", line 179, in _get_response
    response = wrapped_callback(request, *callback_args, **callback_kwargs)
  File "D:\Talha\Masaüstü\Masaüstü\Kodlama\myERP\main\views.py", line 11, in code_to_database
    cte.get_database_info()
  File "D:\Talha\Masaüstü\Masaüstü\Kodlama\myERP\functions\excel_config\code_to_excel.py", line 63, in get_database_info
    field_obj=self.field_edit(field,FieldLM(),len(field_obj_list)+1,model_obj)
  File "D:\Talha\Masaüstü\Masaüstü\Kodlama\myERP\functions\excel_config\code_to_excel.py", line 87, in field_edit
    new_flm.blank = field.blank
AttributeError: 'ManyToManyRel' object has no attribute 'blank'
ERROR "GET /main/code_to_database/ HTTP/1.1" 500 76280
INFO D:\Talha\Masaüstü\Masaüstü\Kodlama\myERP\functions\excel_config\code_to_excel.py changed, reloading.
INFO Watching for file changes with StatReloader
INFO Watching for file changes with StatReloader
INFO [GET] method: 2021-01-10 18:25:17 ,ip: 127.0.0.1,	path: /main/code_to_database/,	user_id: 2,	sesion_id: 4zyranpr7pptjrakb7zjjk7o07c0sv22	
ERROR Internal Server Error: /main/code_to_database/
Traceback (most recent call last):
  File "D:\Talha\Masaüstü\Masaüstü\Kodlama\venv\lib\site-packages\django\core\handlers\exception.py", line 47, in inner
    response = get_response(request)
  File "D:\Talha\Masaüstü\Masaüstü\Kodlama\venv\lib\site-packages\django\core\handlers\base.py", line 179, in _get_response
    response = wrapped_callback(request, *callback_args, **callback_kwargs)
  File "D:\Talha\Masaüstü\Masaüstü\Kodlama\myERP\main\views.py", line 11, in code_to_database
    cte.get_database_info()
  File "D:\Talha\Masaüstü\Masaüstü\Kodlama\myERP\functions\excel_config\code_to_excel.py", line 62, in get_database_info
    field_obj=self.field_edit(field,FieldLM(),len(field_obj_list)+1,model_obj)
  File "D:\Talha\Masaüstü\Masaüstü\Kodlama\myERP\functions\excel_config\code_to_excel.py", line 86, in field_edit
    new_flm.blank = field.blank
AttributeError: 'ManyToManyRel' object has no attribute 'blank'
ERROR "GET /main/code_to_database/ HTTP/1.1" 500 76389
INFO Watching for file changes with StatReloader
INFO [GET] method: 2021-01-10 18:26:06 ,ip: 127.0.0.1,	path: /main/code_to_database/,	user_id: 2,	sesion_id: 4zyranpr7pptjrakb7zjjk7o07c0sv22	
ERROR Internal Server Error: /main/code_to_database/
Traceback (most recent call last):
  File "D:\Talha\Masaüstü\Masaüstü\Kodlama\venv\lib\site-packages\django\db\backends\utils.py", line 84, in _execute
    return self.cursor.execute(sql, params)
  File "D:\Talha\Masaüstü\Masaüstü\Kodlama\venv\lib\site-packages\django\db\backends\sqlite3\base.py", line 413, in execute
    return Database.Cursor.execute(self, query, params)
sqlite3.IntegrityError: NOT NULL constraint failed: field_lm.blank

The above exception was the direct cause of the following exception:

Traceback (most recent call last):
  File "D:\Talha\Masaüstü\Masaüstü\Kodlama\venv\lib\site-packages\django\core\handlers\exception.py", line 47, in inner
    response = get_response(request)
  File "D:\Talha\Masaüstü\Masaüstü\Kodlama\venv\lib\site-packages\django\core\handlers\base.py", line 179, in _get_response
    response = wrapped_callback(request, *callback_args, **callback_kwargs)
  File "D:\Talha\Masaüstü\Masaüstü\Kodlama\myERP\main\views.py", line 11, in code_to_database
    cte.get_database_info()
  File "D:\Talha\Masaüstü\Masaüstü\Kodlama\myERP\functions\excel_config\code_to_excel.py", line 62, in get_database_info
    field_obj=self.field_edit(field,FieldLM(),len(field_obj_list)+1,model_obj)
  File "D:\Talha\Masaüstü\Masaüstü\Kodlama\myERP\functions\excel_config\code_to_excel.py", line 98, in field_edit
    return new_flm.save()
  File "D:\Talha\Masaüstü\Masaüstü\Kodlama\venv\lib\site-packages\django\db\models\base.py", line 753, in save
    self.save_base(using=using, force_insert=force_insert,
  File "D:\Talha\Masaüstü\Masaüstü\Kodlama\venv\lib\site-packages\django\db\models\base.py", line 790, in save_base
    updated = self._save_table(
  File "D:\Talha\Masaüstü\Masaüstü\Kodlama\venv\lib\site-packages\django\db\models\base.py", line 895, in _save_table
    results = self._do_insert(cls._base_manager, using, fields, returning_fields, raw)
  File "D:\Talha\Masaüstü\Masaüstü\Kodlama\venv\lib\site-packages\django\db\models\base.py", line 933, in _do_insert
    return manager._insert(
  File "D:\Talha\Masaüstü\Masaüstü\Kodlama\venv\lib\site-packages\django\db\models\manager.py", line 85, in manager_method
    return getattr(self.get_queryset(), name)(*args, **kwargs)
  File "D:\Talha\Masaüstü\Masaüstü\Kodlama\venv\lib\site-packages\django\db\models\query.py", line 1254, in _insert
    return query.get_compiler(using=using).execute_sql(returning_fields)
  File "D:\Talha\Masaüstü\Masaüstü\Kodlama\venv\lib\site-packages\django\db\models\sql\compiler.py", line 1397, in execute_sql
    cursor.execute(sql, params)
  File "D:\Talha\Masaüstü\Masaüstü\Kodlama\venv\lib\site-packages\django\db\backends\utils.py", line 98, in execute
    return super().execute(sql, params)
  File "D:\Talha\Masaüstü\Masaüstü\Kodlama\venv\lib\site-packages\django\db\backends\utils.py", line 66, in execute
    return self._execute_with_wrappers(sql, params, many=False, executor=self._execute)
  File "D:\Talha\Masaüstü\Masaüstü\Kodlama\venv\lib\site-packages\django\db\backends\utils.py", line 75, in _execute_with_wrappers
    return executor(sql, params, many, context)
  File "D:\Talha\Masaüstü\Masaüstü\Kodlama\venv\lib\site-packages\django\db\backends\utils.py", line 84, in _execute
    return self.cursor.execute(sql, params)
  File "D:\Talha\Masaüstü\Masaüstü\Kodlama\venv\lib\site-packages\django\db\utils.py", line 90, in __exit__
    raise dj_exc_value.with_traceback(traceback) from exc_value
  File "D:\Talha\Masaüstü\Masaüstü\Kodlama\venv\lib\site-packages\django\db\backends\utils.py", line 84, in _execute
    return self.cursor.execute(sql, params)
  File "D:\Talha\Masaüstü\Masaüstü\Kodlama\venv\lib\site-packages\django\db\backends\sqlite3\base.py", line 413, in execute
    return Database.Cursor.execute(self, query, params)
django.db.utils.IntegrityError: NOT NULL constraint failed: field_lm.blank
ERROR "GET /main/code_to_database/ HTTP/1.1" 500 166540
INFO Watching for file changes with StatReloader
INFO [GET] method: 2021-01-10 18:27:12 ,ip: 127.0.0.1,	path: /main/code_to_database/,	user_id: 2,	sesion_id: 4zyranpr7pptjrakb7zjjk7o07c0sv22	
ERROR Internal Server Error: /main/code_to_database/
Traceback (most recent call last):
  File "D:\Talha\Masaüstü\Masaüstü\Kodlama\venv\lib\site-packages\django\core\handlers\exception.py", line 47, in inner
    response = get_response(request)
  File "D:\Talha\Masaüstü\Masaüstü\Kodlama\venv\lib\site-packages\django\core\handlers\base.py", line 179, in _get_response
    response = wrapped_callback(request, *callback_args, **callback_kwargs)
  File "D:\Talha\Masaüstü\Masaüstü\Kodlama\myERP\main\views.py", line 11, in code_to_database
    cte.get_database_info()
  File "D:\Talha\Masaüstü\Masaüstü\Kodlama\myERP\functions\excel_config\code_to_excel.py", line 62, in get_database_info
    field_obj=self.field_edit(field,FieldLM(),len(field_obj_list)+1,model_obj)
  File "D:\Talha\Masaüstü\Masaüstü\Kodlama\myERP\functions\excel_config\code_to_excel.py", line 86, in field_edit
    new_flm.blank = field.blank or True
AttributeError: 'ManyToManyRel' object has no attribute 'blank'
ERROR "GET /main/code_to_database/ HTTP/1.1" 500 76542
INFO Watching for file changes with StatReloader
INFO [GET] method: 2021-01-10 18:27:44 ,ip: 127.0.0.1,	path: /main/code_to_database/,	user_id: 2,	sesion_id: 4zyranpr7pptjrakb7zjjk7o07c0sv22	
ERROR Internal Server Error: /main/code_to_database/
Traceback (most recent call last):
  File "D:\Talha\Masaüstü\Masaüstü\Kodlama\venv\lib\site-packages\django\core\handlers\exception.py", line 47, in inner
    response = get_response(request)
  File "D:\Talha\Masaüstü\Masaüstü\Kodlama\venv\lib\site-packages\django\core\handlers\base.py", line 179, in _get_response
    response = wrapped_callback(request, *callback_args, **callback_kwargs)
  File "D:\Talha\Masaüstü\Masaüstü\Kodlama\myERP\main\views.py", line 11, in code_to_database
    cte.get_database_info()
  File "D:\Talha\Masaüstü\Masaüstü\Kodlama\myERP\functions\excel_config\code_to_excel.py", line 62, in get_database_info
    field_obj=self.field_edit(field,FieldLM(),len(field_obj_list)+1,model_obj)
  File "D:\Talha\Masaüstü\Masaüstü\Kodlama\myERP\functions\excel_config\code_to_excel.py", line 88, in field_edit
    new_flm.max_length = field.max_length
AttributeError: 'ManyToManyRel' object has no attribute 'max_length'
ERROR "GET /main/code_to_database/ HTTP/1.1" 500 76580
INFO Watching for file changes with StatReloader
INFO [GET] method: 2021-01-10 18:28:55 ,ip: 127.0.0.1,	path: /main/code_to_database/,	user_id: 2,	sesion_id: 4zyranpr7pptjrakb7zjjk7o07c0sv22	
INFO "GET /main/code_to_database/ HTTP/1.1" 302 0
INFO [GET] method: 2021-01-10 18:29:25 ,ip: 127.0.0.1,	path: /,	user_id: 2,	sesion_id: 4zyranpr7pptjrakb7zjjk7o07c0sv22	
ERROR Internal Server Error: /
Traceback (most recent call last):
  File "D:\Talha\Masaüstü\Masaüstü\Kodlama\venv\lib\site-packages\django\core\handlers\exception.py", line 47, in inner
    response = get_response(request)
  File "D:\Talha\Masaüstü\Masaüstü\Kodlama\venv\lib\site-packages\django\core\handlers\base.py", line 179, in _get_response
    response = wrapped_callback(request, *callback_args, **callback_kwargs)
  File "D:\Talha\Masaüstü\Masaüstü\Kodlama\venv\lib\site-packages\django\views\generic\base.py", line 70, in view
    return self.dispatch(request, *args, **kwargs)
  File "D:\Talha\Masaüstü\Masaüstü\Kodlama\venv\lib\site-packages\django\views\generic\base.py", line 98, in dispatch
    return handler(request, *args, **kwargs)
  File "D:\Talha\Masaüstü\Masaüstü\Kodlama\myERP\myERP\views.py", line 56, in get
    return render(request, self.template_name, context=self.get_context_data())
  File "D:\Talha\Masaüstü\Masaüstü\Kodlama\venv\lib\site-packages\django\shortcuts.py", line 19, in render
    content = loader.render_to_string(template_name, context, request, using=using)
  File "D:\Talha\Masaüstü\Masaüstü\Kodlama\venv\lib\site-packages\django\template\loader.py", line 62, in render_to_string
    return template.render(context, request)
  File "D:\Talha\Masaüstü\Masaüstü\Kodlama\venv\lib\site-packages\django\template\backends\django.py", line 61, in render
    return self.template.render(context)
  File "D:\Talha\Masaüstü\Masaüstü\Kodlama\venv\lib\site-packages\django\template\base.py", line 170, in render
    return self._render(context)
  File "D:\Talha\Masaüstü\Masaüstü\Kodlama\venv\lib\site-packages\django\template\base.py", line 162, in _render
    return self.nodelist.render(context)
  File "D:\Talha\Masaüstü\Masaüstü\Kodlama\venv\lib\site-packages\django\template\base.py", line 938, in render
    bit = node.render_annotated(context)
  File "D:\Talha\Masaüstü\Masaüstü\Kodlama\venv\lib\site-packages\django\template\base.py", line 905, in render_annotated
    return self.render(context)
  File "D:\Talha\Masaüstü\Masaüstü\Kodlama\venv\lib\site-packages\django\template\loader_tags.py", line 150, in render
    return compiled_parent._render(context)
  File "D:\Talha\Masaüstü\Masaüstü\Kodlama\venv\lib\site-packages\django\template\base.py", line 162, in _render
    return self.nodelist.render(context)
  File "D:\Talha\Masaüstü\Masaüstü\Kodlama\venv\lib\site-packages\django\template\base.py", line 938, in render
    bit = node.render_annotated(context)
  File "D:\Talha\Masaüstü\Masaüstü\Kodlama\venv\lib\site-packages\django\template\base.py", line 905, in render_annotated
    return self.render(context)
  File "D:\Talha\Masaüstü\Masaüstü\Kodlama\venv\lib\site-packages\django\template\defaulttags.py", line 312, in render
    return nodelist.render(context)
  File "D:\Talha\Masaüstü\Masaüstü\Kodlama\venv\lib\site-packages\django\template\base.py", line 938, in render
    bit = node.render_annotated(context)
  File "D:\Talha\Masaüstü\Masaüstü\Kodlama\venv\lib\site-packages\django\template\base.py", line 905, in render_annotated
    return self.render(context)
  File "D:\Talha\Masaüstü\Masaüstü\Kodlama\venv\lib\site-packages\django\template\library.py", line 214, in render
    _dict = self.func(*resolved_args, **resolved_kwargs)
  File "D:\Talha\Masaüstü\Masaüstü\Kodlama\myERP\functions\template_funcs.py", line 28, in get_sidebar
    sidebar_dict=HomeData().get_model_list_path()
  File "D:\Talha\Masaüstü\Masaüstü\Kodlama\myERP\functions\general.py", line 18, in get_model_list_path
    path_dict[model.panel].append(model)
KeyError: None
ERROR "GET / HTTP/1.1" 500 220904
INFO D:\Talha\Masaüstü\Masaüstü\Kodlama\myERP\functions\excel_config\code_to_excel.py changed, reloading.
INFO Watching for file changes with StatReloader
INFO Watching for file changes with StatReloader
INFO [GET] method: 2021-01-10 18:34:02 ,ip: 127.0.0.1,	path: /main/code_to_database/,	user_id: 2,	sesion_id: 4zyranpr7pptjrakb7zjjk7o07c0sv22	
INFO "GET /main/code_to_database/ HTTP/1.1" 302 0
INFO [GET] method: 2021-01-10 18:34:02 ,ip: 127.0.0.1,	path: /,	user_id: 2,	sesion_id: 4zyranpr7pptjrakb7zjjk7o07c0sv22	
ERROR Internal Server Error: /
Traceback (most recent call last):
  File "D:\Talha\Masaüstü\Masaüstü\Kodlama\venv\lib\site-packages\django\core\handlers\exception.py", line 47, in inner
    response = get_response(request)
  File "D:\Talha\Masaüstü\Masaüstü\Kodlama\venv\lib\site-packages\django\core\handlers\base.py", line 179, in _get_response
    response = wrapped_callback(request, *callback_args, **callback_kwargs)
  File "D:\Talha\Masaüstü\Masaüstü\Kodlama\venv\lib\site-packages\django\views\generic\base.py", line 70, in view
    return self.dispatch(request, *args, **kwargs)
  File "D:\Talha\Masaüstü\Masaüstü\Kodlama\venv\lib\site-packages\django\views\generic\base.py", line 98, in dispatch
    return handler(request, *args, **kwargs)
  File "D:\Talha\Masaüstü\Masaüstü\Kodlama\myERP\myERP\views.py", line 56, in get
    return render(request, self.template_name, context=self.get_context_data())
  File "D:\Talha\Masaüstü\Masaüstü\Kodlama\venv\lib\site-packages\django\shortcuts.py", line 19, in render
    content = loader.render_to_string(template_name, context, request, using=using)
  File "D:\Talha\Masaüstü\Masaüstü\Kodlama\venv\lib\site-packages\django\template\loader.py", line 62, in render_to_string
    return template.render(context, request)
  File "D:\Talha\Masaüstü\Masaüstü\Kodlama\venv\lib\site-packages\django\template\backends\django.py", line 61, in render
    return self.template.render(context)
  File "D:\Talha\Masaüstü\Masaüstü\Kodlama\venv\lib\site-packages\django\template\base.py", line 170, in render
    return self._render(context)
  File "D:\Talha\Masaüstü\Masaüstü\Kodlama\venv\lib\site-packages\django\template\base.py", line 162, in _render
    return self.nodelist.render(context)
  File "D:\Talha\Masaüstü\Masaüstü\Kodlama\venv\lib\site-packages\django\template\base.py", line 938, in render
    bit = node.render_annotated(context)
  File "D:\Talha\Masaüstü\Masaüstü\Kodlama\venv\lib\site-packages\django\template\base.py", line 905, in render_annotated
    return self.render(context)
  File "D:\Talha\Masaüstü\Masaüstü\Kodlama\venv\lib\site-packages\django\template\loader_tags.py", line 150, in render
    return compiled_parent._render(context)
  File "D:\Talha\Masaüstü\Masaüstü\Kodlama\venv\lib\site-packages\django\template\base.py", line 162, in _render
    return self.nodelist.render(context)
  File "D:\Talha\Masaüstü\Masaüstü\Kodlama\venv\lib\site-packages\django\template\base.py", line 938, in render
    bit = node.render_annotated(context)
  File "D:\Talha\Masaüstü\Masaüstü\Kodlama\venv\lib\site-packages\django\template\base.py", line 905, in render_annotated
    return self.render(context)
  File "D:\Talha\Masaüstü\Masaüstü\Kodlama\venv\lib\site-packages\django\template\defaulttags.py", line 312, in render
    return nodelist.render(context)
  File "D:\Talha\Masaüstü\Masaüstü\Kodlama\venv\lib\site-packages\django\template\base.py", line 938, in render
    bit = node.render_annotated(context)
  File "D:\Talha\Masaüstü\Masaüstü\Kodlama\venv\lib\site-packages\django\template\base.py", line 905, in render_annotated
    return self.render(context)
  File "D:\Talha\Masaüstü\Masaüstü\Kodlama\venv\lib\site-packages\django\template\library.py", line 214, in render
    _dict = self.func(*resolved_args, **resolved_kwargs)
  File "D:\Talha\Masaüstü\Masaüstü\Kodlama\myERP\functions\template_funcs.py", line 28, in get_sidebar
    sidebar_dict=HomeData().get_model_list_path()
  File "D:\Talha\Masaüstü\Masaüstü\Kodlama\myERP\functions\general.py", line 18, in get_model_list_path
    path_dict[model.panel].append(model)
KeyError: None
ERROR "GET / HTTP/1.1" 500 220767
INFO Watching for file changes with StatReloader
INFO [GET] method: 2021-01-10 18:35:31 ,ip: 127.0.0.1,	path: /,	user_id: 2,	sesion_id: 4zyranpr7pptjrakb7zjjk7o07c0sv22	
ERROR Internal Server Error: /
Traceback (most recent call last):
  File "D:\Talha\Masaüstü\Masaüstü\Kodlama\venv\lib\site-packages\django\core\handlers\exception.py", line 47, in inner
    response = get_response(request)
  File "D:\Talha\Masaüstü\Masaüstü\Kodlama\venv\lib\site-packages\django\core\handlers\base.py", line 179, in _get_response
    response = wrapped_callback(request, *callback_args, **callback_kwargs)
  File "D:\Talha\Masaüstü\Masaüstü\Kodlama\venv\lib\site-packages\django\views\generic\base.py", line 70, in view
    return self.dispatch(request, *args, **kwargs)
  File "D:\Talha\Masaüstü\Masaüstü\Kodlama\venv\lib\site-packages\django\views\generic\base.py", line 98, in dispatch
    return handler(request, *args, **kwargs)
  File "D:\Talha\Masaüstü\Masaüstü\Kodlama\myERP\myERP\views.py", line 56, in get
    return render(request, self.template_name, context=self.get_context_data())
  File "D:\Talha\Masaüstü\Masaüstü\Kodlama\venv\lib\site-packages\django\shortcuts.py", line 19, in render
    content = loader.render_to_string(template_name, context, request, using=using)
  File "D:\Talha\Masaüstü\Masaüstü\Kodlama\venv\lib\site-packages\django\template\loader.py", line 62, in render_to_string
    return template.render(context, request)
  File "D:\Talha\Masaüstü\Masaüstü\Kodlama\venv\lib\site-packages\django\template\backends\django.py", line 61, in render
    return self.template.render(context)
  File "D:\Talha\Masaüstü\Masaüstü\Kodlama\venv\lib\site-packages\django\template\base.py", line 170, in render
    return self._render(context)
  File "D:\Talha\Masaüstü\Masaüstü\Kodlama\venv\lib\site-packages\django\template\base.py", line 162, in _render
    return self.nodelist.render(context)
  File "D:\Talha\Masaüstü\Masaüstü\Kodlama\venv\lib\site-packages\django\template\base.py", line 938, in render
    bit = node.render_annotated(context)
  File "D:\Talha\Masaüstü\Masaüstü\Kodlama\venv\lib\site-packages\django\template\base.py", line 905, in render_annotated
    return self.render(context)
  File "D:\Talha\Masaüstü\Masaüstü\Kodlama\venv\lib\site-packages\django\template\loader_tags.py", line 150, in render
    return compiled_parent._render(context)
  File "D:\Talha\Masaüstü\Masaüstü\Kodlama\venv\lib\site-packages\django\template\base.py", line 162, in _render
    return self.nodelist.render(context)
  File "D:\Talha\Masaüstü\Masaüstü\Kodlama\venv\lib\site-packages\django\template\base.py", line 938, in render
    bit = node.render_annotated(context)
  File "D:\Talha\Masaüstü\Masaüstü\Kodlama\venv\lib\site-packages\django\template\base.py", line 905, in render_annotated
    return self.render(context)
  File "D:\Talha\Masaüstü\Masaüstü\Kodlama\venv\lib\site-packages\django\template\defaulttags.py", line 312, in render
    return nodelist.render(context)
  File "D:\Talha\Masaüstü\Masaüstü\Kodlama\venv\lib\site-packages\django\template\base.py", line 938, in render
    bit = node.render_annotated(context)
  File "D:\Talha\Masaüstü\Masaüstü\Kodlama\venv\lib\site-packages\django\template\base.py", line 905, in render_annotated
    return self.render(context)
  File "D:\Talha\Masaüstü\Masaüstü\Kodlama\venv\lib\site-packages\django\template\library.py", line 214, in render
    _dict = self.func(*resolved_args, **resolved_kwargs)
  File "D:\Talha\Masaüstü\Masaüstü\Kodlama\myERP\functions\template_funcs.py", line 28, in get_sidebar
    sidebar_dict=HomeData().get_model_list_path()
  File "D:\Talha\Masaüstü\Masaüstü\Kodlama\myERP\functions\general.py", line 18, in get_model_list_path
    path_dict[model.panel].append(model)
KeyError: None
ERROR "GET / HTTP/1.1" 500 220904
INFO Watching for file changes with StatReloader
INFO [GET] method: 2021-01-10 18:37:11 ,ip: 127.0.0.1,	path: /,	user_id: 2,	sesion_id: 4zyranpr7pptjrakb7zjjk7o07c0sv22	
INFO "GET / HTTP/1.1" 200 179927
INFO [GET] method: 2021-01-10 18:37:13 ,ip: 127.0.0.1,	path: /financial/get_report_data/,	user_id: 2,	sesion_id: 4zyranpr7pptjrakb7zjjk7o07c0sv22	
INFO "GET /financial/get_report_data/?period=30&m_name=Account&field=name HTTP/1.1" 200 472
INFO [GET] method: 2021-01-10 18:37:32 ,ip: 127.0.0.1,	path: /main/code_to_database/,	user_id: 2,	sesion_id: 4zyranpr7pptjrakb7zjjk7o07c0sv22	
INFO "GET /main/code_to_database/ HTTP/1.1" 302 0
INFO [GET] method: 2021-01-10 18:37:32 ,ip: 127.0.0.1,	path: /,	user_id: 2,	sesion_id: 4zyranpr7pptjrakb7zjjk7o07c0sv22	
INFO "GET / HTTP/1.1" 200 179927
INFO [GET] method: 2021-01-10 18:37:34 ,ip: 127.0.0.1,	path: /financial/get_report_data/,	user_id: 2,	sesion_id: 4zyranpr7pptjrakb7zjjk7o07c0sv22	
INFO "GET /financial/get_report_data/?period=30&m_name=Account&field=name HTTP/1.1" 200 472
INFO Watching for file changes with StatReloader
INFO [GET] method: 2021-01-10 18:37:47 ,ip: 127.0.0.1,	path: /main/code_to_database/,	user_id: 2,	sesion_id: 4zyranpr7pptjrakb7zjjk7o07c0sv22	
ERROR Internal Server Error: /main/code_to_database/
Traceback (most recent call last):
  File "D:\Talha\Masaüstü\Masaüstü\Kodlama\venv\lib\site-packages\django\core\handlers\exception.py", line 47, in inner
    response = get_response(request)
  File "D:\Talha\Masaüstü\Masaüstü\Kodlama\venv\lib\site-packages\django\core\handlers\base.py", line 179, in _get_response
    response = wrapped_callback(request, *callback_args, **callback_kwargs)
  File "D:\Talha\Masaüstü\Masaüstü\Kodlama\myERP\main\views.py", line 11, in code_to_database
    cte.get_database_info()
  File "D:\Talha\Masaüstü\Masaüstü\Kodlama\myERP\functions\excel_config\code_to_excel.py", line 54, in get_database_info
    print(model.name.__dict__)
AttributeError: type object 'LogEntry' has no attribute 'name'
ERROR "GET /main/code_to_database/ HTTP/1.1" 500 69972
INFO Watching for file changes with StatReloader
INFO [GET] method: 2021-01-10 18:37:57 ,ip: 127.0.0.1,	path: /main/code_to_database/,	user_id: 2,	sesion_id: 4zyranpr7pptjrakb7zjjk7o07c0sv22	
ERROR Internal Server Error: /main/code_to_database/
Traceback (most recent call last):
  File "D:\Talha\Masaüstü\Masaüstü\Kodlama\venv\lib\site-packages\django\core\handlers\exception.py", line 47, in inner
    response = get_response(request)
  File "D:\Talha\Masaüstü\Masaüstü\Kodlama\venv\lib\site-packages\django\core\handlers\base.py", line 179, in _get_response
    response = wrapped_callback(request, *callback_args, **callback_kwargs)
  File "D:\Talha\Masaüstü\Masaüstü\Kodlama\myERP\main\views.py", line 11, in code_to_database
    cte.get_database_info()
  File "D:\Talha\Masaüstü\Masaüstü\Kodlama\myERP\functions\excel_config\code_to_excel.py", line 54, in get_database_info
    print(model.name)
AttributeError: type object 'LogEntry' has no attribute 'name'
ERROR "GET /main/code_to_database/ HTTP/1.1" 500 70091
INFO Watching for file changes with StatReloader
INFO [GET] method: 2021-01-10 18:38:12 ,ip: 127.0.0.1,	path: /main/code_to_database/,	user_id: 2,	sesion_id: 4zyranpr7pptjrakb7zjjk7o07c0sv22	
INFO "GET /main/code_to_database/ HTTP/1.1" 302 0
INFO [GET] method: 2021-01-10 18:38:12 ,ip: 127.0.0.1,	path: /,	user_id: 2,	sesion_id: 4zyranpr7pptjrakb7zjjk7o07c0sv22	
INFO "GET / HTTP/1.1" 200 179927
INFO [GET] method: 2021-01-10 18:38:13 ,ip: 127.0.0.1,	path: /financial/get_report_data/,	user_id: 2,	sesion_id: 4zyranpr7pptjrakb7zjjk7o07c0sv22	
INFO "GET /financial/get_report_data/?period=30&m_name=Account&field=name HTTP/1.1" 200 472
INFO Watching for file changes with StatReloader
INFO [GET] method: 2021-01-10 18:39:06 ,ip: 127.0.0.1,	path: /main/code_to_database/,	user_id: 2,	sesion_id: 4zyranpr7pptjrakb7zjjk7o07c0sv22	
INFO "GET /main/code_to_database/ HTTP/1.1" 302 0
INFO [GET] method: 2021-01-10 18:39:06 ,ip: 127.0.0.1,	path: /,	user_id: 2,	sesion_id: 4zyranpr7pptjrakb7zjjk7o07c0sv22	
INFO "GET / HTTP/1.1" 200 179927
INFO [GET] method: 2021-01-10 18:39:07 ,ip: 127.0.0.1,	path: /financial/get_report_data/,	user_id: 2,	sesion_id: 4zyranpr7pptjrakb7zjjk7o07c0sv22	
INFO "GET /financial/get_report_data/?period=30&m_name=Account&field=name HTTP/1.1" 200 472
INFO Watching for file changes with StatReloader
INFO Watching for file changes with StatReloader
INFO [GET] method: 2021-01-10 18:41:06 ,ip: 127.0.0.1,	path: /main/code_to_database/,	user_id: 2,	sesion_id: 4zyranpr7pptjrakb7zjjk7o07c0sv22	
INFO "GET /main/code_to_database/ HTTP/1.1" 302 0
INFO [GET] method: 2021-01-10 18:41:30 ,ip: 127.0.0.1,	path: /,	user_id: 2,	sesion_id: 4zyranpr7pptjrakb7zjjk7o07c0sv22	
INFO "GET / HTTP/1.1" 200 179927
INFO [GET] method: 2021-01-10 18:41:31 ,ip: 127.0.0.1,	path: /financial/get_report_data/,	user_id: 2,	sesion_id: 4zyranpr7pptjrakb7zjjk7o07c0sv22	
INFO "GET /financial/get_report_data/?period=30&m_name=Account&field=name HTTP/1.1" 200 472
INFO Watching for file changes with StatReloader
INFO [GET] method: 2021-01-10 18:42:33 ,ip: 127.0.0.1,	path: /main/code_to_database/,	user_id: 2,	sesion_id: 4zyranpr7pptjrakb7zjjk7o07c0sv22	
ERROR Internal Server Error: /main/code_to_database/
Traceback (most recent call last):
  File "D:\Talha\Masaüstü\Masaüstü\Kodlama\venv\lib\site-packages\django\core\handlers\exception.py", line 47, in inner
    response = get_response(request)
  File "D:\Talha\Masaüstü\Masaüstü\Kodlama\venv\lib\site-packages\django\core\handlers\base.py", line 179, in _get_response
    response = wrapped_callback(request, *callback_args, **callback_kwargs)
  File "D:\Talha\Masaüstü\Masaüstü\Kodlama\myERP\main\views.py", line 11, in code_to_database
    cte.get_database_info()
  File "D:\Talha\Masaüstü\Masaüstü\Kodlama\myERP\functions\excel_config\code_to_excel.py", line 72, in get_database_info
    field_obj=self.get_field_obj(field,field_obj_list)
  File "D:\Talha\Masaüstü\Masaüstü\Kodlama\myERP\functions\excel_config\code_to_excel.py", line 128, in get_field_obj
    return self.field_edit(field,field_obj,field_obj.order,field_obj.model)
  File "D:\Talha\Masaüstü\Masaüstü\Kodlama\myERP\functions\excel_config\code_to_excel.py", line 94, in field_edit
    print(field.default.__dict__)
AttributeError: 'builtin_function_or_method' object has no attribute '__dict__'
ERROR "GET /main/code_to_database/ HTTP/1.1" 500 81964
INFO Watching for file changes with StatReloader
INFO [GET] method: 2021-01-10 18:43:56 ,ip: 127.0.0.1,	path: /main/code_to_database/,	user_id: 2,	sesion_id: 4zyranpr7pptjrakb7zjjk7o07c0sv22	
ERROR Internal Server Error: /main/code_to_database/
Traceback (most recent call last):
  File "D:\Talha\Masaüstü\Masaüstü\Kodlama\venv\lib\site-packages\django\core\handlers\exception.py", line 47, in inner
    response = get_response(request)
  File "D:\Talha\Masaüstü\Masaüstü\Kodlama\venv\lib\site-packages\django\core\handlers\base.py", line 179, in _get_response
    response = wrapped_callback(request, *callback_args, **callback_kwargs)
  File "D:\Talha\Masaüstü\Masaüstü\Kodlama\myERP\main\views.py", line 11, in code_to_database
    cte.get_database_info()
  File "D:\Talha\Masaüstü\Masaüstü\Kodlama\myERP\functions\excel_config\code_to_excel.py", line 72, in get_database_info
    field_obj=self.get_field_obj(field,field_obj_list)
  File "D:\Talha\Masaüstü\Masaüstü\Kodlama\myERP\functions\excel_config\code_to_excel.py", line 130, in get_field_obj
    return self.field_edit(field,field_obj,field_obj.order,field_obj.model)
  File "D:\Talha\Masaüstü\Masaüstü\Kodlama\myERP\functions\excel_config\code_to_excel.py", line 95, in field_edit
    print(field.default.__dict__)
AttributeError: 'builtin_function_or_method' object has no attribute '__dict__'
ERROR "GET /main/code_to_database/ HTTP/1.1" 500 81944
INFO Watching for file changes with StatReloader
INFO Watching for file changes with StatReloader
INFO [GET] method: 2021-01-10 18:44:35 ,ip: 127.0.0.1,	path: /main/code_to_database/,	user_id: 2,	sesion_id: 4zyranpr7pptjrakb7zjjk7o07c0sv22	
INFO "GET /main/code_to_database/ HTTP/1.1" 302 0
INFO [GET] method: 2021-01-10 18:44:59 ,ip: 127.0.0.1,	path: /,	user_id: 2,	sesion_id: 4zyranpr7pptjrakb7zjjk7o07c0sv22	
INFO "GET / HTTP/1.1" 200 179927
INFO [GET] method: 2021-01-10 18:45:00 ,ip: 127.0.0.1,	path: /financial/get_report_data/,	user_id: 2,	sesion_id: 4zyranpr7pptjrakb7zjjk7o07c0sv22	
INFO "GET /financial/get_report_data/?period=30&m_name=Account&field=name HTTP/1.1" 200 472
INFO D:\Talha\Masaüstü\Masaüstü\Kodlama\myERP\functions\excel_config\code_to_excel.py changed, reloading.
INFO Watching for file changes with StatReloader
INFO Watching for file changes with StatReloader
INFO [GET] method: 2021-01-10 18:49:23 ,ip: 127.0.0.1,	path: /main/code_to_database/,	user_id: 2,	sesion_id: 4zyranpr7pptjrakb7zjjk7o07c0sv22	
INFO "GET /main/code_to_database/ HTTP/1.1" 302 0
INFO [GET] method: 2021-01-10 18:49:47 ,ip: 127.0.0.1,	path: /,	user_id: 2,	sesion_id: 4zyranpr7pptjrakb7zjjk7o07c0sv22	
INFO "GET / HTTP/1.1" 200 179927
INFO [GET] method: 2021-01-10 18:49:48 ,ip: 127.0.0.1,	path: /financial/get_report_data/,	user_id: 2,	sesion_id: 4zyranpr7pptjrakb7zjjk7o07c0sv22	
INFO "GET /financial/get_report_data/?period=30&m_name=Account&field=name HTTP/1.1" 200 472
INFO D:\Talha\Masaüstü\Masaüstü\Kodlama\myERP\main\models.py changed, reloading.
INFO Watching for file changes with StatReloader
INFO [GET] method: 2021-01-10 18:51:19 ,ip: 127.0.0.1,	path: /main/code_to_database/,	user_id: 2,	sesion_id: 4zyranpr7pptjrakb7zjjk7o07c0sv22	
INFO "GET /main/code_to_database/ HTTP/1.1" 302 0
INFO [GET] method: 2021-01-10 18:51:43 ,ip: 127.0.0.1,	path: /,	user_id: 2,	sesion_id: 4zyranpr7pptjrakb7zjjk7o07c0sv22	
INFO "GET / HTTP/1.1" 200 179927
INFO [GET] method: 2021-01-10 18:51:44 ,ip: 127.0.0.1,	path: /financial/get_report_data/,	user_id: 2,	sesion_id: 4zyranpr7pptjrakb7zjjk7o07c0sv22	
INFO "GET /financial/get_report_data/?period=30&m_name=Account&field=name HTTP/1.1" 200 472
INFO Watching for file changes with StatReloader
INFO [GET] method: 2021-01-10 18:54:01 ,ip: 127.0.0.1,	path: /main/code_to_database/,	user_id: 2,	sesion_id: 4zyranpr7pptjrakb7zjjk7o07c0sv22	
INFO "GET /main/code_to_database/ HTTP/1.1" 302 0
INFO [GET] method: 2021-01-10 18:54:28 ,ip: 127.0.0.1,	path: /,	user_id: 2,	sesion_id: 4zyranpr7pptjrakb7zjjk7o07c0sv22	
INFO "GET / HTTP/1.1" 200 179927
INFO [GET] method: 2021-01-10 18:54:29 ,ip: 127.0.0.1,	path: /financial/get_report_data/,	user_id: 2,	sesion_id: 4zyranpr7pptjrakb7zjjk7o07c0sv22	
INFO "GET /financial/get_report_data/?period=30&m_name=Account&field=name HTTP/1.1" 200 472
INFO D:\Talha\Masaüstü\Masaüstü\Kodlama\myERP\functions\excel_config\code_to_excel.py changed, reloading.
INFO Watching for file changes with StatReloader
INFO Watching for file changes with StatReloader
INFO [GET] method: 2021-01-10 18:57:12 ,ip: 127.0.0.1,	path: /main/code_to_database/,	user_id: 2,	sesion_id: 4zyranpr7pptjrakb7zjjk7o07c0sv22	
INFO "GET /main/code_to_database/ HTTP/1.1" 302 0
INFO [GET] method: 2021-01-10 18:57:36 ,ip: 127.0.0.1,	path: /,	user_id: 2,	sesion_id: 4zyranpr7pptjrakb7zjjk7o07c0sv22	
INFO "GET / HTTP/1.1" 200 179927
INFO [GET] method: 2021-01-10 18:57:37 ,ip: 127.0.0.1,	path: /financial/get_report_data/,	user_id: 2,	sesion_id: 4zyranpr7pptjrakb7zjjk7o07c0sv22	
INFO "GET /financial/get_report_data/?period=30&m_name=Account&field=name HTTP/1.1" 200 472
INFO Watching for file changes with StatReloader
INFO [GET] method: 2021-01-10 18:57:55 ,ip: 127.0.0.1,	path: /main/code_to_database/,	user_id: 2,	sesion_id: 4zyranpr7pptjrakb7zjjk7o07c0sv22	
INFO "GET /main/code_to_database/ HTTP/1.1" 302 0
INFO [GET] method: 2021-01-10 18:58:20 ,ip: 127.0.0.1,	path: /,	user_id: 2,	sesion_id: 4zyranpr7pptjrakb7zjjk7o07c0sv22	
INFO "GET / HTTP/1.1" 200 179927
INFO [GET] method: 2021-01-10 18:58:21 ,ip: 127.0.0.1,	path: /financial/get_report_data/,	user_id: 2,	sesion_id: 4zyranpr7pptjrakb7zjjk7o07c0sv22	
INFO "GET /financial/get_report_data/?period=30&m_name=Account&field=name HTTP/1.1" 200 472
INFO Watching for file changes with StatReloader
INFO [GET] method: 2021-01-10 18:58:33 ,ip: 127.0.0.1,	path: /main/code_to_database/,	user_id: 2,	sesion_id: 4zyranpr7pptjrakb7zjjk7o07c0sv22	
INFO Watching for file changes with StatReloader
INFO [GET] method: 2021-01-10 19:02:23 ,ip: 127.0.0.1,	path: /main/code_to_database/,	user_id: 2,	sesion_id: 4zyranpr7pptjrakb7zjjk7o07c0sv22	
INFO Watching for file changes with StatReloader
INFO [GET] method: 2021-01-10 19:13:07 ,ip: 127.0.0.1,	path: /main/code_to_database/,	user_id: 2,	sesion_id: 4zyranpr7pptjrakb7zjjk7o07c0sv22	
ERROR Internal Server Error: /main/code_to_database/
Traceback (most recent call last):
  File "D:\Talha\Masaüstü\Masaüstü\Kodlama\venv\lib\site-packages\django\core\handlers\exception.py", line 47, in inner
    response = get_response(request)
  File "D:\Talha\Masaüstü\Masaüstü\Kodlama\venv\lib\site-packages\django\core\handlers\base.py", line 179, in _get_response
    response = wrapped_callback(request, *callback_args, **callback_kwargs)
  File "D:\Talha\Masaüstü\Masaüstü\Kodlama\myERP\main\views.py", line 11, in code_to_database
    cte.get_database_info()
  File "D:\Talha\Masaüstü\Masaüstü\Kodlama\myERP\functions\excel_config\code_to_excel.py", line 72, in get_database_info
    field_obj=self.get_field_obj(field,field_obj_list)
  File "D:\Talha\Masaüstü\Masaüstü\Kodlama\myERP\functions\excel_config\code_to_excel.py", line 125, in get_field_obj
    return self.field_edit(field,field_obj,field_obj.order,field_obj.model)
  File "D:\Talha\Masaüstü\Masaüstü\Kodlama\myERP\functions\excel_config\code_to_excel.py", line 91, in field_edit
    print(field.name,field.default.dict(),field.default)
AttributeError: 'builtin_function_or_method' object has no attribute 'dict'
ERROR "GET /main/code_to_database/ HTTP/1.1" 500 82001
INFO Watching for file changes with StatReloader
INFO [GET] method: 2021-01-10 19:15:04 ,ip: 127.0.0.1,	path: /main/code_to_database/,	user_id: 2,	sesion_id: 4zyranpr7pptjrakb7zjjk7o07c0sv22	
ERROR Internal Server Error: /main/code_to_database/
Traceback (most recent call last):
  File "D:\Talha\Masaüstü\Masaüstü\Kodlama\venv\lib\site-packages\django\core\handlers\exception.py", line 47, in inner
    response = get_response(request)
  File "D:\Talha\Masaüstü\Masaüstü\Kodlama\venv\lib\site-packages\django\core\handlers\base.py", line 179, in _get_response
    response = wrapped_callback(request, *callback_args, **callback_kwargs)
  File "D:\Talha\Masaüstü\Masaüstü\Kodlama\myERP\main\views.py", line 11, in code_to_database
    cte.get_database_info()
  File "D:\Talha\Masaüstü\Masaüstü\Kodlama\myERP\functions\excel_config\code_to_excel.py", line 72, in get_database_info
    field_obj=self.get_field_obj(field,field_obj_list)
  File "D:\Talha\Masaüstü\Masaüstü\Kodlama\myERP\functions\excel_config\code_to_excel.py", line 125, in get_field_obj
    return self.field_edit(field,field_obj,field_obj.order,field_obj.model)
  File "D:\Talha\Masaüstü\Masaüstü\Kodlama\myERP\functions\excel_config\code_to_excel.py", line 91, in field_edit
    print(field.name,field.default.__name__,field.default)
AttributeError: 'bool' object has no attribute '__name__'
ERROR "GET /main/code_to_database/ HTTP/1.1" 500 81493
INFO Watching for file changes with StatReloader
INFO [GET] method: 2021-01-10 19:15:59 ,ip: 127.0.0.1,	path: /main/code_to_database/,	user_id: 2,	sesion_id: 4zyranpr7pptjrakb7zjjk7o07c0sv22	
INFO Watching for file changes with StatReloader
INFO [GET] method: 2021-01-10 19:17:58 ,ip: 127.0.0.1,	path: /main/code_to_database/,	user_id: 2,	sesion_id: 4zyranpr7pptjrakb7zjjk7o07c0sv22	
INFO Watching for file changes with StatReloader
INFO [GET] method: 2021-01-10 19:20:22 ,ip: 127.0.0.1,	path: /main/code_to_database/,	user_id: 2,	sesion_id: 4zyranpr7pptjrakb7zjjk7o07c0sv22	
INFO Watching for file changes with StatReloader
INFO [GET] method: 2021-01-10 19:21:00 ,ip: 127.0.0.1,	path: /main/code_to_database/,	user_id: 2,	sesion_id: 4zyranpr7pptjrakb7zjjk7o07c0sv22	
INFO "GET /main/code_to_database/ HTTP/1.1" 302 0
INFO [GET] method: 2021-01-10 19:21:24 ,ip: 127.0.0.1,	path: /,	user_id: 2,	sesion_id: 4zyranpr7pptjrakb7zjjk7o07c0sv22	
INFO "GET / HTTP/1.1" 200 179927
INFO [GET] method: 2021-01-10 19:21:25 ,ip: 127.0.0.1,	path: /financial/get_report_data/,	user_id: 2,	sesion_id: 4zyranpr7pptjrakb7zjjk7o07c0sv22	
INFO "GET /financial/get_report_data/?period=30&m_name=Account&field=name HTTP/1.1" 200 472
INFO Watching for file changes with StatReloader
INFO [GET] method: 2021-01-10 19:23:50 ,ip: 127.0.0.1,	path: /main/code_to_database/,	user_id: 2,	sesion_id: 4zyranpr7pptjrakb7zjjk7o07c0sv22	
INFO "GET /main/code_to_database/ HTTP/1.1" 302 0
INFO [GET] method: 2021-01-10 19:24:14 ,ip: 127.0.0.1,	path: /,	user_id: 2,	sesion_id: 4zyranpr7pptjrakb7zjjk7o07c0sv22	
INFO "GET / HTTP/1.1" 200 179927
INFO [GET] method: 2021-01-10 19:24:15 ,ip: 127.0.0.1,	path: /financial/get_report_data/,	user_id: 2,	sesion_id: 4zyranpr7pptjrakb7zjjk7o07c0sv22	
INFO "GET /financial/get_report_data/?period=30&m_name=Account&field=name HTTP/1.1" 200 472
INFO [GET] method: 2021-01-10 20:18:47 ,ip: 127.0.0.1,	path: /main/code_to_database/,	user_id: 2,	sesion_id: 4zyranpr7pptjrakb7zjjk7o07c0sv22	
ERROR Internal Server Error: /main/code_to_database/
Traceback (most recent call last):
  File "D:\Talha\Masaüstü\Masaüstü\Kodlama\venv\lib\site-packages\django\core\handlers\exception.py", line 47, in inner
    response = get_response(request)
  File "D:\Talha\Masaüstü\Masaüstü\Kodlama\venv\lib\site-packages\django\core\handlers\base.py", line 179, in _get_response
    response = wrapped_callback(request, *callback_args, **callback_kwargs)
  File "D:\Talha\Masaüstü\Masaüstü\Kodlama\myERP\main\views.py", line 11, in code_to_database
    cte.get_database_info()
  File "D:\Talha\Masaüstü\Masaüstü\Kodlama\myERP\functions\excel_config\code_to_excel.py", line 72, in get_database_info
    field_obj=self.get_field_obj(field,field_obj_list)
  File "D:\Talha\Masaüstü\Masaüstü\Kodlama\myERP\functions\excel_config\code_to_excel.py", line 126, in get_field_obj
    if field_obj.name==field_name and field_obj.model.name==model_name:
AttributeError: 'NoneType' object has no attribute 'name'
ERROR "GET /main/code_to_database/ HTTP/1.1" 500 77129
INFO Watching for file changes with StatReloader
INFO [GET] method: 2021-01-10 20:28:34 ,ip: 127.0.0.1,	path: /main/code_to_database/,	user_id: 2,	sesion_id: 4zyranpr7pptjrakb7zjjk7o07c0sv22	
ERROR Internal Server Error: /main/code_to_database/
Traceback (most recent call last):
  File "D:\Talha\Masaüstü\Masaüstü\Kodlama\venv\lib\site-packages\django\core\handlers\exception.py", line 47, in inner
    response = get_response(request)
  File "D:\Talha\Masaüstü\Masaüstü\Kodlama\venv\lib\site-packages\django\core\handlers\base.py", line 179, in _get_response
    response = wrapped_callback(request, *callback_args, **callback_kwargs)
  File "D:\Talha\Masaüstü\Masaüstü\Kodlama\myERP\main\views.py", line 11, in code_to_database
    cte.get_database_info()
  File "D:\Talha\Masaüstü\Masaüstü\Kodlama\myERP\functions\excel_config\code_to_excel.py", line 72, in get_database_info
    field_obj=self.get_field_obj(field,field_obj_list)
  File "D:\Talha\Masaüstü\Masaüstü\Kodlama\myERP\functions\excel_config\code_to_excel.py", line 127, in get_field_obj
    if field_obj.name==field_name and field_obj.model.name==model_name:
AttributeError: 'NoneType' object has no attribute 'name'
ERROR "GET /main/code_to_database/ HTTP/1.1" 500 77275
INFO Watching for file changes with StatReloader
INFO [GET] method: 2021-01-10 20:29:53 ,ip: 127.0.0.1,	path: /main/code_to_database/,	user_id: 2,	sesion_id: 4zyranpr7pptjrakb7zjjk7o07c0sv22	
ERROR Internal Server Error: /main/code_to_database/
Traceback (most recent call last):
  File "D:\Talha\Masaüstü\Masaüstü\Kodlama\venv\lib\site-packages\django\core\handlers\exception.py", line 47, in inner
    response = get_response(request)
  File "D:\Talha\Masaüstü\Masaüstü\Kodlama\venv\lib\site-packages\django\core\handlers\base.py", line 179, in _get_response
    response = wrapped_callback(request, *callback_args, **callback_kwargs)
  File "D:\Talha\Masaüstü\Masaüstü\Kodlama\myERP\main\views.py", line 11, in code_to_database
    cte.get_database_info()
  File "D:\Talha\Masaüstü\Masaüstü\Kodlama\myERP\functions\excel_config\code_to_excel.py", line 72, in get_database_info
    field_obj=self.get_field_obj(field,field_obj_list)
  File "D:\Talha\Masaüstü\Masaüstü\Kodlama\myERP\functions\excel_config\code_to_excel.py", line 128, in get_field_obj
    if field_obj.name==field_name and field_obj.model.name==model_name:
AttributeError: 'NoneType' object has no attribute 'name'
ERROR "GET /main/code_to_database/ HTTP/1.1" 500 77285
INFO Watching for file changes with StatReloader
INFO [GET] method: 2021-01-10 20:32:08 ,ip: 127.0.0.1,	path: /main/code_to_database/,	user_id: 2,	sesion_id: 4zyranpr7pptjrakb7zjjk7o07c0sv22	
ERROR Internal Server Error: /main/code_to_database/
Traceback (most recent call last):
  File "D:\Talha\Masaüstü\Masaüstü\Kodlama\venv\lib\site-packages\django\core\handlers\exception.py", line 47, in inner
    response = get_response(request)
  File "D:\Talha\Masaüstü\Masaüstü\Kodlama\venv\lib\site-packages\django\core\handlers\base.py", line 179, in _get_response
    response = wrapped_callback(request, *callback_args, **callback_kwargs)
  File "D:\Talha\Masaüstü\Masaüstü\Kodlama\myERP\main\views.py", line 11, in code_to_database
    cte.get_database_info()
  File "D:\Talha\Masaüstü\Masaüstü\Kodlama\myERP\functions\excel_config\code_to_excel.py", line 72, in get_database_info
    field_obj=self.get_field_obj(field,field_obj_list)
  File "D:\Talha\Masaüstü\Masaüstü\Kodlama\myERP\functions\excel_config\code_to_excel.py", line 132, in get_field_obj
    return self.field_edit(field,FieldLM(),len(field_obj_list)+1,af.get_model(model_name))
  File "D:\Talha\Masaüstü\Masaüstü\Kodlama\myERP\functions\excel_config\code_to_excel.py", line 80, in field_edit
    new_flm.model = model_obj
  File "D:\Talha\Masaüstü\Masaüstü\Kodlama\venv\lib\site-packages\django\db\models\fields\related_descriptors.py", line 215, in __set__
    raise ValueError(
ValueError: Cannot assign "(<ModelLM: Temel - PathLM>, <class 'main.models.PathLM'>)": "FieldLM.model" must be a "ModelLM" instance.
ERROR "GET /main/code_to_database/ HTTP/1.1" 500 86262
INFO Watching for file changes with StatReloader
INFO [GET] method: 2021-01-10 20:35:26 ,ip: 127.0.0.1,	path: /main/code_to_database/,	user_id: 2,	sesion_id: 4zyranpr7pptjrakb7zjjk7o07c0sv22	
INFO "GET /main/code_to_database/ HTTP/1.1" 302 0
INFO [GET] method: 2021-01-10 20:35:50 ,ip: 127.0.0.1,	path: /,	user_id: 2,	sesion_id: 4zyranpr7pptjrakb7zjjk7o07c0sv22	
INFO "GET / HTTP/1.1" 200 179927
INFO [GET] method: 2021-01-10 20:35:51 ,ip: 127.0.0.1,	path: /financial/get_report_data/,	user_id: 2,	sesion_id: 4zyranpr7pptjrakb7zjjk7o07c0sv22	
INFO "GET /financial/get_report_data/?period=30&m_name=Account&field=name HTTP/1.1" 200 472
INFO Watching for file changes with StatReloader
INFO [GET] method: 2021-01-10 22:31:14 ,ip: 127.0.0.1,	path: /main/code_to_database/,	user_id: 2,	sesion_id: 4zyranpr7pptjrakb7zjjk7o07c0sv22	
INFO "GET /main/code_to_database/ HTTP/1.1" 302 0
INFO [GET] method: 2021-01-10 22:31:14 ,ip: 127.0.0.1,	path: /,	user_id: 2,	sesion_id: 4zyranpr7pptjrakb7zjjk7o07c0sv22	
INFO "GET / HTTP/1.1" 200 179927
INFO [GET] method: 2021-01-10 22:31:15 ,ip: 127.0.0.1,	path: /financial/get_report_data/,	user_id: 2,	sesion_id: 4zyranpr7pptjrakb7zjjk7o07c0sv22	
INFO "GET /financial/get_report_data/?period=30&m_name=Account&field=name HTTP/1.1" 200 472
INFO D:\Talha\Masaüstü\Masaüstü\Kodlama\myERP\functions\excel_config\code_to_excel.py changed, reloading.
INFO Watching for file changes with StatReloader
INFO Watching for file changes with StatReloader
INFO [GET] method: 2021-01-10 22:32:11 ,ip: 127.0.0.1,	path: /main/code_to_database/,	user_id: 2,	sesion_id: 4zyranpr7pptjrakb7zjjk7o07c0sv22	
INFO "GET /main/code_to_database/ HTTP/1.1" 302 0
INFO [GET] method: 2021-01-10 22:32:11 ,ip: 127.0.0.1,	path: /,	user_id: 2,	sesion_id: 4zyranpr7pptjrakb7zjjk7o07c0sv22	
INFO "GET / HTTP/1.1" 200 179927
INFO [GET] method: 2021-01-10 22:32:12 ,ip: 127.0.0.1,	path: /financial/get_report_data/,	user_id: 2,	sesion_id: 4zyranpr7pptjrakb7zjjk7o07c0sv22	
INFO "GET /financial/get_report_data/?period=30&m_name=Account&field=name HTTP/1.1" 200 472
INFO Watching for file changes with StatReloader
INFO [GET] method: 2021-01-10 22:32:20 ,ip: 127.0.0.1,	path: /main/code_to_database/,	user_id: 2,	sesion_id: 4zyranpr7pptjrakb7zjjk7o07c0sv22	
INFO "GET /main/code_to_database/ HTTP/1.1" 302 0
INFO [GET] method: 2021-01-10 22:32:20 ,ip: 127.0.0.1,	path: /,	user_id: 2,	sesion_id: 4zyranpr7pptjrakb7zjjk7o07c0sv22	
INFO "GET / HTTP/1.1" 200 179927
INFO [GET] method: 2021-01-10 22:32:21 ,ip: 127.0.0.1,	path: /financial/get_report_data/,	user_id: 2,	sesion_id: 4zyranpr7pptjrakb7zjjk7o07c0sv22	
INFO "GET /financial/get_report_data/?period=30&m_name=Account&field=name HTTP/1.1" 200 472
INFO Watching for file changes with StatReloader
INFO [GET] method: 2021-01-10 22:33:16 ,ip: 127.0.0.1,	path: /main/code_to_database/,	user_id: 2,	sesion_id: 4zyranpr7pptjrakb7zjjk7o07c0sv22	
INFO "GET /main/code_to_database/ HTTP/1.1" 302 0
INFO [GET] method: 2021-01-10 22:33:16 ,ip: 127.0.0.1,	path: /,	user_id: 2,	sesion_id: 4zyranpr7pptjrakb7zjjk7o07c0sv22	
INFO "GET / HTTP/1.1" 200 179927
INFO [GET] method: 2021-01-10 22:33:17 ,ip: 127.0.0.1,	path: /financial/get_report_data/,	user_id: 2,	sesion_id: 4zyranpr7pptjrakb7zjjk7o07c0sv22	
INFO "GET /financial/get_report_data/?period=30&m_name=Account&field=name HTTP/1.1" 200 472
INFO Watching for file changes with StatReloader
INFO [GET] method: 2021-01-10 22:33:39 ,ip: 127.0.0.1,	path: /main/code_to_database/,	user_id: 2,	sesion_id: 4zyranpr7pptjrakb7zjjk7o07c0sv22	
INFO "GET /main/code_to_database/ HTTP/1.1" 302 0
INFO [GET] method: 2021-01-10 22:33:39 ,ip: 127.0.0.1,	path: /,	user_id: 2,	sesion_id: 4zyranpr7pptjrakb7zjjk7o07c0sv22	
INFO "GET / HTTP/1.1" 200 179927
INFO [GET] method: 2021-01-10 22:33:40 ,ip: 127.0.0.1,	path: /financial/get_report_data/,	user_id: 2,	sesion_id: 4zyranpr7pptjrakb7zjjk7o07c0sv22	
INFO "GET /financial/get_report_data/?period=30&m_name=Account&field=name HTTP/1.1" 200 472
INFO Watching for file changes with StatReloader
INFO [GET] method: 2021-01-10 22:34:00 ,ip: 127.0.0.1,	path: /main/code_to_database/,	user_id: 2,	sesion_id: 4zyranpr7pptjrakb7zjjk7o07c0sv22	
INFO "GET /main/code_to_database/ HTTP/1.1" 302 0
INFO [GET] method: 2021-01-10 22:34:00 ,ip: 127.0.0.1,	path: /,	user_id: 2,	sesion_id: 4zyranpr7pptjrakb7zjjk7o07c0sv22	
INFO "GET / HTTP/1.1" 200 179927
INFO [GET] method: 2021-01-10 22:34:01 ,ip: 127.0.0.1,	path: /financial/get_report_data/,	user_id: 2,	sesion_id: 4zyranpr7pptjrakb7zjjk7o07c0sv22	
INFO "GET /financial/get_report_data/?period=30&m_name=Account&field=name HTTP/1.1" 200 472
INFO D:\Talha\Masaüstü\Masaüstü\Kodlama\myERP\functions\excel_config\code_to_excel.py changed, reloading.
INFO Watching for file changes with StatReloader
INFO [GET] method: 2021-01-10 22:35:31 ,ip: 127.0.0.1,	path: /main/code_to_database/,	user_id: 2,	sesion_id: 4zyranpr7pptjrakb7zjjk7o07c0sv22	
INFO "GET /main/code_to_database/ HTTP/1.1" 302 0
INFO [GET] method: 2021-01-10 22:35:31 ,ip: 127.0.0.1,	path: /,	user_id: 2,	sesion_id: 4zyranpr7pptjrakb7zjjk7o07c0sv22	
INFO "GET / HTTP/1.1" 200 179927
INFO [GET] method: 2021-01-10 22:35:32 ,ip: 127.0.0.1,	path: /financial/get_report_data/,	user_id: 2,	sesion_id: 4zyranpr7pptjrakb7zjjk7o07c0sv22	
INFO "GET /financial/get_report_data/?period=30&m_name=Account&field=name HTTP/1.1" 200 472
INFO D:\Talha\Masaüstü\Masaüstü\Kodlama\myERP\functions\excel_config\code_to_excel.py changed, reloading.
INFO Watching for file changes with StatReloader
INFO Watching for file changes with StatReloader
INFO [GET] method: 2021-01-10 22:37:05 ,ip: 127.0.0.1,	path: /main/code_to_database/,	user_id: 2,	sesion_id: 4zyranpr7pptjrakb7zjjk7o07c0sv22	
ERROR Internal Server Error: /main/code_to_database/
Traceback (most recent call last):
  File "D:\Talha\Masaüstü\Masaüstü\Kodlama\venv\lib\site-packages\django\core\handlers\exception.py", line 47, in inner
    response = get_response(request)
  File "D:\Talha\Masaüstü\Masaüstü\Kodlama\venv\lib\site-packages\django\core\handlers\base.py", line 179, in _get_response
    response = wrapped_callback(request, *callback_args, **callback_kwargs)
  File "D:\Talha\Masaüstü\Masaüstü\Kodlama\myERP\main\views.py", line 12, in code_to_database
    cte.get_urls()
  File "D:\Talha\Masaüstü\Masaüstü\Kodlama\myERP\functions\excel_config\code_to_excel.py", line 141, in get_urls
    print("\t"+sub_url)
TypeError: can only concatenate str (not "URLPattern") to str
ERROR "GET /main/code_to_database/ HTTP/1.1" 500 72613
INFO Watching for file changes with StatReloader
INFO [GET] method: 2021-01-10 23:04:01 ,ip: 127.0.0.1,	path: /main/code_to_database/,	user_id: 2,	sesion_id: 4zyranpr7pptjrakb7zjjk7o07c0sv22	
INFO "GET /main/code_to_database/ HTTP/1.1" 302 0
INFO [GET] method: 2021-01-10 23:04:01 ,ip: 127.0.0.1,	path: /,	user_id: 2,	sesion_id: 4zyranpr7pptjrakb7zjjk7o07c0sv22	
INFO "GET / HTTP/1.1" 200 179927
INFO [GET] method: 2021-01-10 23:04:02 ,ip: 127.0.0.1,	path: /financial/get_report_data/,	user_id: 2,	sesion_id: 4zyranpr7pptjrakb7zjjk7o07c0sv22	
INFO "GET /financial/get_report_data/?period=30&m_name=Account&field=name HTTP/1.1" 200 472
INFO Watching for file changes with StatReloader
INFO [GET] method: 2021-01-10 23:09:43 ,ip: 127.0.0.1,	path: /main/code_to_database/,	user_id: 2,	sesion_id: 4zyranpr7pptjrakb7zjjk7o07c0sv22	
INFO "GET /main/code_to_database/ HTTP/1.1" 302 0
INFO [GET] method: 2021-01-10 23:09:44 ,ip: 127.0.0.1,	path: /,	user_id: 2,	sesion_id: 4zyranpr7pptjrakb7zjjk7o07c0sv22	
INFO "GET / HTTP/1.1" 200 179927
INFO [GET] method: 2021-01-10 23:09:45 ,ip: 127.0.0.1,	path: /financial/get_report_data/,	user_id: 2,	sesion_id: 4zyranpr7pptjrakb7zjjk7o07c0sv22	
INFO "GET /financial/get_report_data/?period=30&m_name=Account&field=name HTTP/1.1" 200 472
INFO Watching for file changes with StatReloader
INFO [GET] method: 2021-01-10 23:10:00 ,ip: 127.0.0.1,	path: /main/code_to_database/,	user_id: 2,	sesion_id: 4zyranpr7pptjrakb7zjjk7o07c0sv22	
INFO "GET /main/code_to_database/ HTTP/1.1" 302 0
INFO [GET] method: 2021-01-10 23:10:00 ,ip: 127.0.0.1,	path: /,	user_id: 2,	sesion_id: 4zyranpr7pptjrakb7zjjk7o07c0sv22	
INFO "GET / HTTP/1.1" 200 179927
INFO [GET] method: 2021-01-10 23:10:02 ,ip: 127.0.0.1,	path: /financial/get_report_data/,	user_id: 2,	sesion_id: 4zyranpr7pptjrakb7zjjk7o07c0sv22	
INFO "GET /financial/get_report_data/?period=30&m_name=Account&field=name HTTP/1.1" 200 472
INFO Watching for file changes with StatReloader
INFO [GET] method: 2021-01-10 23:10:25 ,ip: 127.0.0.1,	path: /main/code_to_database/,	user_id: 2,	sesion_id: 4zyranpr7pptjrakb7zjjk7o07c0sv22	
ERROR Internal Server Error: /main/code_to_database/
Traceback (most recent call last):
  File "D:\Talha\Masaüstü\Masaüstü\Kodlama\venv\lib\site-packages\django\core\handlers\exception.py", line 47, in inner
    response = get_response(request)
  File "D:\Talha\Masaüstü\Masaüstü\Kodlama\venv\lib\site-packages\django\core\handlers\base.py", line 179, in _get_response
    response = wrapped_callback(request, *callback_args, **callback_kwargs)
  File "D:\Talha\Masaüstü\Masaüstü\Kodlama\myERP\main\views.py", line 12, in code_to_database
    cte.get_urls()
  File "D:\Talha\Masaüstü\Masaüstü\Kodlama\myERP\functions\excel_config\code_to_excel.py", line 141, in get_urls
    print(sub_url.pattern,sub_url.name)
AttributeError: 'URLResolver' object has no attribute 'name'
ERROR "GET /main/code_to_database/ HTTP/1.1" 500 72694
INFO Watching for file changes with StatReloader
INFO [GET] method: 2021-01-10 23:25:29 ,ip: 127.0.0.1,	path: /main/code_to_database/,	user_id: 2,	sesion_id: 4zyranpr7pptjrakb7zjjk7o07c0sv22	
INFO "GET /main/code_to_database/ HTTP/1.1" 302 0
INFO [GET] method: 2021-01-10 23:25:30 ,ip: 127.0.0.1,	path: /,	user_id: 2,	sesion_id: 4zyranpr7pptjrakb7zjjk7o07c0sv22	
INFO "GET / HTTP/1.1" 200 179927
INFO [GET] method: 2021-01-10 23:25:31 ,ip: 127.0.0.1,	path: /financial/get_report_data/,	user_id: 2,	sesion_id: 4zyranpr7pptjrakb7zjjk7o07c0sv22	
INFO "GET /financial/get_report_data/?period=30&m_name=Account&field=name HTTP/1.1" 200 472
INFO Watching for file changes with StatReloader
INFO [GET] method: 2021-01-10 23:27:22 ,ip: 127.0.0.1,	path: /main/code_to_database/,	user_id: 2,	sesion_id: 4zyranpr7pptjrakb7zjjk7o07c0sv22	
ERROR Internal Server Error: /main/code_to_database/
Traceback (most recent call last):
  File "D:\Talha\Masaüstü\Masaüstü\Kodlama\venv\lib\site-packages\django\core\handlers\exception.py", line 47, in inner
    response = get_response(request)
  File "D:\Talha\Masaüstü\Masaüstü\Kodlama\venv\lib\site-packages\django\core\handlers\base.py", line 179, in _get_response
    response = wrapped_callback(request, *callback_args, **callback_kwargs)
  File "D:\Talha\Masaüstü\Masaüstü\Kodlama\myERP\main\views.py", line 12, in code_to_database
    cte.get_urls()
  File "D:\Talha\Masaüstü\Masaüstü\Kodlama\myERP\functions\excel_config\code_to_excel.py", line 141, in get_urls
    print(sub_url.pattern,sub_url.name,sub_url.__dict__)
AttributeError: 'URLResolver' object has no attribute 'name'
ERROR "GET /main/code_to_database/ HTTP/1.1" 500 72728
INFO Watching for file changes with StatReloader
INFO [GET] method: 2021-01-10 23:27:37 ,ip: 127.0.0.1,	path: /main/code_to_database/,	user_id: 2,	sesion_id: 4zyranpr7pptjrakb7zjjk7o07c0sv22	
ERROR Internal Server Error: /main/code_to_database/
Traceback (most recent call last):
  File "D:\Talha\Masaüstü\Masaüstü\Kodlama\venv\lib\site-packages\django\core\handlers\exception.py", line 47, in inner
    response = get_response(request)
  File "D:\Talha\Masaüstü\Masaüstü\Kodlama\venv\lib\site-packages\django\core\handlers\base.py", line 179, in _get_response
    response = wrapped_callback(request, *callback_args, **callback_kwargs)
  File "D:\Talha\Masaüstü\Masaüstü\Kodlama\myERP\main\views.py", line 12, in code_to_database
    cte.get_urls()
  File "D:\Talha\Masaüstü\Masaüstü\Kodlama\myERP\functions\excel_config\code_to_excel.py", line 142, in get_urls
    print(sub_url.name)
AttributeError: 'URLResolver' object has no attribute 'name'
ERROR "GET /main/code_to_database/ HTTP/1.1" 500 72823
INFO Watching for file changes with StatReloader
INFO [GET] method: 2021-01-10 23:28:26 ,ip: 127.0.0.1,	path: /main/code_to_database/,	user_id: 2,	sesion_id: 4zyranpr7pptjrakb7zjjk7o07c0sv22	
INFO "GET /main/code_to_database/ HTTP/1.1" 302 0
INFO [GET] method: 2021-01-10 23:28:26 ,ip: 127.0.0.1,	path: /,	user_id: 2,	sesion_id: 4zyranpr7pptjrakb7zjjk7o07c0sv22	
INFO "GET / HTTP/1.1" 200 179927
INFO [GET] method: 2021-01-10 23:28:27 ,ip: 127.0.0.1,	path: /financial/get_report_data/,	user_id: 2,	sesion_id: 4zyranpr7pptjrakb7zjjk7o07c0sv22	
INFO "GET /financial/get_report_data/?period=30&m_name=Account&field=name HTTP/1.1" 200 472
INFO Watching for file changes with StatReloader
INFO [GET] method: 2021-01-10 23:29:07 ,ip: 127.0.0.1,	path: /main/code_to_database/,	user_id: 2,	sesion_id: 4zyranpr7pptjrakb7zjjk7o07c0sv22	
INFO "GET /main/code_to_database/ HTTP/1.1" 302 0
INFO [GET] method: 2021-01-10 23:29:07 ,ip: 127.0.0.1,	path: /,	user_id: 2,	sesion_id: 4zyranpr7pptjrakb7zjjk7o07c0sv22	
INFO "GET / HTTP/1.1" 200 179927
INFO [GET] method: 2021-01-10 23:29:08 ,ip: 127.0.0.1,	path: /financial/get_report_data/,	user_id: 2,	sesion_id: 4zyranpr7pptjrakb7zjjk7o07c0sv22	
INFO "GET /financial/get_report_data/?period=30&m_name=Account&field=name HTTP/1.1" 200 472
INFO Watching for file changes with StatReloader
INFO [GET] method: 2021-01-10 23:32:17 ,ip: 127.0.0.1,	path: /main/code_to_database/,	user_id: 2,	sesion_id: 4zyranpr7pptjrakb7zjjk7o07c0sv22	
INFO "GET /main/code_to_database/ HTTP/1.1" 302 0
INFO [GET] method: 2021-01-10 23:32:18 ,ip: 127.0.0.1,	path: /,	user_id: 2,	sesion_id: 4zyranpr7pptjrakb7zjjk7o07c0sv22	
INFO "GET / HTTP/1.1" 200 179927
INFO [GET] method: 2021-01-10 23:32:19 ,ip: 127.0.0.1,	path: /financial/get_report_data/,	user_id: 2,	sesion_id: 4zyranpr7pptjrakb7zjjk7o07c0sv22	
INFO "GET /financial/get_report_data/?period=30&m_name=Account&field=name HTTP/1.1" 200 472
INFO Watching for file changes with StatReloader
INFO [GET] method: 2021-01-10 23:32:28 ,ip: 127.0.0.1,	path: /main/code_to_database/,	user_id: 2,	sesion_id: 4zyranpr7pptjrakb7zjjk7o07c0sv22	
INFO "GET /main/code_to_database/ HTTP/1.1" 302 0
INFO [GET] method: 2021-01-10 23:32:28 ,ip: 127.0.0.1,	path: /,	user_id: 2,	sesion_id: 4zyranpr7pptjrakb7zjjk7o07c0sv22	
INFO "GET / HTTP/1.1" 200 179927
INFO [GET] method: 2021-01-10 23:32:29 ,ip: 127.0.0.1,	path: /financial/get_report_data/,	user_id: 2,	sesion_id: 4zyranpr7pptjrakb7zjjk7o07c0sv22	
INFO "GET /financial/get_report_data/?period=30&m_name=Account&field=name HTTP/1.1" 200 472
INFO Watching for file changes with StatReloader
INFO [GET] method: 2021-01-10 23:32:47 ,ip: 127.0.0.1,	path: /main/code_to_database/,	user_id: 2,	sesion_id: 4zyranpr7pptjrakb7zjjk7o07c0sv22	
INFO "GET /main/code_to_database/ HTTP/1.1" 302 0
INFO [GET] method: 2021-01-10 23:32:47 ,ip: 127.0.0.1,	path: /,	user_id: 2,	sesion_id: 4zyranpr7pptjrakb7zjjk7o07c0sv22	
INFO "GET / HTTP/1.1" 200 179927
INFO [GET] method: 2021-01-10 23:32:48 ,ip: 127.0.0.1,	path: /financial/get_report_data/,	user_id: 2,	sesion_id: 4zyranpr7pptjrakb7zjjk7o07c0sv22	
INFO "GET /financial/get_report_data/?period=30&m_name=Account&field=name HTTP/1.1" 200 472
INFO Watching for file changes with StatReloader
INFO [GET] method: 2021-01-10 23:33:14 ,ip: 127.0.0.1,	path: /main/code_to_database/,	user_id: 2,	sesion_id: 4zyranpr7pptjrakb7zjjk7o07c0sv22	
INFO "GET /main/code_to_database/ HTTP/1.1" 302 0
INFO [GET] method: 2021-01-10 23:33:14 ,ip: 127.0.0.1,	path: /,	user_id: 2,	sesion_id: 4zyranpr7pptjrakb7zjjk7o07c0sv22	
INFO "GET / HTTP/1.1" 200 179927
INFO [GET] method: 2021-01-10 23:33:15 ,ip: 127.0.0.1,	path: /financial/get_report_data/,	user_id: 2,	sesion_id: 4zyranpr7pptjrakb7zjjk7o07c0sv22	
INFO "GET /financial/get_report_data/?period=30&m_name=Account&field=name HTTP/1.1" 200 472
INFO Watching for file changes with StatReloader
INFO [GET] method: 2021-01-10 23:33:23 ,ip: 127.0.0.1,	path: /main/code_to_database/,	user_id: 2,	sesion_id: 4zyranpr7pptjrakb7zjjk7o07c0sv22	
INFO "GET /main/code_to_database/ HTTP/1.1" 302 0
INFO [GET] method: 2021-01-10 23:33:23 ,ip: 127.0.0.1,	path: /,	user_id: 2,	sesion_id: 4zyranpr7pptjrakb7zjjk7o07c0sv22	
INFO "GET / HTTP/1.1" 200 179927
INFO [GET] method: 2021-01-10 23:33:24 ,ip: 127.0.0.1,	path: /financial/get_report_data/,	user_id: 2,	sesion_id: 4zyranpr7pptjrakb7zjjk7o07c0sv22	
INFO "GET /financial/get_report_data/?period=30&m_name=Account&field=name HTTP/1.1" 200 472
INFO Watching for file changes with StatReloader
INFO [GET] method: 2021-01-10 23:33:55 ,ip: 127.0.0.1,	path: /main/code_to_database/,	user_id: 2,	sesion_id: 4zyranpr7pptjrakb7zjjk7o07c0sv22	
INFO "GET /main/code_to_database/ HTTP/1.1" 302 0
INFO [GET] method: 2021-01-10 23:33:55 ,ip: 127.0.0.1,	path: /,	user_id: 2,	sesion_id: 4zyranpr7pptjrakb7zjjk7o07c0sv22	
INFO "GET / HTTP/1.1" 200 179927
INFO [GET] method: 2021-01-10 23:33:56 ,ip: 127.0.0.1,	path: /financial/get_report_data/,	user_id: 2,	sesion_id: 4zyranpr7pptjrakb7zjjk7o07c0sv22	
INFO "GET /financial/get_report_data/?period=30&m_name=Account&field=name HTTP/1.1" 200 472
INFO Watching for file changes with StatReloader
INFO [GET] method: 2021-01-10 23:34:41 ,ip: 127.0.0.1,	path: /main/code_to_database/,	user_id: 2,	sesion_id: 4zyranpr7pptjrakb7zjjk7o07c0sv22	
INFO "GET /main/code_to_database/ HTTP/1.1" 302 0
INFO [GET] method: 2021-01-10 23:34:42 ,ip: 127.0.0.1,	path: /,	user_id: 2,	sesion_id: 4zyranpr7pptjrakb7zjjk7o07c0sv22	
INFO "GET / HTTP/1.1" 200 179927
INFO [GET] method: 2021-01-10 23:34:43 ,ip: 127.0.0.1,	path: /financial/get_report_data/,	user_id: 2,	sesion_id: 4zyranpr7pptjrakb7zjjk7o07c0sv22	
INFO "GET /financial/get_report_data/?period=30&m_name=Account&field=name HTTP/1.1" 200 472
INFO Watching for file changes with StatReloader
INFO [GET] method: 2021-01-10 23:36:28 ,ip: 127.0.0.1,	path: /main/code_to_database/,	user_id: 2,	sesion_id: 4zyranpr7pptjrakb7zjjk7o07c0sv22	
ERROR Internal Server Error: /main/code_to_database/
Traceback (most recent call last):
  File "D:\Talha\Masaüstü\Masaüstü\Kodlama\venv\lib\site-packages\django\core\handlers\exception.py", line 47, in inner
    response = get_response(request)
  File "D:\Talha\Masaüstü\Masaüstü\Kodlama\venv\lib\site-packages\django\core\handlers\base.py", line 179, in _get_response
    response = wrapped_callback(request, *callback_args, **callback_kwargs)
  File "D:\Talha\Masaüstü\Masaüstü\Kodlama\myERP\main\views.py", line 12, in code_to_database
    cte.get_urls()
  File "D:\Talha\Masaüstü\Masaüstü\Kodlama\myERP\functions\excel_config\code_to_excel.py", line 140, in get_urls
    print(url.name,url.pattern.regex.__dict__)
AttributeError: 're.Pattern' object has no attribute '__dict__'
ERROR "GET /main/code_to_database/ HTTP/1.1" 500 72600
INFO Watching for file changes with StatReloader
INFO Watching for file changes with StatReloader
INFO [GET] method: 2021-01-10 23:37:02 ,ip: 127.0.0.1,	path: /main/code_to_database/,	user_id: 2,	sesion_id: 4zyranpr7pptjrakb7zjjk7o07c0sv22	
INFO "GET /main/code_to_database/ HTTP/1.1" 302 0
INFO [GET] method: 2021-01-10 23:37:02 ,ip: 127.0.0.1,	path: /,	user_id: 2,	sesion_id: 4zyranpr7pptjrakb7zjjk7o07c0sv22	
INFO "GET / HTTP/1.1" 200 179927
INFO [GET] method: 2021-01-10 23:37:03 ,ip: 127.0.0.1,	path: /financial/get_report_data/,	user_id: 2,	sesion_id: 4zyranpr7pptjrakb7zjjk7o07c0sv22	
INFO "GET /financial/get_report_data/?period=30&m_name=Account&field=name HTTP/1.1" 200 472
