INFO Watching for file changes with StatReloader
INFO "GET /main/code_to_database HTTP/1.1" 301 0
INFO [GET] method: 2021-01-11 19:57:02 ,ip: 127.0.0.1,	path: /main/code_to_database/,	user_id: 2,	sesion_id: 4zyranpr7pptjrakb7zjjk7o07c0sv22	
INFO "GET /main/code_to_database/ HTTP/1.1" 302 0
INFO [GET] method: 2021-01-11 19:57:02 ,ip: 127.0.0.1,	path: /,	user_id: 2,	sesion_id: 4zyranpr7pptjrakb7zjjk7o07c0sv22	
INFO "GET / HTTP/1.1" 200 179927
INFO "GET /static/dist/css/ionicons.css HTTP/1.1" 200 51293
INFO "GET /static/plugins/fontawesome-free/css/all.min.css HTTP/1.1" 200 58578
INFO "GET /static/dist/css/adminlte.min.css HTTP/1.1" 200 689621
INFO "GET /static/plugins/select2/css/select2.min.css HTTP/1.1" 200 14966
INFO "GET /static/plugins/jquery/jquery.min.js HTTP/1.1" 200 88145
INFO "GET /static/plugins/daterangepicker/daterangepicker.css HTTP/1.1" 200 8063
INFO "GET /static/plugins/select2-bootstrap4-theme/select2-bootstrap4.min.css HTTP/1.1" 200 5158
INFO "GET /static/dist/img/AdminLTELogo.png HTTP/1.1" 200 10380
INFO "GET /static/plugins/chart.js/Chart.min.js HTTP/1.1" 200 172812
INFO "GET /static/plugins/fontawesome-free/webfonts/fa-solid-900.woff2 HTTP/1.1" 200 79444
INFO "GET /static/plugins/select2/js/select2.full.min.js HTTP/1.1" 200 79172
INFO "GET /static/plugins/moment/moment.min.js HTTP/1.1" 200 53324
INFO "GET /static/plugins/inputmask/min/jquery.inputmask.bundle.min.js HTTP/1.1" 200 118400
INFO [GET] method: 2021-01-11 19:57:04 ,ip: 127.0.0.1,	path: /media/profile_pic/DSC_0487.JPG,	user_id: 2,	sesion_id: 4zyranpr7pptjrakb7zjjk7o07c0sv22	
INFO "GET /static/plugins/daterangepicker/daterangepicker.js HTTP/1.1" 200 67268
INFO "GET /static/dist/js/adminlte.min.js HTTP/1.1" 200 25193
INFO "GET /static/plugins/bootstrap/js/bootstrap.bundle.min.js HTTP/1.1" 200 80698
INFO "GET /media/profile_pic/DSC_0487.JPG HTTP/1.1" 200 4672255
INFO [GET] method: 2021-01-11 19:57:04 ,ip: 127.0.0.1,	path: /financial/get_report_data/,	user_id: 2,	sesion_id: 4zyranpr7pptjrakb7zjjk7o07c0sv22	
INFO [GET] method: 2021-01-11 19:57:04 ,ip: 127.0.0.1,	path: /favicon.ico,	user_id: 2,	sesion_id: 4zyranpr7pptjrakb7zjjk7o07c0sv22	
INFO "GET /financial/get_report_data/?period=30&m_name=Account&field=name HTTP/1.1" 200 472
WARNING Not Found: /favicon.ico
WARNING "GET /favicon.ico HTTP/1.1" 404 5391
INFO Watching for file changes with StatReloader
INFO [GET] method: 2021-01-11 19:57:24 ,ip: 127.0.0.1,	path: /main/code_to_database/,	user_id: 2,	sesion_id: 4zyranpr7pptjrakb7zjjk7o07c0sv22	
INFO "GET /main/code_to_database/ HTTP/1.1" 302 0
INFO [GET] method: 2021-01-11 19:57:24 ,ip: 127.0.0.1,	path: /,	user_id: 2,	sesion_id: 4zyranpr7pptjrakb7zjjk7o07c0sv22	
INFO "GET / HTTP/1.1" 200 179927
INFO [GET] method: 2021-01-11 19:57:26 ,ip: 127.0.0.1,	path: /financial/get_report_data/,	user_id: 2,	sesion_id: 4zyranpr7pptjrakb7zjjk7o07c0sv22	
INFO "GET /financial/get_report_data/?period=30&m_name=Account&field=name HTTP/1.1" 200 472
INFO Watching for file changes with StatReloader
INFO [GET] method: 2021-01-11 19:57:51 ,ip: 127.0.0.1,	path: /main/code_to_database/,	user_id: 2,	sesion_id: 4zyranpr7pptjrakb7zjjk7o07c0sv22	
INFO "GET /main/code_to_database/ HTTP/1.1" 302 0
INFO [GET] method: 2021-01-11 19:57:51 ,ip: 127.0.0.1,	path: /,	user_id: 2,	sesion_id: 4zyranpr7pptjrakb7zjjk7o07c0sv22	
INFO "GET / HTTP/1.1" 200 179927
INFO [GET] method: 2021-01-11 19:57:52 ,ip: 127.0.0.1,	path: /financial/get_report_data/,	user_id: 2,	sesion_id: 4zyranpr7pptjrakb7zjjk7o07c0sv22	
INFO "GET /financial/get_report_data/?period=30&m_name=Account&field=name HTTP/1.1" 200 472
INFO Watching for file changes with StatReloader
INFO [GET] method: 2021-01-11 19:58:23 ,ip: 127.0.0.1,	path: /main/code_to_database/,	user_id: 2,	sesion_id: 4zyranpr7pptjrakb7zjjk7o07c0sv22	
INFO "GET /main/code_to_database/ HTTP/1.1" 302 0
INFO [GET] method: 2021-01-11 19:58:23 ,ip: 127.0.0.1,	path: /,	user_id: 2,	sesion_id: 4zyranpr7pptjrakb7zjjk7o07c0sv22	
INFO "GET / HTTP/1.1" 200 179927
INFO [GET] method: 2021-01-11 19:58:25 ,ip: 127.0.0.1,	path: /financial/get_report_data/,	user_id: 2,	sesion_id: 4zyranpr7pptjrakb7zjjk7o07c0sv22	
INFO "GET /financial/get_report_data/?period=30&m_name=Account&field=name HTTP/1.1" 200 472
INFO Watching for file changes with StatReloader
INFO [GET] method: 2021-01-11 19:59:05 ,ip: 127.0.0.1,	path: /main/code_to_database/,	user_id: 2,	sesion_id: 4zyranpr7pptjrakb7zjjk7o07c0sv22	
ERROR Internal Server Error: /main/code_to_database/
Traceback (most recent call last):
  File "D:\Talha\Masaüstü\Masaüstü\Kodlama\venv\lib\site-packages\django\core\handlers\exception.py", line 47, in inner
    response = get_response(request)
  File "D:\Talha\Masaüstü\Masaüstü\Kodlama\venv\lib\site-packages\django\core\handlers\base.py", line 179, in _get_response
    response = wrapped_callback(request, *callback_args, **callback_kwargs)
  File "D:\Talha\Masaüstü\Masaüstü\Kodlama\myERP\main\views.py", line 12, in code_to_database
    cte.get_urls()
  File "D:\Talha\Masaüstü\Masaüstü\Kodlama\myERP\functions\excel_config\code_to_excel.py", line 140, in get_urls
    print(url.name,url.callback.view_class)
AttributeError: 'function' object has no attribute 'view_class'
ERROR "GET /main/code_to_database/ HTTP/1.1" 500 72915
INFO Watching for file changes with StatReloader
INFO [GET] method: 2021-01-11 19:59:15 ,ip: 127.0.0.1,	path: /main/code_to_database/,	user_id: 2,	sesion_id: 4zyranpr7pptjrakb7zjjk7o07c0sv22	
ERROR Internal Server Error: /main/code_to_database/
Traceback (most recent call last):
  File "D:\Talha\Masaüstü\Masaüstü\Kodlama\venv\lib\site-packages\django\core\handlers\exception.py", line 47, in inner
    response = get_response(request)
  File "D:\Talha\Masaüstü\Masaüstü\Kodlama\venv\lib\site-packages\django\core\handlers\base.py", line 179, in _get_response
    response = wrapped_callback(request, *callback_args, **callback_kwargs)
  File "D:\Talha\Masaüstü\Masaüstü\Kodlama\myERP\main\views.py", line 12, in code_to_database
    cte.get_urls()
  File "D:\Talha\Masaüstü\Masaüstü\Kodlama\myERP\functions\excel_config\code_to_excel.py", line 140, in get_urls
    print(url.name,url.callback.view_class.__dict__)
AttributeError: 'function' object has no attribute 'view_class'
ERROR "GET /main/code_to_database/ HTTP/1.1" 500 72933
INFO Watching for file changes with StatReloader
INFO [GET] method: 2021-01-11 20:00:18 ,ip: 127.0.0.1,	path: /main/code_to_database/,	user_id: 2,	sesion_id: 4zyranpr7pptjrakb7zjjk7o07c0sv22	
INFO "GET /main/code_to_database/ HTTP/1.1" 302 0
INFO [GET] method: 2021-01-11 20:00:18 ,ip: 127.0.0.1,	path: /,	user_id: 2,	sesion_id: 4zyranpr7pptjrakb7zjjk7o07c0sv22	
INFO "GET / HTTP/1.1" 200 179927
INFO [GET] method: 2021-01-11 20:00:19 ,ip: 127.0.0.1,	path: /financial/get_report_data/,	user_id: 2,	sesion_id: 4zyranpr7pptjrakb7zjjk7o07c0sv22	
INFO "GET /financial/get_report_data/?period=30&m_name=Account&field=name HTTP/1.1" 200 472
INFO Watching for file changes with StatReloader
INFO [GET] method: 2021-01-11 20:03:05 ,ip: 127.0.0.1,	path: /main/code_to_database/,	user_id: 2,	sesion_id: 4zyranpr7pptjrakb7zjjk7o07c0sv22	
INFO "GET /main/code_to_database/ HTTP/1.1" 302 0
INFO [GET] method: 2021-01-11 20:03:05 ,ip: 127.0.0.1,	path: /,	user_id: 2,	sesion_id: 4zyranpr7pptjrakb7zjjk7o07c0sv22	
INFO "GET / HTTP/1.1" 200 179927
INFO [GET] method: 2021-01-11 20:03:06 ,ip: 127.0.0.1,	path: /financial/get_report_data/,	user_id: 2,	sesion_id: 4zyranpr7pptjrakb7zjjk7o07c0sv22	
INFO "GET /financial/get_report_data/?period=30&m_name=Account&field=name HTTP/1.1" 200 472
INFO D:\Talha\Masaüstü\Masaüstü\Kodlama\myERP\functions\excel_config\code_to_excel.py changed, reloading.
INFO Watching for file changes with StatReloader
INFO Watching for file changes with StatReloader
INFO [GET] method: 2021-01-11 20:05:46 ,ip: 127.0.0.1,	path: /main/code_to_database/,	user_id: 2,	sesion_id: 4zyranpr7pptjrakb7zjjk7o07c0sv22	
ERROR Internal Server Error: /main/code_to_database/
Traceback (most recent call last):
  File "D:\Talha\Masaüstü\Masaüstü\Kodlama\venv\lib\site-packages\django\core\handlers\exception.py", line 47, in inner
    response = get_response(request)
  File "D:\Talha\Masaüstü\Masaüstü\Kodlama\venv\lib\site-packages\django\core\handlers\base.py", line 179, in _get_response
    response = wrapped_callback(request, *callback_args, **callback_kwargs)
  File "D:\Talha\Masaüstü\Masaüstü\Kodlama\myERP\main\views.py", line 12, in code_to_database
    cte.get_urls()
  File "D:\Talha\Masaüstü\Masaüstü\Kodlama\myERP\functions\excel_config\code_to_excel.py", line 136, in get_urls
    print(url.name)
AttributeError: 'URLResolver' object has no attribute 'name'
ERROR "GET /main/code_to_database/ HTTP/1.1" 500 73604
INFO Watching for file changes with StatReloader
INFO [GET] method: 2021-01-11 20:06:41 ,ip: 127.0.0.1,	path: /main/code_to_database/,	user_id: 2,	sesion_id: 4zyranpr7pptjrakb7zjjk7o07c0sv22	
ERROR Internal Server Error: /main/code_to_database/
Traceback (most recent call last):
  File "D:\Talha\Masaüstü\Masaüstü\Kodlama\venv\lib\site-packages\django\core\handlers\exception.py", line 47, in inner
    response = get_response(request)
  File "D:\Talha\Masaüstü\Masaüstü\Kodlama\venv\lib\site-packages\django\core\handlers\base.py", line 179, in _get_response
    response = wrapped_callback(request, *callback_args, **callback_kwargs)
  File "D:\Talha\Masaüstü\Masaüstü\Kodlama\myERP\main\views.py", line 12, in code_to_database
    cte.get_urls()
  File "D:\Talha\Masaüstü\Masaüstü\Kodlama\myERP\functions\excel_config\code_to_excel.py", line 140, in get_urls
    self.get_urls(url)
  File "D:\Talha\Masaüstü\Masaüstü\Kodlama\myERP\functions\excel_config\code_to_excel.py", line 140, in get_urls
    self.get_urls(url)
  File "D:\Talha\Masaüstü\Masaüstü\Kodlama\myERP\functions\excel_config\code_to_excel.py", line 140, in get_urls
    self.get_urls(url)
  [Previous line repeated 952 more times]
  File "D:\Talha\Masaüstü\Masaüstü\Kodlama\myERP\functions\excel_config\code_to_excel.py", line 144, in get_urls
    print("\t"+str(getattr(sub_url.pattern,"_route")))
RecursionError: maximum recursion depth exceeded while calling a Python object
ERROR "GET /main/code_to_database/ HTTP/1.1" 500 7138346
INFO Watching for file changes with StatReloader
INFO [GET] method: 2021-01-11 20:15:35 ,ip: 127.0.0.1,	path: /main/code_to_database/,	user_id: 2,	sesion_id: 4zyranpr7pptjrakb7zjjk7o07c0sv22	
ERROR Internal Server Error: /main/code_to_database/
Traceback (most recent call last):
  File "D:\Talha\Masaüstü\Masaüstü\Kodlama\venv\lib\site-packages\django\core\handlers\exception.py", line 47, in inner
    response = get_response(request)
  File "D:\Talha\Masaüstü\Masaüstü\Kodlama\venv\lib\site-packages\django\core\handlers\base.py", line 179, in _get_response
    response = wrapped_callback(request, *callback_args, **callback_kwargs)
  File "D:\Talha\Masaüstü\Masaüstü\Kodlama\myERP\main\views.py", line 12, in code_to_database
    cte.get_urls()
  File "D:\Talha\Masaüstü\Masaüstü\Kodlama\myERP\functions\excel_config\code_to_excel.py", line 139, in get_urls
    self.get_urls(url)
  File "D:\Talha\Masaüstü\Masaüstü\Kodlama\myERP\functions\excel_config\code_to_excel.py", line 139, in get_urls
    self.get_urls(url)
  File "D:\Talha\Masaüstü\Masaüstü\Kodlama\myERP\functions\excel_config\code_to_excel.py", line 139, in get_urls
    self.get_urls(url)
  [Previous line repeated 951 more times]
  File "D:\Talha\Masaüstü\Masaüstü\Kodlama\myERP\functions\excel_config\code_to_excel.py", line 136, in get_urls
    print(url.pattern.__dict__)
RecursionError: maximum recursion depth exceeded while getting the repr of an object
ERROR "GET /main/code_to_database/ HTTP/1.1" 500 7065510
INFO Watching for file changes with StatReloader
INFO [GET] method: 2021-01-11 20:28:36 ,ip: 127.0.0.1,	path: /main/code_to_database/,	user_id: 2,	sesion_id: 4zyranpr7pptjrakb7zjjk7o07c0sv22	
ERROR Internal Server Error: /main/code_to_database/
Traceback (most recent call last):
  File "D:\Talha\Masaüstü\Masaüstü\Kodlama\venv\lib\site-packages\django\core\handlers\exception.py", line 47, in inner
    response = get_response(request)
  File "D:\Talha\Masaüstü\Masaüstü\Kodlama\venv\lib\site-packages\django\core\handlers\base.py", line 179, in _get_response
    response = wrapped_callback(request, *callback_args, **callback_kwargs)
  File "D:\Talha\Masaüstü\Masaüstü\Kodlama\myERP\main\views.py", line 12, in code_to_database
    cte.get_urls()
  File "D:\Talha\Masaüstü\Masaüstü\Kodlama\myERP\functions\excel_config\code_to_excel.py", line 139, in get_urls
    self.get_urls(url)
  File "D:\Talha\Masaüstü\Masaüstü\Kodlama\myERP\functions\excel_config\code_to_excel.py", line 139, in get_urls
    self.get_urls(url)
  File "D:\Talha\Masaüstü\Masaüstü\Kodlama\myERP\functions\excel_config\code_to_excel.py", line 139, in get_urls
    self.get_urls(url)
  [Previous line repeated 944 more times]
  File "D:\Talha\Masaüstü\Masaüstü\Kodlama\myERP\functions\excel_config\code_to_excel.py", line 136, in get_urls
    print(url.__dict__)
  File "D:\Talha\Masaüstü\Masaüstü\Kodlama\venv\lib\site-packages\django\urls\resolvers.py", line 332, in __repr__
    return '<%s %s>' % (self.__class__.__name__, self.pattern.describe())
  File "D:\Talha\Masaüstü\Masaüstü\Kodlama\venv\lib\site-packages\django\urls\resolvers.py", line 117, in describe
    description = "'{}'".format(self)
  File "D:\Talha\Masaüstü\Masaüstü\Kodlama\venv\lib\site-packages\django\urls\resolvers.py", line 287, in __str__
    return str(self._route)
RecursionError: maximum recursion depth exceeded while calling a Python object
ERROR "GET /main/code_to_database/ HTTP/1.1" 500 7017424
INFO D:\Talha\Masaüstü\Masaüstü\Kodlama\myERP\functions\excel_config\code_to_excel.py changed, reloading.
INFO Watching for file changes with StatReloader
INFO D:\Talha\Masaüstü\Masaüstü\Kodlama\myERP\functions\excel_config\code_to_excel.py changed, reloading.
INFO Watching for file changes with StatReloader
INFO D:\Talha\Masaüstü\Masaüstü\Kodlama\myERP\functions\excel_config\code_to_excel.py changed, reloading.
INFO Watching for file changes with StatReloader
INFO Watching for file changes with StatReloader
INFO [GET] method: 2021-01-11 20:51:31 ,ip: 127.0.0.1,	path: /main/code_to_database/,	user_id: 2,	sesion_id: 4zyranpr7pptjrakb7zjjk7o07c0sv22	
INFO "GET /main/code_to_database/ HTTP/1.1" 302 0
INFO [GET] method: 2021-01-11 20:51:31 ,ip: 127.0.0.1,	path: /,	user_id: 2,	sesion_id: 4zyranpr7pptjrakb7zjjk7o07c0sv22	
INFO "GET / HTTP/1.1" 200 179927
INFO [GET] method: 2021-01-11 20:51:32 ,ip: 127.0.0.1,	path: /financial/get_report_data/,	user_id: 2,	sesion_id: 4zyranpr7pptjrakb7zjjk7o07c0sv22	
INFO "GET /financial/get_report_data/?period=30&m_name=Account&field=name HTTP/1.1" 200 472
INFO Watching for file changes with StatReloader
INFO Watching for file changes with StatReloader
INFO [GET] method: 2021-01-11 20:52:01 ,ip: 127.0.0.1,	path: /main/code_to_database/,	user_id: 2,	sesion_id: 4zyranpr7pptjrakb7zjjk7o07c0sv22	
INFO "GET /main/code_to_database/ HTTP/1.1" 302 0
INFO [GET] method: 2021-01-11 20:52:02 ,ip: 127.0.0.1,	path: /,	user_id: 2,	sesion_id: 4zyranpr7pptjrakb7zjjk7o07c0sv22	
INFO "GET / HTTP/1.1" 200 179927
INFO [GET] method: 2021-01-11 20:52:03 ,ip: 127.0.0.1,	path: /financial/get_report_data/,	user_id: 2,	sesion_id: 4zyranpr7pptjrakb7zjjk7o07c0sv22	
INFO "GET /financial/get_report_data/?period=30&m_name=Account&field=name HTTP/1.1" 200 472
INFO Watching for file changes with StatReloader
INFO [GET] method: 2021-01-11 20:55:36 ,ip: 127.0.0.1,	path: /main/code_to_database/,	user_id: 2,	sesion_id: 4zyranpr7pptjrakb7zjjk7o07c0sv22	
INFO "GET /main/code_to_database/ HTTP/1.1" 302 0
INFO [GET] method: 2021-01-11 20:55:37 ,ip: 127.0.0.1,	path: /,	user_id: 2,	sesion_id: 4zyranpr7pptjrakb7zjjk7o07c0sv22	
INFO "GET / HTTP/1.1" 200 179927
INFO [GET] method: 2021-01-11 20:55:38 ,ip: 127.0.0.1,	path: /financial/get_report_data/,	user_id: 2,	sesion_id: 4zyranpr7pptjrakb7zjjk7o07c0sv22	
INFO "GET /financial/get_report_data/?period=30&m_name=Account&field=name HTTP/1.1" 200 472
INFO Watching for file changes with StatReloader
INFO [GET] method: 2021-01-11 20:55:50 ,ip: 127.0.0.1,	path: /admin/,	user_id: 2,	sesion_id: 4zyranpr7pptjrakb7zjjk7o07c0sv22	
INFO [GET] method: 2021-01-11 20:55:50 ,ip: 127.0.0.1,	path: /main/code_to_database/,	user_id: 2,	sesion_id: 4zyranpr7pptjrakb7zjjk7o07c0sv22	
INFO "GET /main/code_to_database/ HTTP/1.1" 302 0
INFO [GET] method: 2021-01-11 20:55:50 ,ip: 127.0.0.1,	path: /,	user_id: 2,	sesion_id: 4zyranpr7pptjrakb7zjjk7o07c0sv22	
INFO "GET / HTTP/1.1" 200 179927
INFO [GET] method: 2021-01-11 20:55:51 ,ip: 127.0.0.1,	path: /financial/get_report_data/,	user_id: 2,	sesion_id: 4zyranpr7pptjrakb7zjjk7o07c0sv22	
INFO "GET /financial/get_report_data/?period=30&m_name=Account&field=name HTTP/1.1" 200 472
INFO Watching for file changes with StatReloader
INFO D:\Talha\Masaüstü\Masaüstü\Kodlama\myERP\functions\excel_config\code_to_excel.py changed, reloading.
INFO Watching for file changes with StatReloader
INFO [GET] method: 2021-01-11 21:13:48 ,ip: 127.0.0.1,	path: /main/code_to_database/,	user_id: 2,	sesion_id: 4zyranpr7pptjrakb7zjjk7o07c0sv22	
INFO "GET /main/code_to_database/ HTTP/1.1" 302 0
INFO [GET] method: 2021-01-11 21:13:48 ,ip: 127.0.0.1,	path: /,	user_id: 2,	sesion_id: 4zyranpr7pptjrakb7zjjk7o07c0sv22	
INFO "GET / HTTP/1.1" 200 179927
INFO [GET] method: 2021-01-11 21:13:50 ,ip: 127.0.0.1,	path: /financial/get_report_data/,	user_id: 2,	sesion_id: 4zyranpr7pptjrakb7zjjk7o07c0sv22	
INFO "GET /financial/get_report_data/?period=30&m_name=Account&field=name HTTP/1.1" 200 472
INFO Watching for file changes with StatReloader
INFO [GET] method: 2021-01-11 21:14:35 ,ip: 127.0.0.1,	path: /main/code_to_database/,	user_id: 2,	sesion_id: 4zyranpr7pptjrakb7zjjk7o07c0sv22	
ERROR Internal Server Error: /main/code_to_database/
Traceback (most recent call last):
  File "D:\Talha\Masaüstü\Masaüstü\Kodlama\venv\lib\site-packages\django\core\handlers\exception.py", line 47, in inner
    response = get_response(request)
  File "D:\Talha\Masaüstü\Masaüstü\Kodlama\venv\lib\site-packages\django\core\handlers\base.py", line 179, in _get_response
    response = wrapped_callback(request, *callback_args, **callback_kwargs)
  File "D:\Talha\Masaüstü\Masaüstü\Kodlama\myERP\main\views.py", line 12, in code_to_database
    cte.get_urls()
  File "D:\Talha\Masaüstü\Masaüstü\Kodlama\myERP\functions\excel_config\code_to_excel.py", line 139, in get_urls
    print(sub_url.name)
AttributeError: 'URLResolver' object has no attribute 'name'
ERROR "GET /main/code_to_database/ HTTP/1.1" 500 73781
INFO D:\Talha\Masaüstü\Masaüstü\Kodlama\myERP\functions\excel_config\code_to_excel.py changed, reloading.
INFO Watching for file changes with StatReloader
INFO Watching for file changes with StatReloader
INFO Watching for file changes with StatReloader
INFO [GET] method: 2021-01-11 21:17:27 ,ip: 127.0.0.1,	path: /main/code_to_database/,	user_id: 2,	sesion_id: 4zyranpr7pptjrakb7zjjk7o07c0sv22	
ERROR Internal Server Error: /main/code_to_database/
Traceback (most recent call last):
  File "D:\Talha\Masaüstü\Masaüstü\Kodlama\venv\lib\site-packages\django\core\handlers\exception.py", line 47, in inner
    response = get_response(request)
  File "D:\Talha\Masaüstü\Masaüstü\Kodlama\venv\lib\site-packages\django\core\handlers\base.py", line 179, in _get_response
    response = wrapped_callback(request, *callback_args, **callback_kwargs)
  File "D:\Talha\Masaüstü\Masaüstü\Kodlama\myERP\main\views.py", line 12, in code_to_database
    cte.get_urls()
  File "D:\Talha\Masaüstü\Masaüstü\Kodlama\myERP\functions\excel_config\code_to_excel.py", line 140, in get_urls
    print("name:",sub_url.name)
AttributeError: 'URLResolver' object has no attribute 'name'
ERROR "GET /main/code_to_database/ HTTP/1.1" 500 73854
INFO Watching for file changes with StatReloader
INFO [GET] method: 2021-01-11 21:26:14 ,ip: 127.0.0.1,	path: /main/code_to_database/,	user_id: 2,	sesion_id: 4zyranpr7pptjrakb7zjjk7o07c0sv22	
INFO "GET /main/code_to_database/ HTTP/1.1" 302 0
INFO [GET] method: 2021-01-11 21:26:14 ,ip: 127.0.0.1,	path: /,	user_id: 2,	sesion_id: 4zyranpr7pptjrakb7zjjk7o07c0sv22	
INFO "GET / HTTP/1.1" 200 179927
INFO [GET] method: 2021-01-11 21:26:15 ,ip: 127.0.0.1,	path: /financial/get_report_data/,	user_id: 2,	sesion_id: 4zyranpr7pptjrakb7zjjk7o07c0sv22	
INFO "GET /financial/get_report_data/?period=30&m_name=Account&field=name HTTP/1.1" 200 472
INFO D:\Talha\Masaüstü\Masaüstü\Kodlama\myERP\functions\excel_config\code_to_excel.py changed, reloading.
INFO Watching for file changes with StatReloader
INFO D:\Talha\Masaüstü\Masaüstü\Kodlama\myERP\functions\excel_config\code_to_excel.py changed, reloading.
INFO Watching for file changes with StatReloader
INFO Watching for file changes with StatReloader
INFO [GET] method: 2021-01-11 21:55:43 ,ip: 127.0.0.1,	path: /main/code_to_database/,	user_id: 2,	sesion_id: 4zyranpr7pptjrakb7zjjk7o07c0sv22	
INFO "GET /main/code_to_database/ HTTP/1.1" 302 0
INFO [GET] method: 2021-01-11 21:55:43 ,ip: 127.0.0.1,	path: /,	user_id: 2,	sesion_id: 4zyranpr7pptjrakb7zjjk7o07c0sv22	
INFO "GET / HTTP/1.1" 200 179927
INFO [GET] method: 2021-01-11 21:55:45 ,ip: 127.0.0.1,	path: /financial/get_report_data/,	user_id: 2,	sesion_id: 4zyranpr7pptjrakb7zjjk7o07c0sv22	
INFO "GET /financial/get_report_data/?period=30&m_name=Account&field=name HTTP/1.1" 200 472
INFO Watching for file changes with StatReloader
INFO [GET] method: 2021-01-11 21:56:31 ,ip: 127.0.0.1,	path: /main/code_to_database/,	user_id: 2,	sesion_id: 4zyranpr7pptjrakb7zjjk7o07c0sv22	
ERROR Internal Server Error: /main/code_to_database/
Traceback (most recent call last):
  File "D:\Talha\Masaüstü\Masaüstü\Kodlama\venv\lib\site-packages\django\core\handlers\exception.py", line 47, in inner
    response = get_response(request)
  File "D:\Talha\Masaüstü\Masaüstü\Kodlama\venv\lib\site-packages\django\core\handlers\base.py", line 179, in _get_response
    response = wrapped_callback(request, *callback_args, **callback_kwargs)
  File "D:\Talha\Masaüstü\Masaüstü\Kodlama\myERP\main\views.py", line 12, in code_to_database
    cte.get_urls()
  File "D:\Talha\Masaüstü\Masaüstü\Kodlama\myERP\functions\excel_config\code_to_excel.py", line 145, in get_urls
    print("name:",url.name,str(getattr(url.pattern,"_route")))
AttributeError: 'RegexPattern' object has no attribute '_route'
ERROR "GET /main/code_to_database/ HTTP/1.1" 500 73782
INFO D:\Talha\Masaüstü\Masaüstü\Kodlama\myERP\functions\excel_config\code_to_excel.py changed, reloading.
INFO Watching for file changes with StatReloader
INFO D:\Talha\Masaüstü\Masaüstü\Kodlama\myERP\functions\excel_config\code_to_excel.py changed, reloading.
INFO Watching for file changes with StatReloader
INFO Watching for file changes with StatReloader
INFO [GET] method: 2021-01-11 21:59:57 ,ip: 127.0.0.1,	path: /main/code_to_database/,	user_id: 2,	sesion_id: 4zyranpr7pptjrakb7zjjk7o07c0sv22	
INFO "GET /main/code_to_database/ HTTP/1.1" 302 0
INFO [GET] method: 2021-01-11 21:59:57 ,ip: 127.0.0.1,	path: /,	user_id: 2,	sesion_id: 4zyranpr7pptjrakb7zjjk7o07c0sv22	
INFO "GET / HTTP/1.1" 200 179927
INFO [GET] method: 2021-01-11 21:59:59 ,ip: 127.0.0.1,	path: /financial/get_report_data/,	user_id: 2,	sesion_id: 4zyranpr7pptjrakb7zjjk7o07c0sv22	
INFO "GET /financial/get_report_data/?period=30&m_name=Account&field=name HTTP/1.1" 200 472
INFO Watching for file changes with StatReloader
INFO [GET] method: 2021-01-11 22:03:27 ,ip: 127.0.0.1,	path: /main/code_to_database/,	user_id: 2,	sesion_id: 4zyranpr7pptjrakb7zjjk7o07c0sv22	
INFO "GET /main/code_to_database/ HTTP/1.1" 302 0
INFO [GET] method: 2021-01-11 22:03:27 ,ip: 127.0.0.1,	path: /,	user_id: 2,	sesion_id: 4zyranpr7pptjrakb7zjjk7o07c0sv22	
INFO "GET / HTTP/1.1" 200 179927
INFO [GET] method: 2021-01-11 22:03:28 ,ip: 127.0.0.1,	path: /financial/get_report_data/,	user_id: 2,	sesion_id: 4zyranpr7pptjrakb7zjjk7o07c0sv22	
INFO "GET /financial/get_report_data/?period=30&m_name=Account&field=name HTTP/1.1" 200 472
INFO Watching for file changes with StatReloader
INFO [GET] method: 2021-01-11 22:03:51 ,ip: 127.0.0.1,	path: /main/code_to_database/,	user_id: 2,	sesion_id: 4zyranpr7pptjrakb7zjjk7o07c0sv22	
ERROR Internal Server Error: /main/code_to_database/
Traceback (most recent call last):
  File "D:\Talha\Masaüstü\Masaüstü\Kodlama\venv\lib\site-packages\django\core\handlers\exception.py", line 47, in inner
    response = get_response(request)
  File "D:\Talha\Masaüstü\Masaüstü\Kodlama\venv\lib\site-packages\django\core\handlers\base.py", line 179, in _get_response
    response = wrapped_callback(request, *callback_args, **callback_kwargs)
  File "D:\Talha\Masaüstü\Masaüstü\Kodlama\myERP\main\views.py", line 12, in code_to_database
    cte.get_urls()
  File "D:\Talha\Masaüstü\Masaüstü\Kodlama\myERP\functions\excel_config\code_to_excel.py", line 140, in get_urls
    print("name2:",sub_url.name,str(getattr(url.pattern,"_route"))+str(getattr(sub_url.pattern,"_route")))
AttributeError: 'RegexPattern' object has no attribute '_route'
ERROR "GET /main/code_to_database/ HTTP/1.1" 500 74234
INFO Watching for file changes with StatReloader
INFO [GET] method: 2021-01-11 22:04:35 ,ip: 127.0.0.1,	path: /main/code_to_database/,	user_id: 2,	sesion_id: 4zyranpr7pptjrakb7zjjk7o07c0sv22	
ERROR Internal Server Error: /main/code_to_database/
Traceback (most recent call last):
  File "D:\Talha\Masaüstü\Masaüstü\Kodlama\venv\lib\site-packages\django\core\handlers\exception.py", line 47, in inner
    response = get_response(request)
  File "D:\Talha\Masaüstü\Masaüstü\Kodlama\venv\lib\site-packages\django\core\handlers\base.py", line 179, in _get_response
    response = wrapped_callback(request, *callback_args, **callback_kwargs)
  File "D:\Talha\Masaüstü\Masaüstü\Kodlama\myERP\main\views.py", line 12, in code_to_database
    cte.get_urls()
  File "D:\Talha\Masaüstü\Masaüstü\Kodlama\myERP\functions\excel_config\code_to_excel.py", line 141, in get_urls
    print("name2:",sub_url.name,str(getattr(url.pattern,"_route"))+str(getattr(sub_url.pattern,"_route")))
AttributeError: 'RegexPattern' object has no attribute '_route'
ERROR "GET /main/code_to_database/ HTTP/1.1" 500 74170
INFO Watching for file changes with StatReloader
INFO [GET] method: 2021-01-11 22:04:58 ,ip: 127.0.0.1,	path: /main/code_to_database/,	user_id: 2,	sesion_id: 4zyranpr7pptjrakb7zjjk7o07c0sv22	
INFO "GET /main/code_to_database/ HTTP/1.1" 302 0
INFO [GET] method: 2021-01-11 22:04:58 ,ip: 127.0.0.1,	path: /,	user_id: 2,	sesion_id: 4zyranpr7pptjrakb7zjjk7o07c0sv22	
INFO "GET / HTTP/1.1" 200 179927
INFO [GET] method: 2021-01-11 22:04:59 ,ip: 127.0.0.1,	path: /financial/get_report_data/,	user_id: 2,	sesion_id: 4zyranpr7pptjrakb7zjjk7o07c0sv22	
INFO "GET /financial/get_report_data/?period=30&m_name=Account&field=name HTTP/1.1" 200 472
INFO Watching for file changes with StatReloader
INFO [GET] method: 2021-01-11 22:06:33 ,ip: 127.0.0.1,	path: /main/code_to_database/,	user_id: 2,	sesion_id: 4zyranpr7pptjrakb7zjjk7o07c0sv22	
INFO "GET /main/code_to_database/ HTTP/1.1" 302 0
INFO [GET] method: 2021-01-11 22:06:33 ,ip: 127.0.0.1,	path: /,	user_id: 2,	sesion_id: 4zyranpr7pptjrakb7zjjk7o07c0sv22	
INFO "GET / HTTP/1.1" 200 179927
INFO [GET] method: 2021-01-11 22:06:34 ,ip: 127.0.0.1,	path: /financial/get_report_data/,	user_id: 2,	sesion_id: 4zyranpr7pptjrakb7zjjk7o07c0sv22	
INFO "GET /financial/get_report_data/?period=30&m_name=Account&field=name HTTP/1.1" 200 472
INFO D:\Talha\Masaüstü\Masaüstü\Kodlama\myERP\functions\excel_config\code_to_excel.py changed, reloading.
INFO Watching for file changes with StatReloader
INFO D:\Talha\Masaüstü\Masaüstü\Kodlama\myERP\functions\excel_config\code_to_excel.py changed, reloading.
INFO Watching for file changes with StatReloader
INFO D:\Talha\Masaüstü\Masaüstü\Kodlama\myERP\functions\excel_config\code_to_excel.py changed, reloading.
INFO Watching for file changes with StatReloader
