INFO Watching for file changes with StatReloader
INFO "GET /home HTTP/1.1" 301 0
INFO [GET] method: 2021-04-08 00:35:30 ,ip: 127.0.0.1,	path: /home/,	user_id: 2,	sesion_id: lbt0y51g7r8f6udkzdf3yfa1zlbyof3l	
INFO "GET /home/ HTTP/1.1" 200 220327
INFO "GET /static/plugins/fontawesome-free/css/all.min.css HTTP/1.1" 200 58578
INFO "GET /static/dist/css/ionicons.css HTTP/1.1" 200 51283
INFO "GET /static/plugins/select2-bootstrap4-theme/select2-bootstrap4.min.css HTTP/1.1" 200 5158
INFO "GET /static/plugins/daterangepicker/daterangepicker.css HTTP/1.1" 200 7649
INFO "GET /static/plugins/select2/css/select2.min.css HTTP/1.1" 200 14966
INFO "GET /static/dist/css/adminlte.min.css HTTP/1.1" 200 689621
INFO "GET /static/plugins/jquery/jquery.min.js HTTP/1.1" 200 88145
INFO "GET /static/plugins/chart.js/Chart.min.js HTTP/1.1" 200 172812
INFO "GET /static/plugins/daterangepicker/daterangepicker.js HTTP/1.1" 200 65703
INFO "GET /static/plugins/inputmask/min/jquery.inputmask.bundle.min.js HTTP/1.1" 200 118400
INFO "GET /static/dist/js/adminlte.min.js HTTP/1.1" 200 25193
INFO "GET /static/dist/img/AdminLTELogo.png HTTP/1.1" 200 10380
INFO "GET /static/plugins/select2/js/select2.full.min.js HTTP/1.1" 200 79172
INFO "GET /static/plugins/moment/moment.min.js HTTP/1.1" 200 53324
INFO "GET /static/plugins/fontawesome-free/webfonts/fa-solid-900.woff2 HTTP/1.1" 200 79444
INFO [GET] method: 2021-04-08 00:35:34 ,ip: 127.0.0.1,	path: /media/profile_pic/DSC_0487.JPG,	user_id: 2,	sesion_id: lbt0y51g7r8f6udkzdf3yfa1zlbyof3l	
INFO "GET /static/plugins/bootstrap/js/bootstrap.bundle.min.js HTTP/1.1" 200 80698
INFO "GET /media/profile_pic/DSC_0487.JPG HTTP/1.1" 200 4672255
INFO [GET] method: 2021-04-08 00:35:36 ,ip: 127.0.0.1,	path: /financial/get_report_data/,	user_id: 2,	sesion_id: lbt0y51g7r8f6udkzdf3yfa1zlbyof3l	
INFO "GET /financial/get_report_data/?period=30&m_name=Account&field=name HTTP/1.1" 200 503
INFO [GET] method: 2021-04-08 00:35:38 ,ip: 127.0.0.1,	path: /favicon.ico,	user_id: 2,	sesion_id: lbt0y51g7r8f6udkzdf3yfa1zlbyof3l	
WARNING Not Found: /favicon.ico
WARNING "GET /favicon.ico HTTP/1.1" 404 5477
INFO [GET] method: 2021-04-08 00:36:09 ,ip: 127.0.0.1,	path: /list/ContinentLM/,	user_id: 2,	sesion_id: lbt0y51g7r8f6udkzdf3yfa1zlbyof3l	
INFO "GET /list/ContinentLM/ HTTP/1.1" 200 45017
INFO G:\myERP\functions\logger.py changed, reloading.
INFO Watching for file changes with StatReloader
INFO Watching for file changes with StatReloader
INFO [GET] method: 2021-04-08 00:41:31 ,ip: 127.0.0.1,	path: /list/ContinentLM/,	user_id: 2,	sesion_id: lbt0y51g7r8f6udkzdf3yfa1zlbyof3l	
INFO "GET /list/ContinentLM/ HTTP/1.1" 200 45017
INFO G:\myERP\functions\logger.py changed, reloading.
INFO Watching for file changes with StatReloader
INFO Watching for file changes with StatReloader
INFO [GET] method: 2021-04-08 01:24:57 ,ip: 127.0.0.1,	path: /list/ContinentLM/,	user_id: 2,	sesion_id: lbt0y51g7r8f6udkzdf3yfa1zlbyof3l	
ERROR Internal Server Error: /list/ContinentLM/
Traceback (most recent call last):
  File "G:\venv\lib\site-packages\django\core\handlers\exception.py", line 47, in inner
    response = get_response(request)
  File "G:\venv\lib\site-packages\django\utils\deprecation.py", line 116, in __call__
    response = self.process_response(request, response)
  File "G:\myERP\functions\logger.py", line 81, in process_response
    print(request.resolver_match.urk_name)
AttributeError: 'ResolverMatch' object has no attribute 'urk_name'
ERROR "GET /list/ContinentLM/ HTTP/1.1" 500 66882
INFO Watching for file changes with StatReloader
INFO [GET] method: 2021-04-08 01:25:16 ,ip: 127.0.0.1,	path: /list/ContinentLM/,	user_id: 2,	sesion_id: lbt0y51g7r8f6udkzdf3yfa1zlbyof3l	
INFO "GET /list/ContinentLM/ HTTP/1.1" 200 45017
INFO G:\myERP\functions\logger.py changed, reloading.
INFO Watching for file changes with StatReloader
INFO G:\myERP\functions\logger.py changed, reloading.
INFO Watching for file changes with StatReloader
INFO [GET] method: 2021-04-08 01:27:03 ,ip: 127.0.0.1,	path: /financial/multi_transaction_add/,	user_id: 2,	sesion_id: lbt0y51g7r8f6udkzdf3yfa1zlbyof3l	
ERROR Internal Server Error: /financial/multi_transaction_add/
Traceback (most recent call last):
  File "G:\venv\lib\site-packages\django\core\handlers\exception.py", line 47, in inner
    response = get_response(request)
  File "G:\venv\lib\site-packages\django\utils\deprecation.py", line 116, in __call__
    response = self.process_response(request, response)
  File "G:\myERP\functions\logger.py", line 81, in process_response
    print(self.permission_check(request.user,request.resolver_match.url_name))
  File "G:\myERP\functions\logger.py", line 183, in permission_check
    path_list=PathLM.objects.filter(path_name)
  File "G:\venv\lib\site-packages\django\db\models\manager.py", line 85, in manager_method
    return getattr(self.get_queryset(), name)(*args, **kwargs)
  File "G:\venv\lib\site-packages\django\db\models\query.py", line 942, in filter
    return self._filter_or_exclude(False, *args, **kwargs)
  File "G:\venv\lib\site-packages\django\db\models\query.py", line 962, in _filter_or_exclude
    clone._filter_or_exclude_inplace(negate, *args, **kwargs)
  File "G:\venv\lib\site-packages\django\db\models\query.py", line 969, in _filter_or_exclude_inplace
    self._query.add_q(Q(*args, **kwargs))
  File "G:\venv\lib\site-packages\django\db\models\sql\query.py", line 1358, in add_q
    clause, _ = self._add_q(q_object, self.used_aliases)
  File "G:\venv\lib\site-packages\django\db\models\sql\query.py", line 1377, in _add_q
    child_clause, needed_inner = self.build_filter(
  File "G:\venv\lib\site-packages\django\db\models\sql\query.py", line 1255, in build_filter
    arg, value = filter_expr
ValueError: too many values to unpack (expected 2)
ERROR "GET /financial/multi_transaction_add/ HTTP/1.1" 500 105474
INFO Watching for file changes with StatReloader
INFO [GET] method: 2021-04-08 01:27:38 ,ip: 127.0.0.1,	path: /financial/multi_transaction_add/,	user_id: 2,	sesion_id: lbt0y51g7r8f6udkzdf3yfa1zlbyof3l	
ERROR Internal Server Error: /financial/multi_transaction_add/
Traceback (most recent call last):
  File "G:\venv\lib\site-packages\django\core\handlers\exception.py", line 47, in inner
    response = get_response(request)
  File "G:\venv\lib\site-packages\django\utils\deprecation.py", line 116, in __call__
    response = self.process_response(request, response)
  File "G:\myERP\functions\logger.py", line 82, in process_response
    print(self.permission_check(request.user,request.resolver_match.url_name))
  File "G:\myERP\functions\logger.py", line 184, in permission_check
    path_list=PathLM.objects.filter(path_name)
  File "G:\venv\lib\site-packages\django\db\models\manager.py", line 85, in manager_method
    return getattr(self.get_queryset(), name)(*args, **kwargs)
  File "G:\venv\lib\site-packages\django\db\models\query.py", line 942, in filter
    return self._filter_or_exclude(False, *args, **kwargs)
  File "G:\venv\lib\site-packages\django\db\models\query.py", line 962, in _filter_or_exclude
    clone._filter_or_exclude_inplace(negate, *args, **kwargs)
  File "G:\venv\lib\site-packages\django\db\models\query.py", line 969, in _filter_or_exclude_inplace
    self._query.add_q(Q(*args, **kwargs))
  File "G:\venv\lib\site-packages\django\db\models\sql\query.py", line 1358, in add_q
    clause, _ = self._add_q(q_object, self.used_aliases)
  File "G:\venv\lib\site-packages\django\db\models\sql\query.py", line 1377, in _add_q
    child_clause, needed_inner = self.build_filter(
  File "G:\venv\lib\site-packages\django\db\models\sql\query.py", line 1255, in build_filter
    arg, value = filter_expr
ValueError: too many values to unpack (expected 2)
ERROR "GET /financial/multi_transaction_add/ HTTP/1.1" 500 105618
INFO G:\myERP\functions\logger.py changed, reloading.
INFO Watching for file changes with StatReloader
INFO Watching for file changes with StatReloader
INFO [GET] method: 2021-04-08 01:35:27 ,ip: 127.0.0.1,	path: /financial/multi_transaction_add/,	user_id: 2,	sesion_id: lbt0y51g7r8f6udkzdf3yfa1zlbyof3l	
ERROR Internal Server Error: /financial/multi_transaction_add/
Traceback (most recent call last):
  File "G:\venv\lib\site-packages\django\core\handlers\exception.py", line 47, in inner
    response = get_response(request)
  File "G:\venv\lib\site-packages\django\utils\deprecation.py", line 116, in __call__
    response = self.process_response(request, response)
  File "G:\myERP\functions\logger.py", line 82, in process_response
    self.permission_check(request.user,request.resolver_match.url_name)
  File "G:\myERP\functions\logger.py", line 109, in permission_check
    perm_list=PathPermission.objects.filter(path__name=path_name).filter(perm_q)
  File "G:\venv\lib\site-packages\django\db\models\query.py", line 942, in filter
    return self._filter_or_exclude(False, *args, **kwargs)
  File "G:\venv\lib\site-packages\django\db\models\query.py", line 962, in _filter_or_exclude
    clone._filter_or_exclude_inplace(negate, *args, **kwargs)
  File "G:\venv\lib\site-packages\django\db\models\query.py", line 969, in _filter_or_exclude_inplace
    self._query.add_q(Q(*args, **kwargs))
  File "G:\venv\lib\site-packages\django\db\models\sql\query.py", line 1358, in add_q
    clause, _ = self._add_q(q_object, self.used_aliases)
  File "G:\venv\lib\site-packages\django\db\models\sql\query.py", line 1377, in _add_q
    child_clause, needed_inner = self.build_filter(
  File "G:\venv\lib\site-packages\django\db\models\sql\query.py", line 1237, in build_filter
    return self._add_q(
  File "G:\venv\lib\site-packages\django\db\models\sql\query.py", line 1377, in _add_q
    child_clause, needed_inner = self.build_filter(
  File "G:\venv\lib\site-packages\django\db\models\sql\query.py", line 1292, in build_filter
    self.check_related_objects(join_info.final_field, value, join_info.opts)
  File "G:\venv\lib\site-packages\django\db\models\sql\query.py", line 1119, in check_related_objects
    self.check_query_object_type(value, opts, field)
  File "G:\venv\lib\site-packages\django\db\models\sql\query.py", line 1100, in check_query_object_type
    raise ValueError(
ValueError: Cannot query "Kiþi - Tam Yetki - tlhclk": Must be "MyGroup" instance.
ERROR "GET /financial/multi_transaction_add/ HTTP/1.1" 500 124872
INFO Watching for file changes with StatReloader
INFO [GET] method: 2021-04-08 01:36:26 ,ip: 127.0.0.1,	path: /financial/multi_transaction_add/,	user_id: 2,	sesion_id: lbt0y51g7r8f6udkzdf3yfa1zlbyof3l	
INFO "GET /financial/multi_transaction_add/ HTTP/1.1" 200 87471
INFO "GET /static/plugins/tempusdominus-bootstrap-4/js/tempusdominus-bootstrap-4.min.js HTTP/1.1" 200 56879
INFO "GET /static/plugins/tempusdominus-bootstrap-4/css/tempusdominus-bootstrap-4.min.css HTTP/1.1" 200 9063
INFO G:\myERP\functions\logger.py changed, reloading.
INFO Watching for file changes with StatReloader
INFO Watching for file changes with StatReloader
INFO [GET] method: 2021-04-08 01:39:22 ,ip: 127.0.0.1,	path: /financial/multi_transaction_add/,	user_id: 2,	sesion_id: lbt0y51g7r8f6udkzdf3yfa1zlbyof3l	
INFO "GET /financial/multi_transaction_add/ HTTP/1.1" 200 87471
INFO Watching for file changes with StatReloader
INFO [GET] method: 2021-04-08 01:42:08 ,ip: 127.0.0.1,	path: /financial/,	user_id: 2,	sesion_id: lbt0y51g7r8f6udkzdf3yfa1zlbyof3l	
INFO "GET /financial/ HTTP/1.1" 200 42124
INFO [GET] method: 2021-04-08 01:42:09 ,ip: 127.0.0.1,	path: /financial/get_report_data/,	user_id: 2,	sesion_id: lbt0y51g7r8f6udkzdf3yfa1zlbyof3l	
INFO "GET /financial/get_report_data/?period=30&m_name=Account&field=name&type_id= HTTP/1.1" 200 503
INFO [GET] method: 2021-04-08 01:42:09 ,ip: 127.0.0.1,	path: /financial/get_report_data/,	user_id: 2,	sesion_id: lbt0y51g7r8f6udkzdf3yfa1zlbyof3l	
INFO "GET /financial/get_report_data/?period=30&m_name=Transaction&field=account&type_id=1 HTTP/1.1" 200 117
INFO [GET] method: 2021-04-08 01:42:10 ,ip: 127.0.0.1,	path: /financial/get_report_data/,	user_id: 2,	sesion_id: lbt0y51g7r8f6udkzdf3yfa1zlbyof3l	
INFO [GET] method: 2021-04-08 01:42:10 ,ip: 127.0.0.1,	path: /financial/get_report_data/,	user_id: 2,	sesion_id: lbt0y51g7r8f6udkzdf3yfa1zlbyof3l	
INFO "GET /financial/get_report_data/?period=30&m_name=Transaction&field=category&type_id=1 HTTP/1.1" 200 134
INFO "GET /financial/get_report_data/?period=30&m_name=Transaction&field=corporation&type_id=1 HTTP/1.1" 200 121
INFO [GET] method: 2021-04-08 01:42:10 ,ip: 127.0.0.1,	path: /financial/get_report_data/,	user_id: 2,	sesion_id: lbt0y51g7r8f6udkzdf3yfa1zlbyof3l	
INFO "GET /financial/get_report_data/?period=30&m_name=Transaction&field=corporation&type_id=2 HTTP/1.1" 200 103
INFO [GET] method: 2021-04-08 01:42:49 ,ip: 127.0.0.1,	path: /list/Transaction/,	user_id: 2,	sesion_id: lbt0y51g7r8f6udkzdf3yfa1zlbyof3l	
INFO "GET /list/Transaction/ HTTP/1.1" 200 210156
INFO [POST] method: 2021-04-08 01:43:18 ,ip: 127.0.0.1,	path: /financial/multi_transaction_add/,	user_id: 2,	sesion_id: lbt0y51g7r8f6udkzdf3yfa1zlbyof3l	
INFO "POST /financial/multi_transaction_add/ HTTP/1.1" 302 0
INFO [GET] method: 2021-04-08 01:43:20 ,ip: 127.0.0.1,	path: /financial/multi_transaction_add/,	user_id: 2,	sesion_id: lbt0y51g7r8f6udkzdf3yfa1zlbyof3l	
INFO "GET /financial/multi_transaction_add/?account=2&date=2021-04-07&time=14:39:00&category=48&corporation=30&desc=Activa%20Bilgisayar&tr_type=1&amount=20 HTTP/1.1" 200 87337
INFO [POST] method: 2021-04-08 01:44:01 ,ip: 127.0.0.1,	path: /financial/multi_transaction_add/,	user_id: 2,	sesion_id: lbt0y51g7r8f6udkzdf3yfa1zlbyof3l	
INFO "POST /financial/multi_transaction_add/?account=2&date=2021-04-07&time=14:39:00&category=48&corporation=30&desc=Activa%20Bilgisayar&tr_type=1&amount=20 HTTP/1.1" 302 0
INFO [GET] method: 2021-04-08 01:44:02 ,ip: 127.0.0.1,	path: /financial/multi_transaction_add/,	user_id: 2,	sesion_id: lbt0y51g7r8f6udkzdf3yfa1zlbyof3l	
INFO "GET /financial/multi_transaction_add/?account=19&date=2021-04-07&time=17:39:00&category=31&corporation=93&desc=&tr_type=1&amount=74.91 HTTP/1.1" 200 87303
INFO [POST] method: 2021-04-08 01:44:41 ,ip: 127.0.0.1,	path: /financial/multi_transaction_add/,	user_id: 2,	sesion_id: lbt0y51g7r8f6udkzdf3yfa1zlbyof3l	
INFO "POST /financial/multi_transaction_add/?account=19&date=2021-04-07&time=17:39:00&category=31&corporation=93&desc=&tr_type=1&amount=74.91 HTTP/1.1" 302 0
INFO [GET] method: 2021-04-08 01:44:42 ,ip: 127.0.0.1,	path: /financial/multi_transaction_add/,	user_id: 2,	sesion_id: lbt0y51g7r8f6udkzdf3yfa1zlbyof3l	
INFO "GET /financial/multi_transaction_add/?account=19&date=2021-04-07&time=18:39:00&category=31&corporation=61&desc=&tr_type=1&amount=311.35 HTTP/1.1" 200 87313
INFO [GET] method: 2021-04-08 01:44:46 ,ip: 127.0.0.1,	path: /financial/,	user_id: 2,	sesion_id: lbt0y51g7r8f6udkzdf3yfa1zlbyof3l	
INFO "GET /financial/ HTTP/1.1" 200 42124
INFO [GET] method: 2021-04-08 01:44:47 ,ip: 127.0.0.1,	path: /financial/get_report_data/,	user_id: 2,	sesion_id: lbt0y51g7r8f6udkzdf3yfa1zlbyof3l	
INFO "GET /financial/get_report_data/?period=30&m_name=Transaction&field=corporation&type_id=2 HTTP/1.1" 200 103
INFO [GET] method: 2021-04-08 01:44:47 ,ip: 127.0.0.1,	path: /financial/get_report_data/,	user_id: 2,	sesion_id: lbt0y51g7r8f6udkzdf3yfa1zlbyof3l	
INFO "GET /financial/get_report_data/?period=30&m_name=Transaction&field=account&type_id=1 HTTP/1.1" 200 168
INFO [GET] method: 2021-04-08 01:44:48 ,ip: 127.0.0.1,	path: /financial/get_report_data/,	user_id: 2,	sesion_id: lbt0y51g7r8f6udkzdf3yfa1zlbyof3l	
INFO "GET /financial/get_report_data/?period=30&m_name=Transaction&field=category&type_id=1 HTTP/1.1" 200 162
INFO [GET] method: 2021-04-08 01:44:48 ,ip: 127.0.0.1,	path: /financial/get_report_data/,	user_id: 2,	sesion_id: lbt0y51g7r8f6udkzdf3yfa1zlbyof3l	
INFO [GET] method: 2021-04-08 01:44:48 ,ip: 127.0.0.1,	path: /financial/get_report_data/,	user_id: 2,	sesion_id: lbt0y51g7r8f6udkzdf3yfa1zlbyof3l	
INFO "GET /financial/get_report_data/?period=30&m_name=Transaction&field=corporation&type_id=1 HTTP/1.1" 200 166
INFO "GET /financial/get_report_data/?period=30&m_name=Account&field=name&type_id= HTTP/1.1" 200 503
