INFO Watching for file changes with StatReloader
INFO "GET /home HTTP/1.1" 301 0
INFO [GET] method: 2021-04-09 02:00:38 ,ip: 127.0.0.1,	path: /home/,	user_id: 2,	sesion_id: lbt0y51g7r8f6udkzdf3yfa1zlbyof3l	
INFO "GET /home/ HTTP/1.1" 200 220327
INFO "GET /static/dist/css/ionicons.css HTTP/1.1" 200 51283
INFO "GET /static/plugins/daterangepicker/daterangepicker.css HTTP/1.1" 200 7649
INFO "GET /static/plugins/select2-bootstrap4-theme/select2-bootstrap4.min.css HTTP/1.1" 200 5158
INFO "GET /static/plugins/select2/css/select2.min.css HTTP/1.1" 200 14966
INFO "GET /static/plugins/fontawesome-free/css/all.min.css HTTP/1.1" 200 58578
INFO "GET /static/plugins/jquery/jquery.min.js HTTP/1.1" 200 88145
INFO "GET /static/dist/css/adminlte.min.css HTTP/1.1" 200 689621
INFO "GET /static/dist/img/AdminLTELogo.png HTTP/1.1" 200 10380
INFO "GET /static/plugins/bootstrap/js/bootstrap.bundle.min.js HTTP/1.1" 200 80698
INFO "GET /static/plugins/fontawesome-free/webfonts/fa-solid-900.woff2 HTTP/1.1" 200 79444
INFO "GET /static/plugins/chart.js/Chart.min.js HTTP/1.1" 200 172812
INFO "GET /static/plugins/select2/js/select2.full.min.js HTTP/1.1" 200 79172
INFO "GET /static/plugins/inputmask/min/jquery.inputmask.bundle.min.js HTTP/1.1" 200 118400
INFO "GET /static/dist/js/adminlte.min.js HTTP/1.1" 200 25193
INFO "GET /static/plugins/daterangepicker/daterangepicker.js HTTP/1.1" 200 65703
INFO "GET /static/plugins/moment/moment.min.js HTTP/1.1" 200 53324
INFO [GET] method: 2021-04-09 02:00:40 ,ip: 127.0.0.1,	path: /media/profile_pic/DSC_0487.JPG,	user_id: 2,	sesion_id: lbt0y51g7r8f6udkzdf3yfa1zlbyof3l	
INFO "GET /media/profile_pic/DSC_0487.JPG HTTP/1.1" 200 4672255
INFO [GET] method: 2021-04-09 02:00:40 ,ip: 127.0.0.1,	path: /financial/get_report_data/,	user_id: 2,	sesion_id: lbt0y51g7r8f6udkzdf3yfa1zlbyof3l	
INFO [GET] method: 2021-04-09 02:00:41 ,ip: 127.0.0.1,	path: /favicon.ico,	user_id: 2,	sesion_id: lbt0y51g7r8f6udkzdf3yfa1zlbyof3l	
INFO "GET /financial/get_report_data/?period=30&m_name=Account&field=name HTTP/1.1" 200 503
ERROR Internal Server Error: /favicon.ico
Traceback (most recent call last):
  File "G:\venv\lib\site-packages\django\core\handlers\exception.py", line 47, in inner
    response = get_response(request)
  File "G:\venv\lib\site-packages\django\utils\deprecation.py", line 116, in __call__
    response = self.process_response(request, response)
  File "G:\myERP\functions\logger.py", line 82, in process_response
    print(self.permission_check(request.user,request.resolver_match.url_name))
AttributeError: 'NoneType' object has no attribute 'url_name'
ERROR "GET /favicon.ico HTTP/1.1" 500 65998
INFO [GET] method: 2021-04-09 02:00:43 ,ip: 127.0.0.1,	path: /series/,	user_id: 2,	sesion_id: lbt0y51g7r8f6udkzdf3yfa1zlbyof3l	
INFO "GET /series/ HTTP/1.1" 200 851486
INFO [GET] method: 2021-04-09 02:00:45 ,ip: 127.0.0.1,	path: /favicon.ico,	user_id: 2,	sesion_id: lbt0y51g7r8f6udkzdf3yfa1zlbyof3l	
ERROR Internal Server Error: /favicon.ico
Traceback (most recent call last):
  File "G:\venv\lib\site-packages\django\core\handlers\exception.py", line 47, in inner
    response = get_response(request)
  File "G:\venv\lib\site-packages\django\utils\deprecation.py", line 116, in __call__
    response = self.process_response(request, response)
  File "G:\myERP\functions\logger.py", line 82, in process_response
    print(self.permission_check(request.user,request.resolver_match.url_name))
AttributeError: 'NoneType' object has no attribute 'url_name'
ERROR "GET /favicon.ico HTTP/1.1" 500 66000
INFO [GET] method: 2021-04-09 02:00:52 ,ip: 127.0.0.1,	path: /series/change_state,	user_id: 2,	sesion_id: lbt0y51g7r8f6udkzdf3yfa1zlbyof3l	
INFO "GET /series/change_state?series_id=720&state_id=1 HTTP/1.1" 200 16
INFO [GET] method: 2021-04-09 02:00:53 ,ip: 127.0.0.1,	path: /series/,	user_id: 2,	sesion_id: lbt0y51g7r8f6udkzdf3yfa1zlbyof3l	
INFO "GET /series/ HTTP/1.1" 200 851483
INFO [GET] method: 2021-04-09 02:00:55 ,ip: 127.0.0.1,	path: /favicon.ico,	user_id: 2,	sesion_id: lbt0y51g7r8f6udkzdf3yfa1zlbyof3l	
ERROR Internal Server Error: /favicon.ico
Traceback (most recent call last):
  File "G:\venv\lib\site-packages\django\core\handlers\exception.py", line 47, in inner
    response = get_response(request)
  File "G:\venv\lib\site-packages\django\utils\deprecation.py", line 116, in __call__
    response = self.process_response(request, response)
  File "G:\myERP\functions\logger.py", line 82, in process_response
    print(self.permission_check(request.user,request.resolver_match.url_name))
AttributeError: 'NoneType' object has no attribute 'url_name'
ERROR "GET /favicon.ico HTTP/1.1" 500 66265
INFO [GET] method: 2021-04-09 02:00:59 ,ip: 127.0.0.1,	path: /series/change_state,	user_id: 2,	sesion_id: lbt0y51g7r8f6udkzdf3yfa1zlbyof3l	
INFO "GET /series/change_state?series_id=712&state_id=1 HTTP/1.1" 200 16
INFO [GET] method: 2021-04-09 02:01:00 ,ip: 127.0.0.1,	path: /series/,	user_id: 2,	sesion_id: lbt0y51g7r8f6udkzdf3yfa1zlbyof3l	
INFO "GET /series/ HTTP/1.1" 200 851480
INFO [GET] method: 2021-04-09 02:01:02 ,ip: 127.0.0.1,	path: /favicon.ico,	user_id: 2,	sesion_id: lbt0y51g7r8f6udkzdf3yfa1zlbyof3l	
ERROR Internal Server Error: /favicon.ico
Traceback (most recent call last):
  File "G:\venv\lib\site-packages\django\core\handlers\exception.py", line 47, in inner
    response = get_response(request)
  File "G:\venv\lib\site-packages\django\utils\deprecation.py", line 116, in __call__
    response = self.process_response(request, response)
  File "G:\myERP\functions\logger.py", line 82, in process_response
    print(self.permission_check(request.user,request.resolver_match.url_name))
AttributeError: 'NoneType' object has no attribute 'url_name'
ERROR "GET /favicon.ico HTTP/1.1" 500 66265
INFO Watching for file changes with StatReloader
INFO [GET] method: 2021-04-09 23:50:04 ,ip: 127.0.0.1,	path: /home/,	user_id: 2,	sesion_id: lbt0y51g7r8f6udkzdf3yfa1zlbyof3l	
INFO "GET /home/ HTTP/1.1" 200 220327
INFO [GET] method: 2021-04-09 23:50:06 ,ip: 127.0.0.1,	path: /financial/get_report_data/,	user_id: 2,	sesion_id: lbt0y51g7r8f6udkzdf3yfa1zlbyof3l	
INFO [GET] method: 2021-04-09 23:50:06 ,ip: 127.0.0.1,	path: /favicon.ico,	user_id: 2,	sesion_id: lbt0y51g7r8f6udkzdf3yfa1zlbyof3l	
INFO "GET /financial/get_report_data/?period=30&m_name=Account&field=name HTTP/1.1" 200 503
ERROR Internal Server Error: /favicon.ico
Traceback (most recent call last):
  File "G:\venv\lib\site-packages\django\core\handlers\exception.py", line 47, in inner
    response = get_response(request)
  File "G:\venv\lib\site-packages\django\utils\deprecation.py", line 116, in __call__
    response = self.process_response(request, response)
  File "G:\myERP\functions\logger.py", line 82, in process_response
    print(self.permission_check(request.user,request.resolver_match.url_name))
AttributeError: 'NoneType' object has no attribute 'url_name'
ERROR "GET /favicon.ico HTTP/1.1" 500 66263
INFO [GET] method: 2021-04-09 23:50:09 ,ip: 127.0.0.1,	path: /list/MyPassword/,	user_id: 2,	sesion_id: lbt0y51g7r8f6udkzdf3yfa1zlbyof3l	
INFO "GET /list/MyPassword/ HTTP/1.1" 200 245313
INFO [GET] method: 2021-04-09 23:50:12 ,ip: 127.0.0.1,	path: /favicon.ico,	user_id: 2,	sesion_id: lbt0y51g7r8f6udkzdf3yfa1zlbyof3l	
ERROR Internal Server Error: /favicon.ico
Traceback (most recent call last):
  File "G:\venv\lib\site-packages\django\core\handlers\exception.py", line 47, in inner
    response = get_response(request)
  File "G:\venv\lib\site-packages\django\utils\deprecation.py", line 116, in __call__
    response = self.process_response(request, response)
  File "G:\myERP\functions\logger.py", line 82, in process_response
    print(self.permission_check(request.user,request.resolver_match.url_name))
AttributeError: 'NoneType' object has no attribute 'url_name'
ERROR "GET /favicon.ico HTTP/1.1" 500 66009
INFO [GET] method: 2021-04-09 23:51:18 ,ip: 127.0.0.1,	path: /add/MyPassword/,	user_id: 2,	sesion_id: lbt0y51g7r8f6udkzdf3yfa1zlbyof3l	
INFO "GET /add/MyPassword/ HTTP/1.1" 200 75534
INFO "GET /static/plugins/tempusdominus-bootstrap-4/css/tempusdominus-bootstrap-4.min.css HTTP/1.1" 200 9063
INFO "GET /static/plugins/tempusdominus-bootstrap-4/js/tempusdominus-bootstrap-4.min.js HTTP/1.1" 200 56879
INFO [GET] method: 2021-04-09 23:51:19 ,ip: 127.0.0.1,	path: /favicon.ico,	user_id: 2,	sesion_id: lbt0y51g7r8f6udkzdf3yfa1zlbyof3l	
ERROR Internal Server Error: /favicon.ico
Traceback (most recent call last):
  File "G:\venv\lib\site-packages\django\core\handlers\exception.py", line 47, in inner
    response = get_response(request)
  File "G:\venv\lib\site-packages\django\utils\deprecation.py", line 116, in __call__
    response = self.process_response(request, response)
  File "G:\myERP\functions\logger.py", line 82, in process_response
    print(self.permission_check(request.user,request.resolver_match.url_name))
AttributeError: 'NoneType' object has no attribute 'url_name'
ERROR "GET /favicon.ico HTTP/1.1" 500 66008
INFO [POST] method: 2021-04-09 23:51:58 ,ip: 127.0.0.1,	path: /add/MyPassword/,	user_id: 2,	sesion_id: lbt0y51g7r8f6udkzdf3yfa1zlbyof3l	
INFO "POST /add/MyPassword/ HTTP/1.1" 302 0
INFO [GET] method: 2021-04-09 23:51:58 ,ip: 127.0.0.1,	path: /detail/MyPassword/252/,	user_id: 2,	sesion_id: lbt0y51g7r8f6udkzdf3yfa1zlbyof3l	
INFO "GET /detail/MyPassword/252/ HTTP/1.1" 200 39656
INFO [GET] method: 2021-04-09 23:51:59 ,ip: 127.0.0.1,	path: /favicon.ico,	user_id: 2,	sesion_id: lbt0y51g7r8f6udkzdf3yfa1zlbyof3l	
ERROR Internal Server Error: /favicon.ico
Traceback (most recent call last):
  File "G:\venv\lib\site-packages\django\core\handlers\exception.py", line 47, in inner
    response = get_response(request)
  File "G:\venv\lib\site-packages\django\utils\deprecation.py", line 116, in __call__
    response = self.process_response(request, response)
  File "G:\myERP\functions\logger.py", line 82, in process_response
    print(self.permission_check(request.user,request.resolver_match.url_name))
AttributeError: 'NoneType' object has no attribute 'url_name'
ERROR "GET /favicon.ico HTTP/1.1" 500 66015
INFO [GET] method: 2021-04-09 23:52:01 ,ip: 127.0.0.1,	path: /add/MyPassword/,	user_id: 2,	sesion_id: lbt0y51g7r8f6udkzdf3yfa1zlbyof3l	
INFO "GET /add/MyPassword/ HTTP/1.1" 200 75534
INFO [GET] method: 2021-04-09 23:52:03 ,ip: 127.0.0.1,	path: /favicon.ico,	user_id: 2,	sesion_id: lbt0y51g7r8f6udkzdf3yfa1zlbyof3l	
ERROR Internal Server Error: /favicon.ico
Traceback (most recent call last):
  File "G:\venv\lib\site-packages\django\core\handlers\exception.py", line 47, in inner
    response = get_response(request)
  File "G:\venv\lib\site-packages\django\utils\deprecation.py", line 116, in __call__
    response = self.process_response(request, response)
  File "G:\myERP\functions\logger.py", line 82, in process_response
    print(self.permission_check(request.user,request.resolver_match.url_name))
AttributeError: 'NoneType' object has no attribute 'url_name'
ERROR "GET /favicon.ico HTTP/1.1" 500 66008
INFO [POST] method: 2021-04-09 23:52:19 ,ip: 127.0.0.1,	path: /add/MyPassword/,	user_id: 2,	sesion_id: lbt0y51g7r8f6udkzdf3yfa1zlbyof3l	
INFO "POST /add/MyPassword/ HTTP/1.1" 302 0
INFO [GET] method: 2021-04-09 23:52:20 ,ip: 127.0.0.1,	path: /detail/MyPassword/253/,	user_id: 2,	sesion_id: lbt0y51g7r8f6udkzdf3yfa1zlbyof3l	
INFO "GET /detail/MyPassword/253/ HTTP/1.1" 200 39584
INFO [GET] method: 2021-04-09 23:52:21 ,ip: 127.0.0.1,	path: /favicon.ico,	user_id: 2,	sesion_id: lbt0y51g7r8f6udkzdf3yfa1zlbyof3l	
ERROR Internal Server Error: /favicon.ico
Traceback (most recent call last):
  File "G:\venv\lib\site-packages\django\core\handlers\exception.py", line 47, in inner
    response = get_response(request)
  File "G:\venv\lib\site-packages\django\utils\deprecation.py", line 116, in __call__
    response = self.process_response(request, response)
  File "G:\myERP\functions\logger.py", line 82, in process_response
    print(self.permission_check(request.user,request.resolver_match.url_name))
AttributeError: 'NoneType' object has no attribute 'url_name'
ERROR "GET /favicon.ico HTTP/1.1" 500 66015
INFO [GET] method: 2021-04-09 23:52:25 ,ip: 127.0.0.1,	path: /add/MyPassword/,	user_id: 2,	sesion_id: lbt0y51g7r8f6udkzdf3yfa1zlbyof3l	
INFO "GET /add/MyPassword/ HTTP/1.1" 200 75534
INFO [GET] method: 2021-04-09 23:52:27 ,ip: 127.0.0.1,	path: /favicon.ico,	user_id: 2,	sesion_id: lbt0y51g7r8f6udkzdf3yfa1zlbyof3l	
ERROR Internal Server Error: /favicon.ico
Traceback (most recent call last):
  File "G:\venv\lib\site-packages\django\core\handlers\exception.py", line 47, in inner
    response = get_response(request)
  File "G:\venv\lib\site-packages\django\utils\deprecation.py", line 116, in __call__
    response = self.process_response(request, response)
  File "G:\myERP\functions\logger.py", line 82, in process_response
    print(self.permission_check(request.user,request.resolver_match.url_name))
AttributeError: 'NoneType' object has no attribute 'url_name'
ERROR "GET /favicon.ico HTTP/1.1" 500 66008
INFO [POST] method: 2021-04-09 23:52:53 ,ip: 127.0.0.1,	path: /add/MyPassword/,	user_id: 2,	sesion_id: lbt0y51g7r8f6udkzdf3yfa1zlbyof3l	
INFO "POST /add/MyPassword/ HTTP/1.1" 302 0
INFO [GET] method: 2021-04-09 23:52:54 ,ip: 127.0.0.1,	path: /detail/MyPassword/254/,	user_id: 2,	sesion_id: lbt0y51g7r8f6udkzdf3yfa1zlbyof3l	
INFO "GET /detail/MyPassword/254/ HTTP/1.1" 200 39657
INFO [GET] method: 2021-04-09 23:52:54 ,ip: 127.0.0.1,	path: /favicon.ico,	user_id: 2,	sesion_id: lbt0y51g7r8f6udkzdf3yfa1zlbyof3l	
ERROR Internal Server Error: /favicon.ico
Traceback (most recent call last):
  File "G:\venv\lib\site-packages\django\core\handlers\exception.py", line 47, in inner
    response = get_response(request)
  File "G:\venv\lib\site-packages\django\utils\deprecation.py", line 116, in __call__
    response = self.process_response(request, response)
  File "G:\myERP\functions\logger.py", line 82, in process_response
    print(self.permission_check(request.user,request.resolver_match.url_name))
AttributeError: 'NoneType' object has no attribute 'url_name'
ERROR "GET /favicon.ico HTTP/1.1" 500 66015
INFO [GET] method: 2021-04-09 23:52:56 ,ip: 127.0.0.1,	path: /add/MyPassword/,	user_id: 2,	sesion_id: lbt0y51g7r8f6udkzdf3yfa1zlbyof3l	
INFO "GET /add/MyPassword/ HTTP/1.1" 200 75534
INFO [GET] method: 2021-04-09 23:52:58 ,ip: 127.0.0.1,	path: /favicon.ico,	user_id: 2,	sesion_id: lbt0y51g7r8f6udkzdf3yfa1zlbyof3l	
ERROR Internal Server Error: /favicon.ico
Traceback (most recent call last):
  File "G:\venv\lib\site-packages\django\core\handlers\exception.py", line 47, in inner
    response = get_response(request)
  File "G:\venv\lib\site-packages\django\utils\deprecation.py", line 116, in __call__
    response = self.process_response(request, response)
  File "G:\myERP\functions\logger.py", line 82, in process_response
    print(self.permission_check(request.user,request.resolver_match.url_name))
AttributeError: 'NoneType' object has no attribute 'url_name'
ERROR "GET /favicon.ico HTTP/1.1" 500 66008
INFO [GET] method: 2021-04-09 23:53:12 ,ip: 127.0.0.1,	path: /list/MyPassword/,	user_id: 2,	sesion_id: lbt0y51g7r8f6udkzdf3yfa1zlbyof3l	
INFO "GET /list/MyPassword/ HTTP/1.1" 200 245313
INFO [GET] method: 2021-04-09 23:53:15 ,ip: 127.0.0.1,	path: /favicon.ico,	user_id: 2,	sesion_id: lbt0y51g7r8f6udkzdf3yfa1zlbyof3l	
ERROR Internal Server Error: /favicon.ico
Traceback (most recent call last):
  File "G:\venv\lib\site-packages\django\core\handlers\exception.py", line 47, in inner
    response = get_response(request)
  File "G:\venv\lib\site-packages\django\utils\deprecation.py", line 116, in __call__
    response = self.process_response(request, response)
  File "G:\myERP\functions\logger.py", line 82, in process_response
    print(self.permission_check(request.user,request.resolver_match.url_name))
AttributeError: 'NoneType' object has no attribute 'url_name'
ERROR "GET /favicon.ico HTTP/1.1" 500 66009
INFO [GET] method: 2021-04-09 23:53:25 ,ip: 127.0.0.1,	path: /list/MyPassword/,	user_id: 2,	sesion_id: lbt0y51g7r8f6udkzdf3yfa1zlbyof3l	
INFO "GET /list/MyPassword/?search=%C5%9Fok HTTP/1.1" 200 37510
INFO [GET] method: 2021-04-09 23:53:26 ,ip: 127.0.0.1,	path: /favicon.ico,	user_id: 2,	sesion_id: lbt0y51g7r8f6udkzdf3yfa1zlbyof3l	
ERROR Internal Server Error: /favicon.ico
Traceback (most recent call last):
  File "G:\venv\lib\site-packages\django\core\handlers\exception.py", line 47, in inner
    response = get_response(request)
  File "G:\venv\lib\site-packages\django\utils\deprecation.py", line 116, in __call__
    response = self.process_response(request, response)
  File "G:\myERP\functions\logger.py", line 82, in process_response
    print(self.permission_check(request.user,request.resolver_match.url_name))
AttributeError: 'NoneType' object has no attribute 'url_name'
ERROR "GET /favicon.ico HTTP/1.1" 500 66025
INFO [GET] method: 2021-04-09 23:53:29 ,ip: 127.0.0.1,	path: /list/MyPassword/,	user_id: 2,	sesion_id: lbt0y51g7r8f6udkzdf3yfa1zlbyof3l	
INFO "GET /list/MyPassword/?search=%C5%9Eok HTTP/1.1" 200 41679
INFO [GET] method: 2021-04-09 23:53:31 ,ip: 127.0.0.1,	path: /favicon.ico,	user_id: 2,	sesion_id: lbt0y51g7r8f6udkzdf3yfa1zlbyof3l	
ERROR Internal Server Error: /favicon.ico
Traceback (most recent call last):
  File "G:\venv\lib\site-packages\django\core\handlers\exception.py", line 47, in inner
    response = get_response(request)
  File "G:\venv\lib\site-packages\django\utils\deprecation.py", line 116, in __call__
    response = self.process_response(request, response)
  File "G:\myERP\functions\logger.py", line 82, in process_response
    print(self.permission_check(request.user,request.resolver_match.url_name))
AttributeError: 'NoneType' object has no attribute 'url_name'
ERROR "GET /favicon.ico HTTP/1.1" 500 66025
INFO [POST] method: 2021-04-09 23:53:56 ,ip: 127.0.0.1,	path: /add/MyPassword/,	user_id: 2,	sesion_id: lbt0y51g7r8f6udkzdf3yfa1zlbyof3l	
INFO "POST /add/MyPassword/ HTTP/1.1" 302 0
INFO [GET] method: 2021-04-09 23:53:57 ,ip: 127.0.0.1,	path: /detail/MyPassword/255/,	user_id: 2,	sesion_id: lbt0y51g7r8f6udkzdf3yfa1zlbyof3l	
INFO "GET /detail/MyPassword/255/ HTTP/1.1" 200 39641
INFO [GET] method: 2021-04-09 23:53:57 ,ip: 127.0.0.1,	path: /favicon.ico,	user_id: 2,	sesion_id: lbt0y51g7r8f6udkzdf3yfa1zlbyof3l	
ERROR Internal Server Error: /favicon.ico
Traceback (most recent call last):
  File "G:\venv\lib\site-packages\django\core\handlers\exception.py", line 47, in inner
    response = get_response(request)
  File "G:\venv\lib\site-packages\django\utils\deprecation.py", line 116, in __call__
    response = self.process_response(request, response)
  File "G:\myERP\functions\logger.py", line 82, in process_response
    print(self.permission_check(request.user,request.resolver_match.url_name))
AttributeError: 'NoneType' object has no attribute 'url_name'
ERROR "GET /favicon.ico HTTP/1.1" 500 66015
INFO [GET] method: 2021-04-09 23:54:15 ,ip: 127.0.0.1,	path: /add/MyPassword/,	user_id: 2,	sesion_id: lbt0y51g7r8f6udkzdf3yfa1zlbyof3l	
INFO "GET /add/MyPassword/ HTTP/1.1" 200 75534
INFO [GET] method: 2021-04-09 23:54:17 ,ip: 127.0.0.1,	path: /favicon.ico,	user_id: 2,	sesion_id: lbt0y51g7r8f6udkzdf3yfa1zlbyof3l	
ERROR Internal Server Error: /favicon.ico
Traceback (most recent call last):
  File "G:\venv\lib\site-packages\django\core\handlers\exception.py", line 47, in inner
    response = get_response(request)
  File "G:\venv\lib\site-packages\django\utils\deprecation.py", line 116, in __call__
    response = self.process_response(request, response)
  File "G:\myERP\functions\logger.py", line 82, in process_response
    print(self.permission_check(request.user,request.resolver_match.url_name))
AttributeError: 'NoneType' object has no attribute 'url_name'
ERROR "GET /favicon.ico HTTP/1.1" 500 66008
INFO [POST] method: 2021-04-09 23:54:35 ,ip: 127.0.0.1,	path: /add/MyPassword/,	user_id: 2,	sesion_id: lbt0y51g7r8f6udkzdf3yfa1zlbyof3l	
INFO "POST /add/MyPassword/ HTTP/1.1" 302 0
INFO [GET] method: 2021-04-09 23:54:35 ,ip: 127.0.0.1,	path: /detail/MyPassword/256/,	user_id: 2,	sesion_id: lbt0y51g7r8f6udkzdf3yfa1zlbyof3l	
INFO "GET /detail/MyPassword/256/ HTTP/1.1" 200 39614
INFO [GET] method: 2021-04-09 23:54:36 ,ip: 127.0.0.1,	path: /favicon.ico,	user_id: 2,	sesion_id: lbt0y51g7r8f6udkzdf3yfa1zlbyof3l	
ERROR Internal Server Error: /favicon.ico
Traceback (most recent call last):
  File "G:\venv\lib\site-packages\django\core\handlers\exception.py", line 47, in inner
    response = get_response(request)
  File "G:\venv\lib\site-packages\django\utils\deprecation.py", line 116, in __call__
    response = self.process_response(request, response)
  File "G:\myERP\functions\logger.py", line 82, in process_response
    print(self.permission_check(request.user,request.resolver_match.url_name))
AttributeError: 'NoneType' object has no attribute 'url_name'
ERROR "GET /favicon.ico HTTP/1.1" 500 66015
INFO [GET] method: 2021-04-09 23:54:43 ,ip: 127.0.0.1,	path: /list/Person/,	user_id: 2,	sesion_id: lbt0y51g7r8f6udkzdf3yfa1zlbyof3l	
INFO "GET /list/Person/ HTTP/1.1" 200 370696
INFO [GET] method: 2021-04-09 23:54:46 ,ip: 127.0.0.1,	path: /favicon.ico,	user_id: 2,	sesion_id: lbt0y51g7r8f6udkzdf3yfa1zlbyof3l	
ERROR Internal Server Error: /favicon.ico
Traceback (most recent call last):
  File "G:\venv\lib\site-packages\django\core\handlers\exception.py", line 47, in inner
    response = get_response(request)
  File "G:\venv\lib\site-packages\django\utils\deprecation.py", line 116, in __call__
    response = self.process_response(request, response)
  File "G:\myERP\functions\logger.py", line 82, in process_response
    print(self.permission_check(request.user,request.resolver_match.url_name))
AttributeError: 'NoneType' object has no attribute 'url_name'
ERROR "GET /favicon.ico HTTP/1.1" 500 66005
INFO [GET] method: 2021-04-09 23:55:04 ,ip: 127.0.0.1,	path: /add/Person/,	user_id: 2,	sesion_id: lbt0y51g7r8f6udkzdf3yfa1zlbyof3l	
INFO "GET /add/Person/ HTTP/1.1" 200 41908
INFO [GET] method: 2021-04-09 23:55:04 ,ip: 127.0.0.1,	path: /favicon.ico,	user_id: 2,	sesion_id: lbt0y51g7r8f6udkzdf3yfa1zlbyof3l	
ERROR Internal Server Error: /favicon.ico
Traceback (most recent call last):
  File "G:\venv\lib\site-packages\django\core\handlers\exception.py", line 47, in inner
    response = get_response(request)
  File "G:\venv\lib\site-packages\django\utils\deprecation.py", line 116, in __call__
    response = self.process_response(request, response)
  File "G:\myERP\functions\logger.py", line 82, in process_response
    print(self.permission_check(request.user,request.resolver_match.url_name))
AttributeError: 'NoneType' object has no attribute 'url_name'
ERROR "GET /favicon.ico HTTP/1.1" 500 66004
INFO [POST] method: 2021-04-09 23:55:37 ,ip: 127.0.0.1,	path: /add/Person/,	user_id: 2,	sesion_id: lbt0y51g7r8f6udkzdf3yfa1zlbyof3l	
INFO "POST /add/Person/ HTTP/1.1" 302 0
INFO [GET] method: 2021-04-09 23:55:38 ,ip: 127.0.0.1,	path: /detail/Person/1040/,	user_id: 2,	sesion_id: lbt0y51g7r8f6udkzdf3yfa1zlbyof3l	
INFO "GET /detail/Person/1040/ HTTP/1.1" 200 48319
INFO [GET] method: 2021-04-09 23:55:39 ,ip: 127.0.0.1,	path: /favicon.ico,	user_id: 2,	sesion_id: lbt0y51g7r8f6udkzdf3yfa1zlbyof3l	
ERROR Internal Server Error: /favicon.ico
Traceback (most recent call last):
  File "G:\venv\lib\site-packages\django\core\handlers\exception.py", line 47, in inner
    response = get_response(request)
  File "G:\venv\lib\site-packages\django\utils\deprecation.py", line 116, in __call__
    response = self.process_response(request, response)
  File "G:\myERP\functions\logger.py", line 82, in process_response
    print(self.permission_check(request.user,request.resolver_match.url_name))
AttributeError: 'NoneType' object has no attribute 'url_name'
ERROR "GET /favicon.ico HTTP/1.1" 500 66012
INFO [GET] method: 2021-04-09 23:55:43 ,ip: 127.0.0.1,	path: /add/PersonPhone/,	user_id: 2,	sesion_id: lbt0y51g7r8f6udkzdf3yfa1zlbyof3l	
INFO "GET /add/PersonPhone/?person=1040 HTTP/1.1" 200 65280
INFO [GET] method: 2021-04-09 23:55:46 ,ip: 127.0.0.1,	path: /favicon.ico,	user_id: 2,	sesion_id: lbt0y51g7r8f6udkzdf3yfa1zlbyof3l	
ERROR Internal Server Error: /favicon.ico
Traceback (most recent call last):
  File "G:\venv\lib\site-packages\django\core\handlers\exception.py", line 47, in inner
    response = get_response(request)
  File "G:\venv\lib\site-packages\django\utils\deprecation.py", line 116, in __call__
    response = self.process_response(request, response)
  File "G:\myERP\functions\logger.py", line 82, in process_response
    print(self.permission_check(request.user,request.resolver_match.url_name))
AttributeError: 'NoneType' object has no attribute 'url_name'
ERROR "GET /favicon.ico HTTP/1.1" 500 66021
INFO [GET] method: 2021-04-09 23:55:56 ,ip: 127.0.0.1,	path: /list/PersonPhone/,	user_id: 2,	sesion_id: lbt0y51g7r8f6udkzdf3yfa1zlbyof3l	
INFO "GET /list/PersonPhone/ HTTP/1.1" 200 128161
INFO [GET] method: 2021-04-09 23:55:57 ,ip: 127.0.0.1,	path: /favicon.ico,	user_id: 2,	sesion_id: lbt0y51g7r8f6udkzdf3yfa1zlbyof3l	
ERROR Internal Server Error: /favicon.ico
Traceback (most recent call last):
  File "G:\venv\lib\site-packages\django\core\handlers\exception.py", line 47, in inner
    response = get_response(request)
  File "G:\venv\lib\site-packages\django\utils\deprecation.py", line 116, in __call__
    response = self.process_response(request, response)
  File "G:\myERP\functions\logger.py", line 82, in process_response
    print(self.permission_check(request.user,request.resolver_match.url_name))
AttributeError: 'NoneType' object has no attribute 'url_name'
ERROR "GET /favicon.ico HTTP/1.1" 500 66010
INFO [POST] method: 2021-04-09 23:56:00 ,ip: 127.0.0.1,	path: /add/PersonPhone/,	user_id: 2,	sesion_id: lbt0y51g7r8f6udkzdf3yfa1zlbyof3l	
INFO "POST /add/PersonPhone/?person=1040 HTTP/1.1" 302 0
INFO [GET] method: 2021-04-09 23:56:01 ,ip: 127.0.0.1,	path: /detail/PersonPhone/2303/,	user_id: 2,	sesion_id: lbt0y51g7r8f6udkzdf3yfa1zlbyof3l	
INFO "GET /detail/PersonPhone/2303/ HTTP/1.1" 200 36796
INFO [GET] method: 2021-04-09 23:56:02 ,ip: 127.0.0.1,	path: /favicon.ico,	user_id: 2,	sesion_id: lbt0y51g7r8f6udkzdf3yfa1zlbyof3l	
ERROR Internal Server Error: /favicon.ico
Traceback (most recent call last):
  File "G:\venv\lib\site-packages\django\core\handlers\exception.py", line 47, in inner
    response = get_response(request)
  File "G:\venv\lib\site-packages\django\utils\deprecation.py", line 116, in __call__
    response = self.process_response(request, response)
  File "G:\myERP\functions\logger.py", line 82, in process_response
    print(self.permission_check(request.user,request.resolver_match.url_name))
AttributeError: 'NoneType' object has no attribute 'url_name'
ERROR "GET /favicon.ico HTTP/1.1" 500 66017
INFO "GET /detail/Person/1040 HTTP/1.1" 301 0
INFO [GET] method: 2021-04-09 23:56:55 ,ip: 127.0.0.1,	path: /detail/Person/1040/,	user_id: 2,	sesion_id: lbt0y51g7r8f6udkzdf3yfa1zlbyof3l	
INFO "GET /detail/Person/1040/ HTTP/1.1" 200 48417
INFO [GET] method: 2021-04-09 23:56:56 ,ip: 127.0.0.1,	path: /add/Person/,	user_id: 2,	sesion_id: lbt0y51g7r8f6udkzdf3yfa1zlbyof3l	
INFO [GET] method: 2021-04-09 23:56:56 ,ip: 127.0.0.1,	path: /favicon.ico,	user_id: 2,	sesion_id: lbt0y51g7r8f6udkzdf3yfa1zlbyof3l	
ERROR Internal Server Error: /favicon.ico
Traceback (most recent call last):
  File "G:\venv\lib\site-packages\django\core\handlers\exception.py", line 47, in inner
    response = get_response(request)
  File "G:\venv\lib\site-packages\django\utils\deprecation.py", line 116, in __call__
    response = self.process_response(request, response)
  File "G:\myERP\functions\logger.py", line 82, in process_response
    print(self.permission_check(request.user,request.resolver_match.url_name))
AttributeError: 'NoneType' object has no attribute 'url_name'
ERROR "GET /favicon.ico HTTP/1.1" 500 66012
INFO "GET /add/Person/ HTTP/1.1" 200 41908
INFO [GET] method: 2021-04-09 23:56:57 ,ip: 127.0.0.1,	path: /favicon.ico,	user_id: 2,	sesion_id: lbt0y51g7r8f6udkzdf3yfa1zlbyof3l	
ERROR Internal Server Error: /favicon.ico
Traceback (most recent call last):
  File "G:\venv\lib\site-packages\django\core\handlers\exception.py", line 47, in inner
    response = get_response(request)
  File "G:\venv\lib\site-packages\django\utils\deprecation.py", line 116, in __call__
    response = self.process_response(request, response)
  File "G:\myERP\functions\logger.py", line 82, in process_response
    print(self.permission_check(request.user,request.resolver_match.url_name))
AttributeError: 'NoneType' object has no attribute 'url_name'
ERROR "GET /favicon.ico HTTP/1.1" 500 66004
INFO [POST] method: 2021-04-09 23:57:21 ,ip: 127.0.0.1,	path: /add/Person/,	user_id: 2,	sesion_id: lbt0y51g7r8f6udkzdf3yfa1zlbyof3l	
INFO "POST /add/Person/ HTTP/1.1" 302 0
INFO [GET] method: 2021-04-09 23:57:22 ,ip: 127.0.0.1,	path: /detail/Person/1041/,	user_id: 2,	sesion_id: lbt0y51g7r8f6udkzdf3yfa1zlbyof3l	
INFO "GET /detail/Person/1041/ HTTP/1.1" 200 48294
INFO [GET] method: 2021-04-09 23:57:24 ,ip: 127.0.0.1,	path: /favicon.ico,	user_id: 2,	sesion_id: lbt0y51g7r8f6udkzdf3yfa1zlbyof3l	
ERROR Internal Server Error: /favicon.ico
Traceback (most recent call last):
  File "G:\venv\lib\site-packages\django\core\handlers\exception.py", line 47, in inner
    response = get_response(request)
  File "G:\venv\lib\site-packages\django\utils\deprecation.py", line 116, in __call__
    response = self.process_response(request, response)
  File "G:\myERP\functions\logger.py", line 82, in process_response
    print(self.permission_check(request.user,request.resolver_match.url_name))
AttributeError: 'NoneType' object has no attribute 'url_name'
ERROR "GET /favicon.ico HTTP/1.1" 500 66012
INFO [GET] method: 2021-04-09 23:57:24 ,ip: 127.0.0.1,	path: /add/PersonPhone/,	user_id: 2,	sesion_id: lbt0y51g7r8f6udkzdf3yfa1zlbyof3l	
INFO "GET /add/PersonPhone/?person=1041 HTTP/1.1" 200 65320
INFO [GET] method: 2021-04-09 23:57:25 ,ip: 127.0.0.1,	path: /favicon.ico,	user_id: 2,	sesion_id: lbt0y51g7r8f6udkzdf3yfa1zlbyof3l	
ERROR Internal Server Error: /favicon.ico
Traceback (most recent call last):
  File "G:\venv\lib\site-packages\django\core\handlers\exception.py", line 47, in inner
    response = get_response(request)
  File "G:\venv\lib\site-packages\django\utils\deprecation.py", line 116, in __call__
    response = self.process_response(request, response)
  File "G:\myERP\functions\logger.py", line 82, in process_response
    print(self.permission_check(request.user,request.resolver_match.url_name))
AttributeError: 'NoneType' object has no attribute 'url_name'
ERROR "GET /favicon.ico HTTP/1.1" 500 66021
INFO "GET /static/plugins/bootstrap/js/bootstrap.bundle.min.js.map HTTP/1.1" 200 318045
INFO "GET /static/dist/js/adminlte.min.js.map HTTP/1.1" 200 82896
INFO "GET /static/dist/css/adminlte.min.css.map HTTP/1.1" 200 1483310
INFO [POST] method: 2021-04-09 23:57:36 ,ip: 127.0.0.1,	path: /add/PersonPhone/,	user_id: 2,	sesion_id: lbt0y51g7r8f6udkzdf3yfa1zlbyof3l	
INFO "POST /add/PersonPhone/?person=1041 HTTP/1.1" 302 0
INFO [GET] method: 2021-04-09 23:57:37 ,ip: 127.0.0.1,	path: /detail/PersonPhone/2304/,	user_id: 2,	sesion_id: lbt0y51g7r8f6udkzdf3yfa1zlbyof3l	
INFO "GET /detail/PersonPhone/2304/ HTTP/1.1" 200 36790
INFO [GET] method: 2021-04-09 23:57:37 ,ip: 127.0.0.1,	path: /favicon.ico,	user_id: 2,	sesion_id: lbt0y51g7r8f6udkzdf3yfa1zlbyof3l	
ERROR Internal Server Error: /favicon.ico
Traceback (most recent call last):
  File "G:\venv\lib\site-packages\django\core\handlers\exception.py", line 47, in inner
    response = get_response(request)
  File "G:\venv\lib\site-packages\django\utils\deprecation.py", line 116, in __call__
    response = self.process_response(request, response)
  File "G:\myERP\functions\logger.py", line 82, in process_response
    print(self.permission_check(request.user,request.resolver_match.url_name))
AttributeError: 'NoneType' object has no attribute 'url_name'
ERROR "GET /favicon.ico HTTP/1.1" 500 66017
INFO [GET] method: 2021-04-09 23:57:39 ,ip: 127.0.0.1,	path: /home/,	user_id: 2,	sesion_id: lbt0y51g7r8f6udkzdf3yfa1zlbyof3l	
INFO "GET /home/ HTTP/1.1" 200 220327
INFO [GET] method: 2021-04-09 23:57:41 ,ip: 127.0.0.1,	path: /favicon.ico,	user_id: 2,	sesion_id: lbt0y51g7r8f6udkzdf3yfa1zlbyof3l	
ERROR Internal Server Error: /favicon.ico
Traceback (most recent call last):
  File "G:\venv\lib\site-packages\django\core\handlers\exception.py", line 47, in inner
    response = get_response(request)
  File "G:\venv\lib\site-packages\django\utils\deprecation.py", line 116, in __call__
    response = self.process_response(request, response)
  File "G:\myERP\functions\logger.py", line 82, in process_response
    print(self.permission_check(request.user,request.resolver_match.url_name))
AttributeError: 'NoneType' object has no attribute 'url_name'
ERROR "GET /favicon.ico HTTP/1.1" 500 65998
INFO [GET] method: 2021-04-09 23:57:41 ,ip: 127.0.0.1,	path: /financial/get_report_data/,	user_id: 2,	sesion_id: lbt0y51g7r8f6udkzdf3yfa1zlbyof3l	
INFO "GET /financial/get_report_data/?period=30&m_name=Account&field=name HTTP/1.1" 200 503
